<?xml version="1.0" encoding="UTF-8"?>
<testsuite xmlns:xsi="http://www.w3.org/2001/XMLSchema-instance" xsi:noNamespaceSchemaLocation="https://maven.apache.org/surefire/maven-surefire-plugin/xsd/surefire-test-report-3.0.xsd" version="3.0" name="com.example.demo.DemoApplicationTests" time="2.635" tests="1" errors="0" skipped="0" failures="0">
  <properties>
[...]
</properties>
  <testcase name="contextLoads" classname="com.example.demo.DemoApplicationTests" time="0.004">
    <system-out><![CDATA[2024-04-28T14:42:09.253-04:00 DEBUG 7452 --- [           main] .b.t.c.SpringBootTestContextBootstrapper : Neither @ContextConfiguration nor @ContextHierarchy found for test class [DemoApplicationTests]: using SpringBootContextLoader
2024-04-28T14:42:09.253-04:00 DEBUG 7452 --- [           main] o.s.t.c.support.AbstractContextLoader    : Could not detect default resource locations for test class [com.example.demo.DemoApplicationTests]: no resource found for suffixes {-context.xml, Context.groovy}.
2024-04-28T14:42:09.253-04:00  INFO 7452 --- [           main] t.c.s.AnnotationConfigContextLoaderUtils : Could not detect default configuration classes for test class [com.example.demo.DemoApplicationTests]: DemoApplicationTests does not declare any static, non-private, non-final, nested classes annotated with @Configuration.
2024-04-28T14:42:09.254-04:00 DEBUG 7452 --- [           main] .b.t.c.SpringBootTestContextBootstrapper : Using ContextCustomizerFactory implementations for test class [DemoApplicationTests]: [ImportsContextCustomizerFactory, ExcludeFilterContextCustomizerFactory, HttpGraphQlTesterContextCustomizerFactory, DuplicateJsonObjectContextCustomizerFactory, MockitoContextCustomizerFactory, TestRestTemplateContextCustomizerFactory, WebTestClientContextCustomizerFactory, OverrideAutoConfigurationContextCustomizerFactory, ObservabilityContextCustomizerFactory, TypeExcludeFiltersContextCustomizerFactory, PropertyMappingContextCustomizerFactory, WebDriverContextCustomizerFactory, MockServerContainerContextCustomizerFactory, DynamicPropertiesContextCustomizerFactory]
2024-04-28T14:42:09.256-04:00 DEBUG 7452 --- [           main] .b.t.c.SpringBootTestContextBootstrapper : Using ContextCustomizers for test class [DemoApplicationTests]: [ExcludeFilterContextCustomizer, DuplicateJsonObjectContextCustomizer, MockitoContextCustomizer, TestRestTemplateContextCustomizer, DisableObservabilityContextCustomizer, PropertyMappingContextCustomizer, WebDriverContextCustomizer]
2024-04-28T14:42:09.262-04:00 DEBUG 7452 --- [           main] ssPathScanningCandidateComponentProvider : Identified candidate component class: file [C:\Users\PC Gio\Documents\GitHub\sumativa2_microservicio_B\demo\target\classes\com\example\demo\DemoApplication.class]
2024-04-28T14:42:09.262-04:00  INFO 7452 --- [           main] .b.t.c.SpringBootTestContextBootstrapper : Found @SpringBootConfiguration com.example.demo.DemoApplication for test class com.example.demo.DemoApplicationTests
2024-04-28T14:42:09.266-04:00 DEBUG 7452 --- [           main] .s.t.c.u.TestContextSpringFactoriesUtils : Skipping candidate TestExecutionListener [org.springframework.test.context.observation.MicrometerObservationRegistryTestExecutionListener] due to a missing dependency. Specify custom TestExecutionListener classes or make the default TestExecutionListener classes and their required dependencies available. Offending class: io.micrometer.context.ThreadLocalAccessor. MicrometerObservationRegistryTestExecutionListener requires io.micrometer:micrometer-observation:1.10.8 or higher and io.micrometer:context-propagation:1.0.3 or higher.
2024-04-28T14:42:09.267-04:00 DEBUG 7452 --- [           main] .b.t.c.SpringBootTestContextBootstrapper : Using TestExecutionListeners for test class [DemoApplicationTests]: [ServletTestExecutionListener, DirtiesContextBeforeModesTestExecutionListener, ApplicationEventsTestExecutionListener, MockitoTestExecutionListener, DependencyInjectionTestExecutionListener, DirtiesContextTestExecutionListener, TransactionalTestExecutionListener, SqlScriptsTestExecutionListener, EventPublishingTestExecutionListener, ResetMocksTestExecutionListener, RestDocsTestExecutionListener, MockRestServiceServerResetTestExecutionListener, MockMvcPrintOnlyOnFailureTestExecutionListener, WebDriverTestExecutionListener, MockWebServiceServerTestExecutionListener]
2024-04-28T14:42:09.267-04:00 DEBUG 7452 --- [           main] sContextBeforeModesTestExecutionListener : Before test class: class [DemoApplicationTests], class annotated with @DirtiesContext [false] with mode [null]
2024-04-28T14:42:09.269-04:00  INFO 7452 --- [           main] o.s.b.d.r.RestartApplicationListener     : Restart disabled due to context in which it is running
2024-04-28T14:42:09.289-04:00 DEBUG 7452 --- [           main] .s.b.w.s.c.ApplicationServletEnvironment : Activating profiles []

  .   ____          _            __ _ _
 /\\ / ___'_ __ _ _(_)_ __  __ _ \ \ \ \
( ( )\___ | '_ | '_| | '_ \/ _` | \ \ \ \
 \\/  ___)| |_)| | | | | || (_| |  ) ) ) )
  '  |____| .__|_| |_|_| |_\__, | / / / /
 =========|_|==============|___/=/_/_/_/
 :: Spring Boot ::                (v3.2.4)

2024-04-28T14:42:09.293-04:00  INFO 7452 --- [           main] com.example.demo.DemoApplicationTests    : Starting DemoApplicationTests using Java 21.0.2 with PID 7452 (started by PC Gio in C:\Users\PC Gio\Documents\GitHub\sumativa2_microservicio_B\demo)
2024-04-28T14:42:09.294-04:00  INFO 7452 --- [           main] com.example.demo.DemoApplicationTests    : No active profile set, falling back to 1 default profile: "default"
2024-04-28T14:42:09.294-04:00 DEBUG 7452 --- [           main] o.s.boot.SpringApplication               : Loading source class com.example.demo.DemoApplication
2024-04-28T14:42:09.295-04:00 DEBUG 7452 --- [           main] o.s.w.c.s.GenericWebApplicationContext   : Refreshing org.springframework.web.context.support.GenericWebApplicationContext@5855b0ed
2024-04-28T14:42:09.296-04:00 DEBUG 7452 --- [           main] o.s.b.f.s.DefaultListableBeanFactory     : Creating shared instance of singleton bean 'org.springframework.context.annotation.internalConfigurationAnnotationProcessor'
2024-04-28T14:42:09.296-04:00 DEBUG 7452 --- [           main] o.s.b.f.s.DefaultListableBeanFactory     : Creating shared instance of singleton bean 'org.springframework.boot.autoconfigure.internalCachingMetadataReaderFactory'
2024-04-28T14:42:09.305-04:00 DEBUG 7452 --- [           main] o.s.c.a.ClassPathBeanDefinitionScanner   : Identified candidate component class: file [C:\Users\PC Gio\Documents\GitHub\sumativa2_microservicio_B\demo\target\classes\com\example\demo\controller\ConsultaMedicaController.class]
2024-04-28T14:42:09.307-04:00 DEBUG 7452 --- [           main] o.s.c.a.ClassPathBeanDefinitionScanner   : Identified candidate component class: file [C:\Users\PC Gio\Documents\GitHub\sumativa2_microservicio_B\demo\target\classes\com\example\demo\controller\PacienteController.class]
2024-04-28T14:42:09.308-04:00 DEBUG 7452 --- [           main] o.s.c.a.ClassPathBeanDefinitionScanner   : Identified candidate component class: file [C:\Users\PC Gio\Documents\GitHub\sumativa2_microservicio_B\demo\target\classes\com\example\demo\service\ConsultaMedicaServiceImpl.class]
2024-04-28T14:42:09.309-04:00 DEBUG 7452 --- [           main] o.s.c.a.ClassPathBeanDefinitionScanner   : Identified candidate component class: file [C:\Users\PC Gio\Documents\GitHub\sumativa2_microservicio_B\demo\target\classes\com\example\demo\service\PacienteServiceImpl.class]
2024-04-28T14:42:09.522-04:00  INFO 7452 --- [           main] .s.d.r.c.RepositoryConfigurationDelegate : Bootstrapping Spring Data JPA repositories in DEFAULT mode.
2024-04-28T14:42:09.526-04:00 DEBUG 7452 --- [           main] o.s.b.f.s.DefaultListableBeanFactory     : Creating shared instance of singleton bean 'org.springframework.boot.autoconfigure.AutoConfigurationPackages'
2024-04-28T14:42:09.526-04:00 DEBUG 7452 --- [           main] o.s.b.a.AutoConfigurationPackages        : @EnableAutoConfiguration was declared on a class in the package 'com.example.demo'. Automatic @Repository and @Entity scanning is enabled.
2024-04-28T14:42:09.526-04:00 DEBUG 7452 --- [           main] .s.d.r.c.RepositoryConfigurationDelegate : Scanning for JPA repositories in packages com.example.demo.
2024-04-28T14:42:09.533-04:00 DEBUG 7452 --- [           main] o.s.d.r.c.RepositoryComponentProvider    : Identified candidate component class: file [C:\Users\PC Gio\Documents\GitHub\sumativa2_microservicio_B\demo\target\classes\com\example\demo\repository\ConsultaMedicaRepository.class]
2024-04-28T14:42:09.533-04:00 DEBUG 7452 --- [           main] o.s.d.r.c.RepositoryComponentProvider    : Identified candidate component class: file [C:\Users\PC Gio\Documents\GitHub\sumativa2_microservicio_B\demo\target\classes\com\example\demo\repository\PacienteRepository.class]
2024-04-28T14:42:09.550-04:00 DEBUG 7452 --- [           main] ssPathScanningCandidateComponentProvider : Identified candidate component class: file [C:\Users\PC Gio\Documents\GitHub\sumativa2_microservicio_B\demo\target\classes\com\example\demo\service\ConsultaMedicaServiceImpl.class]
2024-04-28T14:42:09.550-04:00 DEBUG 7452 --- [           main] ssPathScanningCandidateComponentProvider : Identified candidate component class: file [C:\Users\PC Gio\Documents\GitHub\sumativa2_microservicio_B\demo\target\classes\com\example\demo\service\PacienteServiceImpl.class]
2024-04-28T14:42:09.557-04:00  INFO 7452 --- [           main] .s.d.r.c.RepositoryConfigurationDelegate : Finished Spring Data repository scanning in 29 ms. Found 2 JPA repository interfaces.
2024-04-28T14:42:09.607-04:00 DEBUG 7452 --- [           main] o.s.b.f.s.DefaultListableBeanFactory     : Creating shared instance of singleton bean 'propertySourcesPlaceholderConfigurer'
2024-04-28T14:42:09.610-04:00 DEBUG 7452 --- [           main] o.s.b.f.s.DefaultListableBeanFactory     : Creating shared instance of singleton bean 'org.springframework.boot.test.mock.mockito.MockitoPostProcessor'
2024-04-28T14:42:09.611-04:00 DEBUG 7452 --- [           main] o.s.b.f.s.DefaultListableBeanFactory     : Creating shared instance of singleton bean 'emBeanDefinitionRegistrarPostProcessor'
2024-04-28T14:42:09.611-04:00 DEBUG 7452 --- [           main] o.s.b.f.s.DefaultListableBeanFactory     : Creating shared instance of singleton bean 'org.springframework.boot.sql.init.dependency.DatabaseInitializationDependencyConfigurer$DependsOnDatabaseInitializationPostProcessor'
2024-04-28T14:42:09.631-04:00 DEBUG 7452 --- [           main] o.s.b.f.s.DefaultListableBeanFactory     : Creating shared instance of singleton bean 'org.springframework.context.event.internalEventListenerProcessor'
2024-04-28T14:42:09.631-04:00 DEBUG 7452 --- [           main] o.s.b.f.s.DefaultListableBeanFactory     : Creating shared instance of singleton bean 'preserveErrorControllerTargetClassPostProcessor'
2024-04-28T14:42:09.631-04:00 DEBUG 7452 --- [           main] o.s.b.f.s.DefaultListableBeanFactory     : Creating shared instance of singleton bean 'org.springframework.context.event.internalEventListenerFactory'
2024-04-28T14:42:09.631-04:00 DEBUG 7452 --- [           main] o.s.b.f.s.DefaultListableBeanFactory     : Creating shared instance of singleton bean 'org.springframework.transaction.config.internalTransactionalEventListenerFactory'
2024-04-28T14:42:09.632-04:00 DEBUG 7452 --- [           main] o.s.b.f.s.DefaultListableBeanFactory     : Creating shared instance of singleton bean 'org.springframework.boot.test.mock.mockito.MockitoPostProcessor$SpyPostProcessor'
2024-04-28T14:42:09.632-04:00 DEBUG 7452 --- [           main] o.s.b.f.s.DefaultListableBeanFactory     : Creating shared instance of singleton bean 'org.springframework.context.annotation.internalAutowiredAnnotationProcessor'
2024-04-28T14:42:09.633-04:00 DEBUG 7452 --- [           main] o.s.b.f.s.DefaultListableBeanFactory     : Creating shared instance of singleton bean 'org.springframework.context.annotation.internalCommonAnnotationProcessor'
2024-04-28T14:42:09.633-04:00 DEBUG 7452 --- [           main] o.s.b.f.s.DefaultListableBeanFactory     : Creating shared instance of singleton bean 'org.springframework.context.annotation.internalPersistenceAnnotationProcessor'
2024-04-28T14:42:09.633-04:00 DEBUG 7452 --- [           main] o.s.b.f.s.DefaultListableBeanFactory     : Creating shared instance of singleton bean 'org.springframework.boot.context.properties.ConfigurationPropertiesBindingPostProcessor'
2024-04-28T14:42:09.633-04:00 DEBUG 7452 --- [           main] o.s.b.f.s.DefaultListableBeanFactory     : Creating shared instance of singleton bean 'org.springframework.boot.context.internalConfigurationPropertiesBinder'
2024-04-28T14:42:09.633-04:00 DEBUG 7452 --- [           main] o.s.b.f.s.DefaultListableBeanFactory     : Creating shared instance of singleton bean 'jdbcConnectionDetailsHikariBeanPostProcessor'
2024-04-28T14:42:09.633-04:00 DEBUG 7452 --- [           main] o.s.b.f.s.DefaultListableBeanFactory     : Creating shared instance of singleton bean 'methodValidationPostProcessor'
2024-04-28T14:42:09.638-04:00 DEBUG 7452 --- [           main] o.s.b.f.s.DefaultListableBeanFactory     : Autowiring by type from bean name 'methodValidationPostProcessor' via factory method to bean named 'environment'
2024-04-28T14:42:09.639-04:00 DEBUG 7452 --- [           main] o.s.b.f.s.DefaultListableBeanFactory     : Creating shared instance of singleton bean 'org.springframework.boot.context.properties.EnableConfigurationPropertiesRegistrar.methodValidationExcludeFilter'
2024-04-28T14:42:09.639-04:00 DEBUG 7452 --- [           main] o.s.b.f.s.DefaultListableBeanFactory     : Creating shared instance of singleton bean 'org.springframework.aop.config.internalAutoProxyCreator'
2024-04-28T14:42:09.648-04:00 DEBUG 7452 --- [           main] o.s.b.f.s.DefaultListableBeanFactory     : Creating shared instance of singleton bean 'persistenceExceptionTranslationPostProcessor'
2024-04-28T14:42:09.649-04:00 DEBUG 7452 --- [           main] o.s.b.f.s.DefaultListableBeanFactory     : Autowiring by type from bean name 'persistenceExceptionTranslationPostProcessor' via factory method to bean named 'environment'
2024-04-28T14:42:09.651-04:00 DEBUG 7452 --- [           main] o.s.b.f.s.DefaultListableBeanFactory     : Creating shared instance of singleton bean 'webServerFactoryCustomizerBeanPostProcessor'
2024-04-28T14:42:09.651-04:00 DEBUG 7452 --- [           main] o.s.b.f.s.DefaultListableBeanFactory     : Creating shared instance of singleton bean 'errorPageRegistrarBeanPostProcessor'
2024-04-28T14:42:09.651-04:00 DEBUG 7452 --- [           main] o.s.b.f.s.DefaultListableBeanFactory     : Creating shared instance of singleton bean 'projectingArgumentResolverBeanPostProcessor'
2024-04-28T14:42:09.652-04:00 DEBUG 7452 --- [           main] o.s.b.f.s.DefaultListableBeanFactory     : Creating shared instance of singleton bean 'org.springframework.transaction.config.internalTransactionAdvisor'
2024-04-28T14:42:09.652-04:00 DEBUG 7452 --- [           main] o.s.b.f.s.DefaultListableBeanFactory     : Creating shared instance of singleton bean 'org.springframework.transaction.annotation.ProxyTransactionManagementConfiguration'
2024-04-28T14:42:09.655-04:00 DEBUG 7452 --- [           main] o.s.b.f.s.DefaultListableBeanFactory     : Creating shared instance of singleton bean 'transactionAttributeSource'
2024-04-28T14:42:09.656-04:00 DEBUG 7452 --- [           main] o.s.b.f.s.DefaultListableBeanFactory     : Creating shared instance of singleton bean 'transactionInterceptor'
2024-04-28T14:42:09.656-04:00 DEBUG 7452 --- [           main] o.s.b.f.s.DefaultListableBeanFactory     : Autowiring by type from bean name 'transactionInterceptor' via factory method to bean named 'transactionAttributeSource'
2024-04-28T14:42:09.660-04:00 DEBUG 7452 --- [           main] o.s.b.f.s.DefaultListableBeanFactory     : Autowiring by type from bean name 'org.springframework.transaction.config.internalTransactionAdvisor' via factory method to bean named 'transactionAttributeSource'
2024-04-28T14:42:09.660-04:00 DEBUG 7452 --- [           main] o.s.b.f.s.DefaultListableBeanFactory     : Autowiring by type from bean name 'org.springframework.transaction.config.internalTransactionAdvisor' via factory method to bean named 'transactionInterceptor'
2024-04-28T14:42:09.662-04:00 DEBUG 7452 --- [           main] o.s.b.f.s.DefaultListableBeanFactory     : Creating shared instance of singleton bean 'hypermediaRepresentionModelProcessorConfigurator'
2024-04-28T14:42:09.663-04:00 DEBUG 7452 --- [           main] o.s.b.f.s.DefaultListableBeanFactory     : Creating shared instance of singleton bean 'hypermediaRestTemplateBeanPostProcessor'
2024-04-28T14:42:09.663-04:00 DEBUG 7452 --- [           main] o.s.u.c.s.UiApplicationContextUtils      : Unable to locate ThemeSource with name 'themeSource': using default [org.springframework.ui.context.support.ResourceBundleThemeSource@5c60f096]
2024-04-28T14:42:09.664-04:00 DEBUG 7452 --- [           main] o.s.b.f.s.DefaultListableBeanFactory     : Creating shared instance of singleton bean 'dataSourceScriptDatabaseInitializer'
2024-04-28T14:42:09.664-04:00 DEBUG 7452 --- [           main] o.s.b.f.s.DefaultListableBeanFactory     : Creating shared instance of singleton bean 'org.springframework.boot.autoconfigure.sql.init.DataSourceInitializationConfiguration'
2024-04-28T14:42:09.664-04:00 DEBUG 7452 --- [           main] o.s.b.f.s.DefaultListableBeanFactory     : Creating shared instance of singleton bean 'dataSource'
2024-04-28T14:42:09.664-04:00 DEBUG 7452 --- [           main] o.s.b.f.s.DefaultListableBeanFactory     : Creating shared instance of singleton bean 'org.springframework.boot.autoconfigure.jdbc.DataSourceConfiguration$Hikari'
2024-04-28T14:42:09.665-04:00 DEBUG 7452 --- [           main] o.s.b.f.s.DefaultListableBeanFactory     : Creating shared instance of singleton bean 'spring.datasource-org.springframework.boot.autoconfigure.jdbc.DataSourceProperties'
2024-04-28T14:42:09.665-04:00 DEBUG 7452 --- [           main] o.s.b.f.s.DefaultListableBeanFactory     : Creating shared instance of singleton bean 'org.springframework.boot.context.properties.BoundConfigurationProperties'
2024-04-28T14:42:09.674-04:00 DEBUG 7452 --- [           main] o.s.b.f.s.DefaultListableBeanFactory     : Creating shared instance of singleton bean 'jdbcConnectionDetails'
2024-04-28T14:42:09.674-04:00 DEBUG 7452 --- [           main] o.s.b.f.s.DefaultListableBeanFactory     : Creating shared instance of singleton bean 'org.springframework.boot.autoconfigure.jdbc.DataSourceAutoConfiguration$PooledDataSourceConfiguration'
2024-04-28T14:42:09.675-04:00 DEBUG 7452 --- [           main] o.s.b.f.s.DefaultListableBeanFactory     : Autowiring by type from bean name 'jdbcConnectionDetails' via factory method to bean named 'spring.datasource-org.springframework.boot.autoconfigure.jdbc.DataSourceProperties'
2024-04-28T14:42:09.676-04:00 DEBUG 7452 --- [           main] o.s.b.f.s.DefaultListableBeanFactory     : Autowiring by type from bean name 'dataSource' via factory method to bean named 'spring.datasource-org.springframework.boot.autoconfigure.jdbc.DataSourceProperties'
2024-04-28T14:42:09.676-04:00 DEBUG 7452 --- [           main] o.s.b.f.s.DefaultListableBeanFactory     : Autowiring by type from bean name 'dataSource' via factory method to bean named 'jdbcConnectionDetails'
2024-04-28T14:42:09.799-04:00 DEBUG 7452 --- [           main] o.s.b.f.s.DefaultListableBeanFactory     : Creating shared instance of singleton bean 'spring.sql.init-org.springframework.boot.autoconfigure.sql.init.SqlInitializationProperties'
2024-04-28T14:42:09.801-04:00 DEBUG 7452 --- [           main] o.s.b.f.s.DefaultListableBeanFactory     : Autowiring by type from bean name 'dataSourceScriptDatabaseInitializer' via factory method to bean named 'dataSource'
2024-04-28T14:42:09.802-04:00 DEBUG 7452 --- [           main] o.s.b.f.s.DefaultListableBeanFactory     : Autowiring by type from bean name 'dataSourceScriptDatabaseInitializer' via factory method to bean named 'spring.sql.init-org.springframework.boot.autoconfigure.sql.init.SqlInitializationProperties'
2024-04-28T14:42:09.807-04:00 DEBUG 7452 --- [           main] o.s.b.f.s.DefaultListableBeanFactory     : Creating shared instance of singleton bean 'entityManagerFactory'
2024-04-28T14:42:09.807-04:00 DEBUG 7452 --- [           main] o.s.b.f.s.DefaultListableBeanFactory     : Creating shared instance of singleton bean 'org.springframework.boot.autoconfigure.orm.jpa.HibernateJpaConfiguration'
2024-04-28T14:42:09.808-04:00 DEBUG 7452 --- [           main] o.s.b.f.s.DefaultListableBeanFactory     : Creating shared instance of singleton bean 'spring.jpa-org.springframework.boot.autoconfigure.orm.jpa.JpaProperties'
2024-04-28T14:42:09.811-04:00 DEBUG 7452 --- [           main] o.s.b.f.s.DefaultListableBeanFactory     : Creating shared instance of singleton bean 'spring.jpa.hibernate-org.springframework.boot.autoconfigure.orm.jpa.HibernateProperties'
2024-04-28T14:42:09.812-04:00 DEBUG 7452 --- [           main] o.s.b.f.s.DefaultListableBeanFactory     : Autowiring by type from bean name 'org.springframework.boot.autoconfigure.orm.jpa.HibernateJpaConfiguration' via constructor to bean named 'dataSource'
2024-04-28T14:42:09.812-04:00 DEBUG 7452 --- [           main] o.s.b.f.s.DefaultListableBeanFactory     : Autowiring by type from bean name 'org.springframework.boot.autoconfigure.orm.jpa.HibernateJpaConfiguration' via constructor to bean named 'spring.jpa-org.springframework.boot.autoconfigure.orm.jpa.JpaProperties'
2024-04-28T14:42:09.812-04:00 DEBUG 7452 --- [           main] o.s.b.f.s.DefaultListableBeanFactory     : Autowiring by type from bean name 'org.springframework.boot.autoconfigure.orm.jpa.HibernateJpaConfiguration' via constructor to bean named 'org.springframework.beans.factory.support.DefaultListableBeanFactory@37caecda'
2024-04-28T14:42:09.812-04:00 DEBUG 7452 --- [           main] o.s.b.f.s.DefaultListableBeanFactory     : Autowiring by type from bean name 'org.springframework.boot.autoconfigure.orm.jpa.HibernateJpaConfiguration' via constructor to bean named 'spring.jpa.hibernate-org.springframework.boot.autoconfigure.orm.jpa.HibernateProperties'
2024-04-28T14:42:09.815-04:00 DEBUG 7452 --- [           main] o.s.b.f.s.DefaultListableBeanFactory     : Creating shared instance of singleton bean 'hikariPoolDataSourceMetadataProvider'
2024-04-28T14:42:09.815-04:00 DEBUG 7452 --- [           main] o.s.b.f.s.DefaultListableBeanFactory     : Creating shared instance of singleton bean 'org.springframework.boot.autoconfigure.jdbc.metadata.DataSourcePoolMetadataProvidersConfiguration$HikariPoolDataSourceMetadataProviderConfiguration'
2024-04-28T14:42:09.818-04:00 DEBUG 7452 --- [           main] o.s.b.f.s.DefaultListableBeanFactory     : Creating shared instance of singleton bean 'entityManagerFactoryBuilder'
2024-04-28T14:42:09.819-04:00 DEBUG 7452 --- [           main] o.s.b.f.s.DefaultListableBeanFactory     : Creating shared instance of singleton bean 'jpaVendorAdapter'
2024-04-28T14:42:09.828-04:00 DEBUG 7452 --- [           main] o.s.b.f.s.DefaultListableBeanFactory     : Autowiring by type from bean name 'entityManagerFactoryBuilder' via factory method to bean named 'jpaVendorAdapter'
2024-04-28T14:42:09.832-04:00 DEBUG 7452 --- [           main] o.s.b.f.s.DefaultListableBeanFactory     : Creating shared instance of singleton bean 'persistenceManagedTypes'
2024-04-28T14:42:09.832-04:00 DEBUG 7452 --- [           main] o.s.b.f.s.DefaultListableBeanFactory     : Autowiring by type from bean name 'persistenceManagedTypes' via factory method to bean named 'org.springframework.beans.factory.support.DefaultListableBeanFactory@37caecda'
2024-04-28T14:42:09.832-04:00 DEBUG 7452 --- [           main] o.s.b.f.s.DefaultListableBeanFactory     : Autowiring by type from bean name 'persistenceManagedTypes' via factory method to bean named 'org.springframework.web.context.support.GenericWebApplicationContext@5855b0ed'
2024-04-28T14:42:09.838-04:00 DEBUG 7452 --- [           main] o.s.b.f.s.DefaultListableBeanFactory     : Autowiring by type from bean name 'entityManagerFactory' via factory method to bean named 'entityManagerFactoryBuilder'
2024-04-28T14:42:09.838-04:00 DEBUG 7452 --- [           main] o.s.b.f.s.DefaultListableBeanFactory     : Autowiring by type from bean name 'entityManagerFactory' via factory method to bean named 'persistenceManagedTypes'
2024-04-28T14:42:09.852-04:00 DEBUG 7452 --- [           main] j.LocalContainerEntityManagerFactoryBean : Building JPA container EntityManagerFactory for persistence unit 'default'
2024-04-28T14:42:09.872-04:00 DEBUG 7452 --- [           main] o.hibernate.jpa.internal.util.LogHelper  : PersistenceUnitInfo [
	name: default
	persistence provider classname: null
	classloader: jdk.internal.loader.ClassLoaders$AppClassLoader@70dea4e
	excludeUnlistedClasses: true
	JTA datasource: null
	Non JTA datasource: HikariDataSource (null)
	Transaction type: RESOURCE_LOCAL
	PU root URL: file:/C:/Users/PC%20Gio/Documents/GitHub/sumativa2_microservicio_B/demo/target/test-classes/
	Shared Cache Mode: UNSPECIFIED
	Validation Mode: AUTO
	Jar files URLs []
	Managed classes names [
		com.example.demo.model.ConsultaMedica
		com.example.demo.model.Paciente]
	Mapping files names []
	Properties []
2024-04-28T14:42:09.889-04:00 DEBUG 7452 --- [           main] o.h.i.internal.IntegratorServiceImpl     : Adding Integrator [org.hibernate.boot.beanvalidation.BeanValidationIntegrator].
2024-04-28T14:42:09.890-04:00 DEBUG 7452 --- [           main] o.h.i.internal.IntegratorServiceImpl     : Adding Integrator [org.hibernate.cache.internal.CollectionCacheInvalidator].
2024-04-28T14:42:09.926-04:00  INFO 7452 --- [           main] org.hibernate.Version                    : HHH000412: Hibernate ORM core version 6.4.4.Final
2024-04-28T14:42:09.927-04:00 DEBUG 7452 --- [           main] org.hibernate.cfg.Environment            : HHH000206: 'hibernate.properties' not found
2024-04-28T14:42:09.942-04:00 DEBUG 7452 --- [           main] org.hibernate.orm.idgen.factory          : Registering IdentifierGenerator strategy [uuid2] -> [org.hibernate.id.UUIDGenerator]
2024-04-28T14:42:09.942-04:00 DEBUG 7452 --- [           main] org.hibernate.orm.idgen.factory          : Registering IdentifierGenerator strategy [guid] -> [org.hibernate.id.GUIDGenerator]
2024-04-28T14:42:09.942-04:00 DEBUG 7452 --- [           main] org.hibernate.orm.idgen.factory          : Registering IdentifierGenerator strategy [uuid] -> [org.hibernate.id.UUIDHexGenerator]
2024-04-28T14:42:09.942-04:00 DEBUG 7452 --- [           main] org.hibernate.orm.idgen.factory          : Registering IdentifierGenerator strategy [uuid.hex] -> [org.hibernate.id.UUIDHexGenerator]
2024-04-28T14:42:09.943-04:00 DEBUG 7452 --- [           main] org.hibernate.orm.idgen.factory          : Registering IdentifierGenerator strategy [assigned] -> [org.hibernate.id.Assigned]
2024-04-28T14:42:09.943-04:00 DEBUG 7452 --- [           main] org.hibernate.orm.idgen.factory          : Registering IdentifierGenerator strategy [identity] -> [org.hibernate.id.IdentityGenerator]
2024-04-28T14:42:09.943-04:00 DEBUG 7452 --- [           main] org.hibernate.orm.idgen.factory          : Registering IdentifierGenerator strategy [select] -> [org.hibernate.id.SelectGenerator]
2024-04-28T14:42:09.944-04:00 DEBUG 7452 --- [           main] org.hibernate.orm.idgen.factory          : Registering IdentifierGenerator strategy [sequence] -> [org.hibernate.id.enhanced.SequenceStyleGenerator]
2024-04-28T14:42:09.945-04:00 DEBUG 7452 --- [           main] org.hibernate.orm.idgen.factory          : Registering IdentifierGenerator strategy [increment] -> [org.hibernate.id.IncrementGenerator]
2024-04-28T14:42:09.945-04:00 DEBUG 7452 --- [           main] org.hibernate.orm.idgen.factory          : Registering IdentifierGenerator strategy [foreign] -> [org.hibernate.id.ForeignGenerator]
2024-04-28T14:42:09.945-04:00 DEBUG 7452 --- [           main] org.hibernate.orm.idgen.factory          : Registering IdentifierGenerator strategy [enhanced-sequence] -> [org.hibernate.id.enhanced.SequenceStyleGenerator]
2024-04-28T14:42:09.946-04:00 DEBUG 7452 --- [           main] org.hibernate.orm.idgen.factory          : Registering IdentifierGenerator strategy [enhanced-table] -> [org.hibernate.id.enhanced.TableGenerator]
2024-04-28T14:42:09.949-04:00 DEBUG 7452 --- [           main] o.h.c.internal.RegionFactoryInitiator    : Cannot default RegionFactory based on registered strategies as `[]` RegionFactory strategies were registered
2024-04-28T14:42:09.949-04:00  INFO 7452 --- [           main] o.h.c.internal.RegionFactoryInitiator    : HHH000026: Second-level cache disabled
2024-04-28T14:42:09.995-04:00 DEBUG 7452 --- [           main] org.hibernate.type.BasicTypeRegistry     : Adding type registration boolean -> org.hibernate.type.BasicTypeReference@350be5ec
2024-04-28T14:42:09.995-04:00 DEBUG 7452 --- [           main] org.hibernate.type.BasicTypeRegistry     : Adding type registration boolean -> org.hibernate.type.BasicTypeReference@350be5ec
2024-04-28T14:42:09.995-04:00 DEBUG 7452 --- [           main] org.hibernate.type.BasicTypeRegistry     : Adding type registration java.lang.Boolean -> org.hibernate.type.BasicTypeReference@350be5ec
2024-04-28T14:42:09.995-04:00 DEBUG 7452 --- [           main] org.hibernate.type.BasicTypeRegistry     : Adding type registration numeric_boolean -> org.hibernate.type.BasicTypeReference@478cebdb
2024-04-28T14:42:09.995-04:00 DEBUG 7452 --- [           main] org.hibernate.type.BasicTypeRegistry     : Adding type registration org.hibernate.type.NumericBooleanConverter -> org.hibernate.type.BasicTypeReference@478cebdb
2024-04-28T14:42:09.995-04:00 DEBUG 7452 --- [           main] org.hibernate.type.BasicTypeRegistry     : Adding type registration true_false -> org.hibernate.type.BasicTypeReference@5464aeec
2024-04-28T14:42:09.995-04:00 DEBUG 7452 --- [           main] org.hibernate.type.BasicTypeRegistry     : Adding type registration org.hibernate.type.TrueFalseConverter -> org.hibernate.type.BasicTypeReference@5464aeec
2024-04-28T14:42:09.995-04:00 DEBUG 7452 --- [           main] org.hibernate.type.BasicTypeRegistry     : Adding type registration yes_no -> org.hibernate.type.BasicTypeReference@1b3a95d9
2024-04-28T14:42:09.995-04:00 DEBUG 7452 --- [           main] org.hibernate.type.BasicTypeRegistry     : Adding type registration org.hibernate.type.YesNoConverter -> org.hibernate.type.BasicTypeReference@1b3a95d9
2024-04-28T14:42:09.995-04:00 DEBUG 7452 --- [           main] org.hibernate.type.BasicTypeRegistry     : Adding type registration byte -> org.hibernate.type.BasicTypeReference@71f437d7
2024-04-28T14:42:09.995-04:00 DEBUG 7452 --- [           main] org.hibernate.type.BasicTypeRegistry     : Adding type registration byte -> org.hibernate.type.BasicTypeReference@71f437d7
2024-04-28T14:42:09.995-04:00 DEBUG 7452 --- [           main] org.hibernate.type.BasicTypeRegistry     : Adding type registration java.lang.Byte -> org.hibernate.type.BasicTypeReference@71f437d7
2024-04-28T14:42:09.995-04:00 DEBUG 7452 --- [           main] org.hibernate.type.BasicTypeRegistry     : Adding type registration binary -> org.hibernate.type.BasicTypeReference@5186c801
2024-04-28T14:42:09.995-04:00 DEBUG 7452 --- [           main] org.hibernate.type.BasicTypeRegistry     : Adding type registration byte[] -> org.hibernate.type.BasicTypeReference@5186c801
2024-04-28T14:42:09.995-04:00 DEBUG 7452 --- [           main] org.hibernate.type.BasicTypeRegistry     : Adding type registration [B -> org.hibernate.type.BasicTypeReference@5186c801
2024-04-28T14:42:09.995-04:00 DEBUG 7452 --- [           main] org.hibernate.type.BasicTypeRegistry     : Adding type registration binary_wrapper -> org.hibernate.type.BasicTypeReference@20e41f13
2024-04-28T14:42:09.995-04:00 DEBUG 7452 --- [           main] org.hibernate.type.BasicTypeRegistry     : Adding type registration wrapper-binary -> org.hibernate.type.BasicTypeReference@20e41f13
2024-04-28T14:42:09.995-04:00 DEBUG 7452 --- [           main] org.hibernate.type.BasicTypeRegistry     : Adding type registration image -> org.hibernate.type.BasicTypeReference@6fbfd28b
2024-04-28T14:42:09.995-04:00 DEBUG 7452 --- [           main] org.hibernate.type.BasicTypeRegistry     : Adding type registration blob -> org.hibernate.type.BasicTypeReference@3fa50a24
2024-04-28T14:42:09.996-04:00 DEBUG 7452 --- [           main] org.hibernate.type.BasicTypeRegistry     : Adding type registration java.sql.Blob -> org.hibernate.type.BasicTypeReference@3fa50a24
2024-04-28T14:42:09.996-04:00 DEBUG 7452 --- [           main] org.hibernate.type.BasicTypeRegistry     : Adding type registration materialized_blob -> org.hibernate.type.BasicTypeReference@58041b11
2024-04-28T14:42:09.996-04:00 DEBUG 7452 --- [           main] org.hibernate.type.BasicTypeRegistry     : Adding type registration materialized_blob_wrapper -> org.hibernate.type.BasicTypeReference@58189b85
2024-04-28T14:42:09.996-04:00 DEBUG 7452 --- [           main] org.hibernate.type.BasicTypeRegistry     : Adding type registration short -> org.hibernate.type.BasicTypeReference@49222187
2024-04-28T14:42:09.996-04:00 DEBUG 7452 --- [           main] org.hibernate.type.BasicTypeRegistry     : Adding type registration short -> org.hibernate.type.BasicTypeReference@49222187
2024-04-28T14:42:09.996-04:00 DEBUG 7452 --- [           main] org.hibernate.type.BasicTypeRegistry     : Adding type registration java.lang.Short -> org.hibernate.type.BasicTypeReference@49222187
2024-04-28T14:42:09.996-04:00 DEBUG 7452 --- [           main] org.hibernate.type.BasicTypeRegistry     : Adding type registration integer -> org.hibernate.type.BasicTypeReference@5e41e6ad
2024-04-28T14:42:09.996-04:00 DEBUG 7452 --- [           main] org.hibernate.type.BasicTypeRegistry     : Adding type registration int -> org.hibernate.type.BasicTypeReference@5e41e6ad
2024-04-28T14:42:09.996-04:00 DEBUG 7452 --- [           main] org.hibernate.type.BasicTypeRegistry     : Adding type registration java.lang.Integer -> org.hibernate.type.BasicTypeReference@5e41e6ad
2024-04-28T14:42:09.996-04:00 DEBUG 7452 --- [           main] org.hibernate.type.BasicTypeRegistry     : Adding type registration long -> org.hibernate.type.BasicTypeReference@2665a2e7
2024-04-28T14:42:09.996-04:00 DEBUG 7452 --- [           main] org.hibernate.type.BasicTypeRegistry     : Adding type registration long -> org.hibernate.type.BasicTypeReference@2665a2e7
2024-04-28T14:42:09.996-04:00 DEBUG 7452 --- [           main] org.hibernate.type.BasicTypeRegistry     : Adding type registration java.lang.Long -> org.hibernate.type.BasicTypeReference@2665a2e7
2024-04-28T14:42:09.996-04:00 DEBUG 7452 --- [           main] org.hibernate.type.BasicTypeRegistry     : Adding type registration float -> org.hibernate.type.BasicTypeReference@3abdc11d
2024-04-28T14:42:09.996-04:00 DEBUG 7452 --- [           main] org.hibernate.type.BasicTypeRegistry     : Adding type registration float -> org.hibernate.type.BasicTypeReference@3abdc11d
2024-04-28T14:42:09.996-04:00 DEBUG 7452 --- [           main] org.hibernate.type.BasicTypeRegistry     : Adding type registration java.lang.Float -> org.hibernate.type.BasicTypeReference@3abdc11d
2024-04-28T14:42:09.996-04:00 DEBUG 7452 --- [           main] org.hibernate.type.BasicTypeRegistry     : Adding type registration double -> org.hibernate.type.BasicTypeReference@624be1d4
2024-04-28T14:42:09.996-04:00 DEBUG 7452 --- [           main] org.hibernate.type.BasicTypeRegistry     : Adding type registration double -> org.hibernate.type.BasicTypeReference@624be1d4
2024-04-28T14:42:09.996-04:00 DEBUG 7452 --- [           main] org.hibernate.type.BasicTypeRegistry     : Adding type registration java.lang.Double -> org.hibernate.type.BasicTypeReference@624be1d4
2024-04-28T14:42:09.996-04:00 DEBUG 7452 --- [           main] org.hibernate.type.BasicTypeRegistry     : Adding type registration big_integer -> org.hibernate.type.BasicTypeReference@336e17be
2024-04-28T14:42:09.996-04:00 DEBUG 7452 --- [           main] org.hibernate.type.BasicTypeRegistry     : Adding type registration java.math.BigInteger -> org.hibernate.type.BasicTypeReference@336e17be
2024-04-28T14:42:09.996-04:00 DEBUG 7452 --- [           main] org.hibernate.type.BasicTypeRegistry     : Adding type registration big_decimal -> org.hibernate.type.BasicTypeReference@3897f9ae
2024-04-28T14:42:09.996-04:00 DEBUG 7452 --- [           main] org.hibernate.type.BasicTypeRegistry     : Adding type registration java.math.BigDecimal -> org.hibernate.type.BasicTypeReference@3897f9ae
2024-04-28T14:42:09.996-04:00 DEBUG 7452 --- [           main] org.hibernate.type.BasicTypeRegistry     : Adding type registration character -> org.hibernate.type.BasicTypeReference@6c767288
2024-04-28T14:42:09.996-04:00 DEBUG 7452 --- [           main] org.hibernate.type.BasicTypeRegistry     : Adding type registration char -> org.hibernate.type.BasicTypeReference@6c767288
2024-04-28T14:42:09.996-04:00 DEBUG 7452 --- [           main] org.hibernate.type.BasicTypeRegistry     : Adding type registration java.lang.Character -> org.hibernate.type.BasicTypeReference@6c767288
2024-04-28T14:42:09.996-04:00 DEBUG 7452 --- [           main] org.hibernate.type.BasicTypeRegistry     : Adding type registration character_nchar -> org.hibernate.type.BasicTypeReference@510e6b93
2024-04-28T14:42:09.996-04:00 DEBUG 7452 --- [           main] org.hibernate.type.BasicTypeRegistry     : Adding type registration string -> org.hibernate.type.BasicTypeReference@129e45eb
2024-04-28T14:42:09.996-04:00 DEBUG 7452 --- [           main] org.hibernate.type.BasicTypeRegistry     : Adding type registration java.lang.String -> org.hibernate.type.BasicTypeReference@129e45eb
2024-04-28T14:42:09.996-04:00 DEBUG 7452 --- [           main] org.hibernate.type.BasicTypeRegistry     : Adding type registration nstring -> org.hibernate.type.BasicTypeReference@15c3849f
2024-04-28T14:42:09.996-04:00 DEBUG 7452 --- [           main] org.hibernate.type.BasicTypeRegistry     : Adding type registration characters -> org.hibernate.type.BasicTypeReference@4a7e469d
2024-04-28T14:42:09.996-04:00 DEBUG 7452 --- [           main] org.hibernate.type.BasicTypeRegistry     : Adding type registration char[] -> org.hibernate.type.BasicTypeReference@4a7e469d
2024-04-28T14:42:09.996-04:00 DEBUG 7452 --- [           main] org.hibernate.type.BasicTypeRegistry     : Adding type registration [C -> org.hibernate.type.BasicTypeReference@4a7e469d
2024-04-28T14:42:09.996-04:00 DEBUG 7452 --- [           main] org.hibernate.type.BasicTypeRegistry     : Adding type registration wrapper-characters -> org.hibernate.type.BasicTypeReference@688efeb2
2024-04-28T14:42:09.996-04:00 DEBUG 7452 --- [           main] org.hibernate.type.BasicTypeRegistry     : Adding type registration text -> org.hibernate.type.BasicTypeReference@85f5f55
2024-04-28T14:42:09.996-04:00 DEBUG 7452 --- [           main] org.hibernate.type.BasicTypeRegistry     : Adding type registration ntext -> org.hibernate.type.BasicTypeReference@131c5bd
2024-04-28T14:42:09.996-04:00 DEBUG 7452 --- [           main] org.hibernate.type.BasicTypeRegistry     : Adding type registration clob -> org.hibernate.type.BasicTypeReference@394331a8
2024-04-28T14:42:09.996-04:00 DEBUG 7452 --- [           main] org.hibernate.type.BasicTypeRegistry     : Adding type registration java.sql.Clob -> org.hibernate.type.BasicTypeReference@394331a8
2024-04-28T14:42:09.996-04:00 DEBUG 7452 --- [           main] org.hibernate.type.BasicTypeRegistry     : Adding type registration nclob -> org.hibernate.type.BasicTypeReference@2627335c
2024-04-28T14:42:09.996-04:00 DEBUG 7452 --- [           main] org.hibernate.type.BasicTypeRegistry     : Adding type registration java.sql.NClob -> org.hibernate.type.BasicTypeReference@2627335c
2024-04-28T14:42:09.996-04:00 DEBUG 7452 --- [           main] org.hibernate.type.BasicTypeRegistry     : Adding type registration materialized_clob -> org.hibernate.type.BasicTypeReference@5470753a
2024-04-28T14:42:09.996-04:00 DEBUG 7452 --- [           main] org.hibernate.type.BasicTypeRegistry     : Adding type registration materialized_clob_char_array -> org.hibernate.type.BasicTypeReference@5b634e24
2024-04-28T14:42:09.996-04:00 DEBUG 7452 --- [           main] org.hibernate.type.BasicTypeRegistry     : Adding type registration materialized_clob_character_array -> org.hibernate.type.BasicTypeReference@7b0dfa91
2024-04-28T14:42:09.996-04:00 DEBUG 7452 --- [           main] org.hibernate.type.BasicTypeRegistry     : Adding type registration materialized_nclob -> org.hibernate.type.BasicTypeReference@642f8b7f
2024-04-28T14:42:09.996-04:00 DEBUG 7452 --- [           main] org.hibernate.type.BasicTypeRegistry     : Adding type registration materialized_nclob_character_array -> org.hibernate.type.BasicTypeReference@3321fb65
2024-04-28T14:42:09.996-04:00 DEBUG 7452 --- [           main] org.hibernate.type.BasicTypeRegistry     : Adding type registration materialized_nclob_char_array -> org.hibernate.type.BasicTypeReference@7272914b
2024-04-28T14:42:09.996-04:00 DEBUG 7452 --- [           main] org.hibernate.type.BasicTypeRegistry     : Adding type registration Duration -> org.hibernate.type.BasicTypeReference@663f24e6
2024-04-28T14:42:09.996-04:00 DEBUG 7452 --- [           main] org.hibernate.type.BasicTypeRegistry     : Adding type registration java.time.Duration -> org.hibernate.type.BasicTypeReference@663f24e6
2024-04-28T14:42:09.996-04:00 DEBUG 7452 --- [           main] org.hibernate.type.BasicTypeRegistry     : Adding type registration LocalDateTime -> org.hibernate.type.BasicTypeReference@7e532f2d
2024-04-28T14:42:09.996-04:00 DEBUG 7452 --- [           main] org.hibernate.type.BasicTypeRegistry     : Adding type registration java.time.LocalDateTime -> org.hibernate.type.BasicTypeReference@7e532f2d
2024-04-28T14:42:09.996-04:00 DEBUG 7452 --- [           main] org.hibernate.type.BasicTypeRegistry     : Adding type registration LocalDate -> org.hibernate.type.BasicTypeReference@42150951
2024-04-28T14:42:09.997-04:00 DEBUG 7452 --- [           main] org.hibernate.type.BasicTypeRegistry     : Adding type registration java.time.LocalDate -> org.hibernate.type.BasicTypeReference@42150951
2024-04-28T14:42:09.997-04:00 DEBUG 7452 --- [           main] org.hibernate.type.BasicTypeRegistry     : Adding type registration LocalTime -> org.hibernate.type.BasicTypeReference@248b2091
2024-04-28T14:42:09.997-04:00 DEBUG 7452 --- [           main] org.hibernate.type.BasicTypeRegistry     : Adding type registration java.time.LocalTime -> org.hibernate.type.BasicTypeReference@248b2091
2024-04-28T14:42:09.997-04:00 DEBUG 7452 --- [           main] org.hibernate.type.BasicTypeRegistry     : Adding type registration OffsetDateTime -> org.hibernate.type.BasicTypeReference@3b0c38f2
2024-04-28T14:42:09.997-04:00 DEBUG 7452 --- [           main] org.hibernate.type.BasicTypeRegistry     : Adding type registration java.time.OffsetDateTime -> org.hibernate.type.BasicTypeReference@3b0c38f2
2024-04-28T14:42:09.997-04:00 DEBUG 7452 --- [           main] org.hibernate.type.BasicTypeRegistry     : Adding type registration OffsetDateTimeWithTimezone -> org.hibernate.type.BasicTypeReference@5cc152f9
2024-04-28T14:42:09.997-04:00 DEBUG 7452 --- [           main] org.hibernate.type.BasicTypeRegistry     : Adding type registration OffsetDateTimeWithoutTimezone -> org.hibernate.type.BasicTypeReference@36f497b1
2024-04-28T14:42:09.997-04:00 DEBUG 7452 --- [           main] org.hibernate.type.BasicTypeRegistry     : Adding type registration OffsetTime -> org.hibernate.type.BasicTypeReference@4b86a656
2024-04-28T14:42:09.997-04:00 DEBUG 7452 --- [           main] org.hibernate.type.BasicTypeRegistry     : Adding type registration java.time.OffsetTime -> org.hibernate.type.BasicTypeReference@4b86a656
2024-04-28T14:42:09.997-04:00 DEBUG 7452 --- [           main] org.hibernate.type.BasicTypeRegistry     : Adding type registration OffsetTimeUtc -> org.hibernate.type.BasicTypeReference@1117cc7c
2024-04-28T14:42:09.997-04:00 DEBUG 7452 --- [           main] org.hibernate.type.BasicTypeRegistry     : Adding type registration OffsetTimeWithTimezone -> org.hibernate.type.BasicTypeReference@4797023d
2024-04-28T14:42:09.997-04:00 DEBUG 7452 --- [           main] org.hibernate.type.BasicTypeRegistry     : Adding type registration OffsetTimeWithoutTimezone -> org.hibernate.type.BasicTypeReference@2b06f498
2024-04-28T14:42:09.997-04:00 DEBUG 7452 --- [           main] org.hibernate.type.BasicTypeRegistry     : Adding type registration ZonedDateTime -> org.hibernate.type.BasicTypeReference@4ddb9a8
2024-04-28T14:42:09.997-04:00 DEBUG 7452 --- [           main] org.hibernate.type.BasicTypeRegistry     : Adding type registration java.time.ZonedDateTime -> org.hibernate.type.BasicTypeReference@4ddb9a8
2024-04-28T14:42:09.997-04:00 DEBUG 7452 --- [           main] org.hibernate.type.BasicTypeRegistry     : Adding type registration ZonedDateTimeWithTimezone -> org.hibernate.type.BasicTypeReference@7b24d5e4
2024-04-28T14:42:09.997-04:00 DEBUG 7452 --- [           main] org.hibernate.type.BasicTypeRegistry     : Adding type registration ZonedDateTimeWithoutTimezone -> org.hibernate.type.BasicTypeReference@4c3c31a5
2024-04-28T14:42:09.997-04:00 DEBUG 7452 --- [           main] org.hibernate.type.BasicTypeRegistry     : Adding type registration date -> org.hibernate.type.BasicTypeReference@5002be8e
2024-04-28T14:42:09.997-04:00 DEBUG 7452 --- [           main] org.hibernate.type.BasicTypeRegistry     : Adding type registration java.sql.Date -> org.hibernate.type.BasicTypeReference@5002be8e
2024-04-28T14:42:09.997-04:00 DEBUG 7452 --- [           main] org.hibernate.type.BasicTypeRegistry     : Adding type registration time -> org.hibernate.type.BasicTypeReference@39fb5ddf
2024-04-28T14:42:09.997-04:00 DEBUG 7452 --- [           main] org.hibernate.type.BasicTypeRegistry     : Adding type registration java.sql.Time -> org.hibernate.type.BasicTypeReference@39fb5ddf
2024-04-28T14:42:09.997-04:00 DEBUG 7452 --- [           main] org.hibernate.type.BasicTypeRegistry     : Adding type registration timestamp -> org.hibernate.type.BasicTypeReference@642d34f1
2024-04-28T14:42:09.997-04:00 DEBUG 7452 --- [           main] org.hibernate.type.BasicTypeRegistry     : Adding type registration java.sql.Timestamp -> org.hibernate.type.BasicTypeReference@642d34f1
2024-04-28T14:42:09.997-04:00 DEBUG 7452 --- [           main] org.hibernate.type.BasicTypeRegistry     : Adding type registration java.util.Date -> org.hibernate.type.BasicTypeReference@642d34f1
2024-04-28T14:42:09.997-04:00 DEBUG 7452 --- [           main] org.hibernate.type.BasicTypeRegistry     : Adding type registration calendar -> org.hibernate.type.BasicTypeReference@49b180c8
2024-04-28T14:42:09.997-04:00 DEBUG 7452 --- [           main] org.hibernate.type.BasicTypeRegistry     : Adding type registration java.util.Calendar -> org.hibernate.type.BasicTypeReference@49b180c8
2024-04-28T14:42:09.997-04:00 DEBUG 7452 --- [           main] org.hibernate.type.BasicTypeRegistry     : Adding type registration java.util.GregorianCalendar -> org.hibernate.type.BasicTypeReference@49b180c8
2024-04-28T14:42:09.997-04:00 DEBUG 7452 --- [           main] org.hibernate.type.BasicTypeRegistry     : Adding type registration calendar_date -> org.hibernate.type.BasicTypeReference@c02a1be
2024-04-28T14:42:09.997-04:00 DEBUG 7452 --- [           main] org.hibernate.type.BasicTypeRegistry     : Adding type registration calendar_time -> org.hibernate.type.BasicTypeReference@6f740044
2024-04-28T14:42:09.997-04:00 DEBUG 7452 --- [           main] org.hibernate.type.BasicTypeRegistry     : Adding type registration instant -> org.hibernate.type.BasicTypeReference@62732be7
2024-04-28T14:42:09.997-04:00 DEBUG 7452 --- [           main] org.hibernate.type.BasicTypeRegistry     : Adding type registration java.time.Instant -> org.hibernate.type.BasicTypeReference@62732be7
2024-04-28T14:42:09.997-04:00 DEBUG 7452 --- [           main] org.hibernate.type.BasicTypeRegistry     : Adding type registration uuid -> org.hibernate.type.BasicTypeReference@278150a1
2024-04-28T14:42:09.997-04:00 DEBUG 7452 --- [           main] org.hibernate.type.BasicTypeRegistry     : Adding type registration java.util.UUID -> org.hibernate.type.BasicTypeReference@278150a1
2024-04-28T14:42:09.998-04:00 DEBUG 7452 --- [           main] org.hibernate.type.BasicTypeRegistry     : Adding type registration pg-uuid -> org.hibernate.type.BasicTypeReference@278150a1
2024-04-28T14:42:09.998-04:00 DEBUG 7452 --- [           main] org.hibernate.type.BasicTypeRegistry     : Adding type registration uuid-binary -> org.hibernate.type.BasicTypeReference@3e170abe
2024-04-28T14:42:09.998-04:00 DEBUG 7452 --- [           main] org.hibernate.type.BasicTypeRegistry     : Adding type registration uuid-char -> org.hibernate.type.BasicTypeReference@712e4b18
2024-04-28T14:42:09.998-04:00 DEBUG 7452 --- [           main] org.hibernate.type.BasicTypeRegistry     : Adding type registration class -> org.hibernate.type.BasicTypeReference@af96ac9
2024-04-28T14:42:09.998-04:00 DEBUG 7452 --- [           main] org.hibernate.type.BasicTypeRegistry     : Adding type registration java.lang.Class -> org.hibernate.type.BasicTypeReference@af96ac9
2024-04-28T14:42:09.998-04:00 DEBUG 7452 --- [           main] org.hibernate.type.BasicTypeRegistry     : Adding type registration currency -> org.hibernate.type.BasicTypeReference@27d0376f
2024-04-28T14:42:09.998-04:00 DEBUG 7452 --- [           main] org.hibernate.type.BasicTypeRegistry     : Adding type registration Currency -> org.hibernate.type.BasicTypeReference@27d0376f
2024-04-28T14:42:09.998-04:00 DEBUG 7452 --- [           main] org.hibernate.type.BasicTypeRegistry     : Adding type registration java.util.Currency -> org.hibernate.type.BasicTypeReference@27d0376f
2024-04-28T14:42:09.998-04:00 DEBUG 7452 --- [           main] org.hibernate.type.BasicTypeRegistry     : Adding type registration locale -> org.hibernate.type.BasicTypeReference@21948bd1
2024-04-28T14:42:09.998-04:00 DEBUG 7452 --- [           main] org.hibernate.type.BasicTypeRegistry     : Adding type registration java.util.Locale -> org.hibernate.type.BasicTypeReference@21948bd1
2024-04-28T14:42:09.998-04:00 DEBUG 7452 --- [           main] org.hibernate.type.BasicTypeRegistry     : Adding type registration serializable -> org.hibernate.type.BasicTypeReference@22617270
2024-04-28T14:42:09.998-04:00 DEBUG 7452 --- [           main] org.hibernate.type.BasicTypeRegistry     : Adding type registration java.io.Serializable -> org.hibernate.type.BasicTypeReference@22617270
2024-04-28T14:42:09.998-04:00 DEBUG 7452 --- [           main] org.hibernate.type.BasicTypeRegistry     : Adding type registration timezone -> org.hibernate.type.BasicTypeReference@630febd7
2024-04-28T14:42:09.998-04:00 DEBUG 7452 --- [           main] org.hibernate.type.BasicTypeRegistry     : Adding type registration java.util.TimeZone -> org.hibernate.type.BasicTypeReference@630febd7
2024-04-28T14:42:09.998-04:00 DEBUG 7452 --- [           main] org.hibernate.type.BasicTypeRegistry     : Adding type registration ZoneOffset -> org.hibernate.type.BasicTypeReference@45c2c396
2024-04-28T14:42:09.998-04:00 DEBUG 7452 --- [           main] org.hibernate.type.BasicTypeRegistry     : Adding type registration java.time.ZoneOffset -> org.hibernate.type.BasicTypeReference@45c2c396
2024-04-28T14:42:09.998-04:00 DEBUG 7452 --- [           main] org.hibernate.type.BasicTypeRegistry     : Adding type registration url -> org.hibernate.type.BasicTypeReference@408d12fc
2024-04-28T14:42:09.998-04:00 DEBUG 7452 --- [           main] org.hibernate.type.BasicTypeRegistry     : Adding type registration java.net.URL -> org.hibernate.type.BasicTypeReference@408d12fc
2024-04-28T14:42:09.998-04:00 DEBUG 7452 --- [           main] org.hibernate.type.BasicTypeRegistry     : Adding type registration vector -> org.hibernate.type.BasicTypeReference@69d61a6f
2024-04-28T14:42:09.998-04:00 DEBUG 7452 --- [           main] org.hibernate.type.BasicTypeRegistry     : Adding type registration row_version -> org.hibernate.type.BasicTypeReference@759b05d1
2024-04-28T14:42:10.004-04:00 DEBUG 7452 --- [           main] org.hibernate.type.BasicTypeRegistry     : Adding type registration object -> org.hibernate.type.JavaObjectType@2f82e3cf
2024-04-28T14:42:10.005-04:00 DEBUG 7452 --- [           main] org.hibernate.type.BasicTypeRegistry     : Adding type registration java.lang.Object -> org.hibernate.type.JavaObjectType@2f82e3cf
2024-04-28T14:42:10.006-04:00 DEBUG 7452 --- [           main] org.hibernate.type.BasicTypeRegistry     : Adding type registration null -> org.hibernate.type.NullType@153d14e3
2024-04-28T14:42:10.006-04:00 DEBUG 7452 --- [           main] org.hibernate.type.BasicTypeRegistry     : Adding type registration imm_date -> org.hibernate.type.BasicTypeReference@3b17759c
2024-04-28T14:42:10.006-04:00 DEBUG 7452 --- [           main] org.hibernate.type.BasicTypeRegistry     : Adding type registration imm_time -> org.hibernate.type.BasicTypeReference@11cdf948
2024-04-28T14:42:10.006-04:00 DEBUG 7452 --- [           main] org.hibernate.type.BasicTypeRegistry     : Adding type registration imm_timestamp -> org.hibernate.type.BasicTypeReference@523f3c29
2024-04-28T14:42:10.006-04:00 DEBUG 7452 --- [           main] org.hibernate.type.BasicTypeRegistry     : Adding type registration imm_calendar -> org.hibernate.type.BasicTypeReference@2fd8b081
2024-04-28T14:42:10.006-04:00 DEBUG 7452 --- [           main] org.hibernate.type.BasicTypeRegistry     : Adding type registration imm_calendar_date -> org.hibernate.type.BasicTypeReference@2fe38b73
2024-04-28T14:42:10.006-04:00 DEBUG 7452 --- [           main] org.hibernate.type.BasicTypeRegistry     : Adding type registration imm_calendar_time -> org.hibernate.type.BasicTypeReference@511a307e
2024-04-28T14:42:10.006-04:00 DEBUG 7452 --- [           main] org.hibernate.type.BasicTypeRegistry     : Adding type registration imm_binary -> org.hibernate.type.BasicTypeReference@7aef8000
2024-04-28T14:42:10.006-04:00 DEBUG 7452 --- [           main] org.hibernate.type.BasicTypeRegistry     : Adding type registration imm_serializable -> org.hibernate.type.BasicTypeReference@10d97b64
2024-04-28T14:42:10.011-04:00 DEBUG 7452 --- [           main] o.h.boot.internal.BootstrapContextImpl   : Injecting JPA temp ClassLoader [org.springframework.instrument.classloading.SimpleThrowawayClassLoader@779448b8] into BootstrapContext; was [null]
2024-04-28T14:42:10.011-04:00 DEBUG 7452 --- [           main] o.h.boot.internal.ClassLoaderAccessImpl  : ClassLoaderAccessImpl#injectTempClassLoader(org.springframework.instrument.classloading.SimpleThrowawayClassLoader@779448b8) [was null]
2024-04-28T14:42:10.011-04:00 DEBUG 7452 --- [           main] o.h.boot.internal.BootstrapContextImpl   : Injecting ScanEnvironment [org.hibernate.jpa.boot.internal.StandardJpaScanEnvironmentImpl@29d29657] into BootstrapContext; was [null]
2024-04-28T14:42:10.011-04:00 DEBUG 7452 --- [           main] o.h.boot.internal.BootstrapContextImpl   : Injecting ScanOptions [org.hibernate.boot.archive.scan.internal.StandardScanOptions@e0d9e3f] into BootstrapContext; was [org.hibernate.boot.archive.scan.internal.StandardScanOptions@516155b5]
2024-04-28T14:42:10.027-04:00  INFO 7452 --- [           main] o.s.o.j.p.SpringPersistenceUnitInfo      : No LoadTimeWeaver setup: ignoring JPA class transformer
2024-04-28T14:42:10.027-04:00 DEBUG 7452 --- [           main] o.h.boot.internal.BootstrapContextImpl   : Injecting JPA temp ClassLoader [null] into BootstrapContext; was [org.springframework.instrument.classloading.SimpleThrowawayClassLoader@779448b8]
2024-04-28T14:42:10.027-04:00 DEBUG 7452 --- [           main] o.h.boot.internal.ClassLoaderAccessImpl  : ClassLoaderAccessImpl#injectTempClassLoader(null) [was org.springframework.instrument.classloading.SimpleThrowawayClassLoader@779448b8]
2024-04-28T14:42:10.044-04:00  INFO 7452 --- [           main] com.zaxxer.hikari.HikariDataSource       : HikariPool-1 - Starting...
2024-04-28T14:42:10.046-04:00  WARN 7452 --- [           main] c.zaxxer.hikari.util.DriverDataSource    : Registered driver with driverClassName=oracle.jdbc.driver.OracleDriver was not found, trying direct instantiation.
2024-04-28T14:42:10.744-04:00  INFO 7452 --- [           main] com.zaxxer.hikari.pool.HikariPool        : HikariPool-1 - Added connection oracle.jdbc.driver.T4CConnection@1812b564
2024-04-28T14:42:10.746-04:00  INFO 7452 --- [           main] com.zaxxer.hikari.HikariDataSource       : HikariPool-1 - Start completed.
2024-04-28T14:42:10.748-04:00 DEBUG 7452 --- [           main] o.h.e.j.e.i.JdbcEnvironmentInitiator     : Database ->
       name : Oracle
    version : Oracle Database 19c Enterprise Edition Release 19.0.0.0.0 - Production
Version 19.23.0.1.0
      major : 19
      minor : 0
2024-04-28T14:42:10.748-04:00 DEBUG 7452 --- [           main] o.h.e.j.e.i.JdbcEnvironmentInitiator     : Driver ->
       name : Oracle JDBC driver
    version : 21.9.0.0.0
      major : 21
      minor : 9
2024-04-28T14:42:10.748-04:00 DEBUG 7452 --- [           main] o.h.e.j.e.i.JdbcEnvironmentInitiator     : JDBC version : 4.3
2024-04-28T14:42:10.837-04:00  WARN 7452 --- [           main] org.hibernate.orm.deprecation            : HHH90000025: OracleDialect does not need to be specified explicitly using 'hibernate.dialect' (remove the property setting and it will be selected by default)
2024-04-28T14:42:10.838-04:00 DEBUG 7452 --- [           main] org.hibernate.orm.dialect                : HHH035001: Using dialect: org.hibernate.dialect.OracleDialect, version: 19.0
2024-04-28T14:42:10.874-04:00 DEBUG 7452 --- [           main] o.h.t.d.jdbc.spi.JdbcTypeRegistry        : addDescriptor(NCharTypeDescriptor) replaced previous registration(CharTypeDescriptor)
2024-04-28T14:42:10.874-04:00 DEBUG 7452 --- [           main] o.h.t.d.jdbc.spi.JdbcTypeRegistry        : addDescriptor(NVarcharTypeDescriptor) replaced previous registration(VarcharTypeDescriptor)
2024-04-28T14:42:10.875-04:00 DEBUG 7452 --- [           main] o.h.t.d.jdbc.spi.JdbcTypeRegistry        : addDescriptor(LongNVarcharTypeDescriptor) replaced previous registration(LongVarcharTypeDescriptor)
2024-04-28T14:42:10.877-04:00 DEBUG 7452 --- [           main] o.h.t.d.jdbc.spi.JdbcTypeRegistry        : addDescriptor(NClobTypeDescriptor(DEFAULT)) replaced previous registration(ClobTypeDescriptor(DEFAULT))
2024-04-28T14:42:10.877-04:00 DEBUG 7452 --- [           main] o.h.t.d.jdbc.spi.JdbcTypeRegistry        : addDescriptor(2005, ClobTypeDescriptor(STREAM_BINDING)) replaced previous registration(ClobTypeDescriptor(DEFAULT))
2024-04-28T14:42:10.879-04:00 DEBUG 7452 --- [           main] o.h.t.d.jdbc.spi.JdbcTypeRegistry        : addDescriptor(BooleanTypeDescriptor) replaced previous registration(BooleanTypeDescriptor)
2024-04-28T14:42:10.891-04:00 DEBUG 7452 --- [           main] org.hibernate.type.BasicTypeRegistry     : Adding type registration null -> org.hibernate.type.NullType@1cb7f2fe
2024-04-28T14:42:10.891-04:00 DEBUG 7452 --- [           main] org.hibernate.type.BasicTypeRegistry     : Type registration key [null] overrode previous entry : `org.hibernate.type.NullType@153d14e3`
2024-04-28T14:42:10.892-04:00 DEBUG 7452 --- [           main] org.hibernate.type.BasicTypeRegistry     : Adding type registration JAVA_OBJECT -> org.hibernate.type.JavaObjectType@7da0587a
2024-04-28T14:42:10.892-04:00 DEBUG 7452 --- [           main] org.hibernate.type.BasicTypeRegistry     : Adding type registration java.lang.Object -> org.hibernate.type.JavaObjectType@7da0587a
2024-04-28T14:42:10.892-04:00 DEBUG 7452 --- [           main] org.hibernate.type.BasicTypeRegistry     : Type registration key [java.lang.Object] overrode previous entry : `org.hibernate.type.JavaObjectType@2f82e3cf`
2024-04-28T14:42:10.898-04:00 DEBUG 7452 --- [           main] org.hibernate.type.BasicTypeRegistry     : Adding type registration org.hibernate.type.DurationType -> basicType@1(java.time.Duration,3015)
2024-04-28T14:42:10.898-04:00 DEBUG 7452 --- [           main] org.hibernate.type.BasicTypeRegistry     : Adding type registration Duration -> basicType@1(java.time.Duration,3015)
2024-04-28T14:42:10.898-04:00 DEBUG 7452 --- [           main] org.hibernate.type.BasicTypeRegistry     : Adding type registration java.time.Duration -> basicType@1(java.time.Duration,3015)
2024-04-28T14:42:10.902-04:00 DEBUG 7452 --- [           main] o.h.type.spi.TypeConfiguration$Scope     : Scoping TypeConfiguration [org.hibernate.type.spi.TypeConfiguration@1a7f2d34] to MetadataBuildingContext [org.hibernate.boot.internal.MetadataBuildingContextRootImpl@23243bc0]
2024-04-28T14:42:10.929-04:00 DEBUG 7452 --- [           main] o.h.boot.model.relational.Namespace      : Created database namespace [logicalName=Name{catalog=null, schema=null}, physicalName=Name{catalog=null, schema=null}]
2024-04-28T14:42:10.947-04:00 DEBUG 7452 --- [           main] o.h.boot.model.internal.EntityBinder     : Binding entity from annotated class: com.example.demo.model.ConsultaMedica
2024-04-28T14:42:10.951-04:00 DEBUG 7452 --- [           main] o.h.boot.model.internal.EntityBinder     : Import with entity name ConsultaMedica
2024-04-28T14:42:10.956-04:00 DEBUG 7452 --- [           main] o.h.boot.model.internal.EntityBinder     : Bind entity com.example.demo.model.ConsultaMedica on table consulta_medica
2024-04-28T14:42:10.962-04:00 DEBUG 7452 --- [           main] o.h.boot.model.internal.AnnotatedColumn  : Binding column: AnnotatedDiscriminatorColumn(column='DTYPE')
2024-04-28T14:42:10.970-04:00 DEBUG 7452 --- [           main] o.h.boot.model.internal.AnnotatedColumn  : Binding column: AnnotatedColumn(column='id')
2024-04-28T14:42:10.971-04:00 DEBUG 7452 --- [           main] o.h.boot.internal.ClassLoaderAccessImpl  : Not known whether passed class name [com.example.demo.model.ConsultaMedica] is safe
2024-04-28T14:42:10.971-04:00 DEBUG 7452 --- [           main] o.h.boot.internal.ClassLoaderAccessImpl  : No temp ClassLoader provided; using live ClassLoader for loading potentially unsafe class : com.example.demo.model.ConsultaMedica
2024-04-28T14:42:10.973-04:00 DEBUG 7452 --- [           main] o.h.boot.model.internal.PropertyBinder   : MetadataSourceProcessor property id with lazy=false
2024-04-28T14:42:10.975-04:00 DEBUG 7452 --- [           main] o.h.b.m.internal.AbstractPropertyHolder  : Attempting to locate auto-apply AttributeConverter for property [com.example.demo.model.ConsultaMedica:id]
2024-04-28T14:42:10.976-04:00 DEBUG 7452 --- [           main] o.h.b.model.internal.BasicValueBinder    : building BasicValue for id
2024-04-28T14:42:10.977-04:00 DEBUG 7452 --- [           main] org.hibernate.mapping.BasicValue         : Skipping column re-registration: consulta_medica.id
2024-04-28T14:42:10.978-04:00 DEBUG 7452 --- [           main] o.h.boot.model.internal.PropertyBinder   : Building property id
2024-04-28T14:42:10.979-04:00 DEBUG 7452 --- [           main] o.h.boot.model.internal.BinderHelper     : #makeIdGenerator(BasicValue([Column(id)]), id, identity, , ...)
2024-04-28T14:42:10.980-04:00 DEBUG 7452 --- [           main] o.h.boot.model.internal.AnnotatedColumn  : Binding column: AnnotatedColumn(column='diagnostico')
2024-04-28T14:42:10.980-04:00 DEBUG 7452 --- [           main] o.h.boot.model.internal.PropertyBinder   : MetadataSourceProcessor property diagnostico with lazy=false
2024-04-28T14:42:10.980-04:00 DEBUG 7452 --- [           main] o.h.b.m.internal.AbstractPropertyHolder  : Attempting to locate auto-apply AttributeConverter for property [com.example.demo.model.ConsultaMedica:diagnostico]
2024-04-28T14:42:10.980-04:00 DEBUG 7452 --- [           main] o.h.b.model.internal.BasicValueBinder    : building BasicValue for diagnostico
2024-04-28T14:42:10.980-04:00 DEBUG 7452 --- [           main] org.hibernate.mapping.BasicValue         : Skipping column re-registration: consulta_medica.diagnostico
2024-04-28T14:42:10.980-04:00 DEBUG 7452 --- [           main] o.h.boot.model.internal.PropertyBinder   : Building property diagnostico
2024-04-28T14:42:10.980-04:00 DEBUG 7452 --- [           main] o.h.boot.model.internal.AnnotatedColumn  : Binding column: AnnotatedColumn(column='fecha')
2024-04-28T14:42:10.980-04:00 DEBUG 7452 --- [           main] o.h.boot.model.internal.PropertyBinder   : MetadataSourceProcessor property fecha with lazy=false
2024-04-28T14:42:10.980-04:00 DEBUG 7452 --- [           main] o.h.b.m.internal.AbstractPropertyHolder  : Attempting to locate auto-apply AttributeConverter for property [com.example.demo.model.ConsultaMedica:fecha]
2024-04-28T14:42:10.980-04:00 DEBUG 7452 --- [           main] o.h.b.model.internal.BasicValueBinder    : building BasicValue for fecha
2024-04-28T14:42:10.980-04:00 DEBUG 7452 --- [           main] org.hibernate.mapping.BasicValue         : Skipping column re-registration: consulta_medica.fecha
2024-04-28T14:42:10.981-04:00 DEBUG 7452 --- [           main] o.h.boot.model.internal.PropertyBinder   : Building property fecha
2024-04-28T14:42:10.981-04:00 DEBUG 7452 --- [           main] o.h.boot.model.internal.AnnotatedColumn  : Binding column: AnnotatedColumn(column='motivoConsulta')
2024-04-28T14:42:10.981-04:00 DEBUG 7452 --- [           main] o.h.boot.model.internal.PropertyBinder   : MetadataSourceProcessor property motivoConsulta with lazy=false
2024-04-28T14:42:10.981-04:00 DEBUG 7452 --- [           main] o.h.b.m.internal.AbstractPropertyHolder  : Attempting to locate auto-apply AttributeConverter for property [com.example.demo.model.ConsultaMedica:motivoConsulta]
2024-04-28T14:42:10.981-04:00 DEBUG 7452 --- [           main] o.h.b.model.internal.BasicValueBinder    : building BasicValue for motivoConsulta
2024-04-28T14:42:10.981-04:00 DEBUG 7452 --- [           main] org.hibernate.mapping.BasicValue         : Skipping column re-registration: consulta_medica.motivo_consulta
2024-04-28T14:42:10.981-04:00 DEBUG 7452 --- [           main] o.h.boot.model.internal.PropertyBinder   : Building property motivoConsulta
2024-04-28T14:42:10.981-04:00 DEBUG 7452 --- [           main] o.h.boot.model.internal.AnnotatedColumn  : Binding column: AnnotatedColumn(column='paciente_id')
2024-04-28T14:42:10.981-04:00 DEBUG 7452 --- [           main] o.h.boot.model.internal.PropertyBinder   : MetadataSourceProcessor property pacienteid with lazy=false
2024-04-28T14:42:10.981-04:00 DEBUG 7452 --- [           main] o.h.b.m.internal.AbstractPropertyHolder  : Attempting to locate auto-apply AttributeConverter for property [com.example.demo.model.ConsultaMedica:pacienteid]
2024-04-28T14:42:10.981-04:00 DEBUG 7452 --- [           main] o.h.b.model.internal.BasicValueBinder    : building BasicValue for pacienteid
2024-04-28T14:42:10.981-04:00 DEBUG 7452 --- [           main] org.hibernate.mapping.BasicValue         : Skipping column re-registration: consulta_medica.paciente_id
2024-04-28T14:42:10.981-04:00 DEBUG 7452 --- [           main] o.h.boot.model.internal.PropertyBinder   : Building property pacienteid
2024-04-28T14:42:10.982-04:00 DEBUG 7452 --- [           main] o.h.b.r.c.i.ClassLoaderServiceImpl       : HHH000194: Package not found or wo package-info.java: com.example.demo.model
2024-04-28T14:42:10.985-04:00 DEBUG 7452 --- [           main] o.h.boot.model.internal.EntityBinder     : Binding entity from annotated class: com.example.demo.model.Paciente
2024-04-28T14:42:10.985-04:00 DEBUG 7452 --- [           main] o.h.boot.model.internal.EntityBinder     : Import with entity name Paciente
2024-04-28T14:42:10.985-04:00 DEBUG 7452 --- [           main] o.h.boot.model.internal.EntityBinder     : Bind entity com.example.demo.model.Paciente on table paciente
2024-04-28T14:42:10.985-04:00 DEBUG 7452 --- [           main] o.h.boot.model.internal.AnnotatedColumn  : Binding column: AnnotatedDiscriminatorColumn(column='DTYPE')
2024-04-28T14:42:10.993-04:00 DEBUG 7452 --- [           main] o.h.boot.model.internal.AnnotatedColumn  : Binding column: AnnotatedColumn(column='id')
2024-04-28T14:42:10.993-04:00 DEBUG 7452 --- [           main] o.h.boot.internal.ClassLoaderAccessImpl  : Not known whether passed class name [com.example.demo.model.Paciente] is safe
2024-04-28T14:42:10.993-04:00 DEBUG 7452 --- [           main] o.h.boot.internal.ClassLoaderAccessImpl  : No temp ClassLoader provided; using live ClassLoader for loading potentially unsafe class : com.example.demo.model.Paciente
2024-04-28T14:42:10.993-04:00 DEBUG 7452 --- [           main] o.h.boot.model.internal.PropertyBinder   : MetadataSourceProcessor property id with lazy=false
2024-04-28T14:42:10.993-04:00 DEBUG 7452 --- [           main] o.h.b.m.internal.AbstractPropertyHolder  : Attempting to locate auto-apply AttributeConverter for property [com.example.demo.model.Paciente:id]
2024-04-28T14:42:10.993-04:00 DEBUG 7452 --- [           main] o.h.b.model.internal.BasicValueBinder    : building BasicValue for id
2024-04-28T14:42:10.993-04:00 DEBUG 7452 --- [           main] org.hibernate.mapping.BasicValue         : Skipping column re-registration: paciente.id
2024-04-28T14:42:10.993-04:00 DEBUG 7452 --- [           main] o.h.boot.model.internal.PropertyBinder   : Building property id
2024-04-28T14:42:10.993-04:00 DEBUG 7452 --- [           main] o.h.boot.model.internal.BinderHelper     : #makeIdGenerator(BasicValue([Column(id)]), id, identity, , ...)
2024-04-28T14:42:10.993-04:00 DEBUG 7452 --- [           main] o.h.boot.model.internal.AnnotatedColumn  : Binding column: AnnotatedColumn(column='apellido')
2024-04-28T14:42:10.993-04:00 DEBUG 7452 --- [           main] o.h.boot.model.internal.PropertyBinder   : MetadataSourceProcessor property apellido with lazy=false
2024-04-28T14:42:10.993-04:00 DEBUG 7452 --- [           main] o.h.b.m.internal.AbstractPropertyHolder  : Attempting to locate auto-apply AttributeConverter for property [com.example.demo.model.Paciente:apellido]
2024-04-28T14:42:10.993-04:00 DEBUG 7452 --- [           main] o.h.b.model.internal.BasicValueBinder    : building BasicValue for apellido
2024-04-28T14:42:10.993-04:00 DEBUG 7452 --- [           main] org.hibernate.mapping.BasicValue         : Skipping column re-registration: paciente.apellido
2024-04-28T14:42:10.993-04:00 DEBUG 7452 --- [           main] o.h.boot.model.internal.PropertyBinder   : Building property apellido
2024-04-28T14:42:10.994-04:00 DEBUG 7452 --- [           main] o.h.boot.model.internal.AnnotatedColumn  : Binding column: AnnotatedJoinColumn()
2024-04-28T14:42:10.995-04:00 DEBUG 7452 --- [           main] o.h.boot.model.internal.AnnotatedColumn  : Binding column: AnnotatedColumn()
2024-04-28T14:42:11.001-04:00 DEBUG 7452 --- [           main] o.h.boot.model.internal.AnnotatedColumn  : Binding column: IndexColumn(column='consultasMedicas_ORDER')
2024-04-28T14:42:11.003-04:00 DEBUG 7452 --- [           main] o.h.boot.model.internal.AnnotatedColumn  : Binding column: AnnotatedColumn()
2024-04-28T14:42:11.003-04:00 DEBUG 7452 --- [           main] o.h.boot.model.internal.AnnotatedColumn  : Binding column: AnnotatedColumn(column='consultasMedicas_KEY')
2024-04-28T14:42:11.003-04:00 DEBUG 7452 --- [           main] o.h.boot.model.internal.AnnotatedColumn  : Binding column: AnnotatedJoinColumn(column='consultasMedicas_KEY')
2024-04-28T14:42:11.003-04:00 DEBUG 7452 --- [           main] o.h.boot.model.internal.AnnotatedColumn  : Binding column: AnnotatedJoinColumn()
2024-04-28T14:42:11.003-04:00 DEBUG 7452 --- [           main] o.h.boot.model.internal.AnnotatedColumn  : Binding column: AnnotatedJoinColumn()
2024-04-28T14:42:11.005-04:00 DEBUG 7452 --- [           main] o.h.b.model.internal.CollectionBinder    : Collection role: com.example.demo.model.Paciente.consultasMedicas
2024-04-28T14:42:11.006-04:00 DEBUG 7452 --- [           main] o.h.boot.model.internal.PropertyBinder   : Building property consultasMedicas
2024-04-28T14:42:11.006-04:00 DEBUG 7452 --- [           main] o.h.boot.model.internal.AnnotatedColumn  : Binding column: AnnotatedColumn(column='direccion')
2024-04-28T14:42:11.006-04:00 DEBUG 7452 --- [           main] o.h.boot.model.internal.PropertyBinder   : MetadataSourceProcessor property direccion with lazy=false
2024-04-28T14:42:11.006-04:00 DEBUG 7452 --- [           main] o.h.b.m.internal.AbstractPropertyHolder  : Attempting to locate auto-apply AttributeConverter for property [com.example.demo.model.Paciente:direccion]
2024-04-28T14:42:11.006-04:00 DEBUG 7452 --- [           main] o.h.b.model.internal.BasicValueBinder    : building BasicValue for direccion
2024-04-28T14:42:11.006-04:00 DEBUG 7452 --- [           main] org.hibernate.mapping.BasicValue         : Skipping column re-registration: paciente.direccion
2024-04-28T14:42:11.006-04:00 DEBUG 7452 --- [           main] o.h.boot.model.internal.PropertyBinder   : Building property direccion
2024-04-28T14:42:11.006-04:00 DEBUG 7452 --- [           main] o.h.boot.model.internal.AnnotatedColumn  : Binding column: AnnotatedColumn(column='nombre')
2024-04-28T14:42:11.006-04:00 DEBUG 7452 --- [           main] o.h.boot.model.internal.PropertyBinder   : MetadataSourceProcessor property nombre with lazy=false
2024-04-28T14:42:11.006-04:00 DEBUG 7452 --- [           main] o.h.b.m.internal.AbstractPropertyHolder  : Attempting to locate auto-apply AttributeConverter for property [com.example.demo.model.Paciente:nombre]
2024-04-28T14:42:11.006-04:00 DEBUG 7452 --- [           main] o.h.b.model.internal.BasicValueBinder    : building BasicValue for nombre
2024-04-28T14:42:11.006-04:00 DEBUG 7452 --- [           main] org.hibernate.mapping.BasicValue         : Skipping column re-registration: paciente.nombre
2024-04-28T14:42:11.006-04:00 DEBUG 7452 --- [           main] o.h.boot.model.internal.PropertyBinder   : Building property nombre
2024-04-28T14:42:11.006-04:00 DEBUG 7452 --- [           main] o.h.boot.model.internal.AnnotatedColumn  : Binding column: AnnotatedColumn(column='rut')
2024-04-28T14:42:11.007-04:00 DEBUG 7452 --- [           main] o.h.boot.model.internal.PropertyBinder   : MetadataSourceProcessor property rut with lazy=false
2024-04-28T14:42:11.007-04:00 DEBUG 7452 --- [           main] o.h.b.m.internal.AbstractPropertyHolder  : Attempting to locate auto-apply AttributeConverter for property [com.example.demo.model.Paciente:rut]
2024-04-28T14:42:11.007-04:00 DEBUG 7452 --- [           main] o.h.b.model.internal.BasicValueBinder    : building BasicValue for rut
2024-04-28T14:42:11.007-04:00 DEBUG 7452 --- [           main] org.hibernate.mapping.BasicValue         : Skipping column re-registration: paciente.rut
2024-04-28T14:42:11.007-04:00 DEBUG 7452 --- [           main] o.h.boot.model.internal.PropertyBinder   : Building property rut
2024-04-28T14:42:11.007-04:00 DEBUG 7452 --- [           main] o.h.b.r.c.i.ClassLoaderServiceImpl       : HHH000194: Package not found or wo package-info.java: com.example.demo.model
2024-04-28T14:42:11.008-04:00 DEBUG 7452 --- [           main] o.h.b.model.internal.BasicValueBinder    : Starting `BasicValueBinder#fillSimpleValue` for id
2024-04-28T14:42:11.009-04:00 DEBUG 7452 --- [           main] o.h.b.model.internal.BasicValueBinder    : Starting `BasicValueBinder#fillSimpleValue` for diagnostico
2024-04-28T14:42:11.009-04:00 DEBUG 7452 --- [           main] o.h.b.model.internal.BasicValueBinder    : Starting `BasicValueBinder#fillSimpleValue` for fecha
2024-04-28T14:42:11.009-04:00 DEBUG 7452 --- [           main] o.h.b.model.internal.BasicValueBinder    : Starting `BasicValueBinder#fillSimpleValue` for motivoConsulta
2024-04-28T14:42:11.009-04:00 DEBUG 7452 --- [           main] o.h.b.model.internal.BasicValueBinder    : Starting `BasicValueBinder#fillSimpleValue` for pacienteid
2024-04-28T14:42:11.009-04:00 DEBUG 7452 --- [           main] o.h.b.model.internal.BasicValueBinder    : Starting `BasicValueBinder#fillSimpleValue` for id
2024-04-28T14:42:11.009-04:00 DEBUG 7452 --- [           main] o.h.b.model.internal.BasicValueBinder    : Starting `BasicValueBinder#fillSimpleValue` for apellido
2024-04-28T14:42:11.009-04:00 DEBUG 7452 --- [           main] o.h.b.model.internal.BasicValueBinder    : Starting `BasicValueBinder#fillSimpleValue` for direccion
2024-04-28T14:42:11.009-04:00 DEBUG 7452 --- [           main] o.h.b.model.internal.BasicValueBinder    : Starting `BasicValueBinder#fillSimpleValue` for nombre
2024-04-28T14:42:11.009-04:00 DEBUG 7452 --- [           main] o.h.b.model.internal.BasicValueBinder    : Starting `BasicValueBinder#fillSimpleValue` for rut
2024-04-28T14:42:11.010-04:00 DEBUG 7452 --- [           main] org.hibernate.mapping.PrimaryKey         : Forcing column [id] to be non-null as it is part of the primary key for table [consulta_medica]
2024-04-28T14:42:11.010-04:00 DEBUG 7452 --- [           main] org.hibernate.mapping.PrimaryKey         : Forcing column [id] to be non-null as it is part of the primary key for table [paciente]
2024-04-28T14:42:11.011-04:00 DEBUG 7452 --- [           main] o.h.b.m.internal.CollectionSecondPass    : Second pass for collection: com.example.demo.model.Paciente.consultasMedicas
2024-04-28T14:42:11.011-04:00 DEBUG 7452 --- [           main] o.h.b.model.internal.CollectionBinder    : Binding a OneToMany: com.example.demo.model.Paciente.consultasMedicas through a foreign key
2024-04-28T14:42:11.012-04:00 DEBUG 7452 --- [           main] o.h.b.model.internal.CollectionBinder    : Mapping collection: com.example.demo.model.Paciente.consultasMedicas -> consulta_medica
2024-04-28T14:42:11.013-04:00 DEBUG 7452 --- [           main] o.h.boot.model.internal.TableBinder      : Retrieving property com.example.demo.model.ConsultaMedica.pacienteid
2024-04-28T14:42:11.013-04:00 DEBUG 7452 --- [           main] o.h.b.m.internal.CollectionSecondPass    : Mapped collection key: paciente_id, one-to-many: com.example.demo.model.ConsultaMedica
2024-04-28T14:42:11.042-04:00 DEBUG 7452 --- [           main] o.hibernate.internal.SessionFactoryImpl  : Building session factory
2024-04-28T14:42:11.069-04:00 DEBUG 7452 --- [           main] .h.s.i.SessionFactoryServiceRegistryImpl : EventListenerRegistry access via ServiceRegistry is deprecated.  Use `sessionFactory.getEventEngine().getListenerRegistry()` instead
[...]

   ProjectInfoAutoConfiguration#gitProperties:
      Did not match:
         - GitResource did not find git info at classpath:git.properties (ProjectInfoAutoConfiguration.GitResourceAvailableCondition)

   PulsarAutoConfiguration:
      Did not match:
         - @ConditionalOnClass did not find required class 'org.apache.pulsar.client.api.PulsarClient' (OnClassCondition)

   PulsarReactiveAutoConfiguration:
      Did not match:
         - @ConditionalOnClass did not find required class 'org.apache.pulsar.client.api.PulsarClient' (OnClassCondition)

   QuartzAutoConfiguration:
      Did not match:
         - @ConditionalOnClass did not find required class 'org.quartz.Scheduler' (OnClassCondition)

   R2dbcAutoConfiguration:
      Did not match:
         - @ConditionalOnClass did not find required class 'io.r2dbc.spi.ConnectionFactory' (OnClassCondition)

   R2dbcDataAutoConfiguration:
      Did not match:
         - @ConditionalOnClass did not find required class 'org.springframework.data.r2dbc.core.R2dbcEntityTemplate' (OnClassCondition)

   R2dbcInitializationConfiguration:
      Did not match:
         - @ConditionalOnClass did not find required classes 'io.r2dbc.spi.ConnectionFactory', 'org.springframework.r2dbc.connection.init.DatabasePopulator' (OnClassCondition)

   R2dbcRepositoriesAutoConfiguration:
      Did not match:
         - @ConditionalOnClass did not find required class 'io.r2dbc.spi.ConnectionFactory' (OnClassCondition)

   R2dbcTransactionManagerAutoConfiguration:
      Did not match:
         - @ConditionalOnClass did not find required class 'org.springframework.r2dbc.connection.R2dbcTransactionManager' (OnClassCondition)

   RSocketGraphQlClientAutoConfiguration:
      Did not match:
         - @ConditionalOnClass did not find required class 'graphql.GraphQL' (OnClassCondition)

   RSocketMessagingAutoConfiguration:
      Did not match:
         - @ConditionalOnClass did not find required class 'io.rsocket.RSocket' (OnClassCondition)

   RSocketRequesterAutoConfiguration:
      Did not match:
         - @ConditionalOnClass did not find required class 'io.rsocket.RSocket' (OnClassCondition)

   RSocketSecurityAutoConfiguration:
      Did not match:
         - @ConditionalOnClass did not find required class 'org.springframework.security.rsocket.core.SecuritySocketAcceptorInterceptor' (OnClassCondition)

   RSocketServerAutoConfiguration:
      Did not match:
         - @ConditionalOnClass did not find required class 'io.rsocket.core.RSocketServer' (OnClassCondition)

   RSocketStrategiesAutoConfiguration:
      Did not match:
         - @ConditionalOnClass did not find required class 'io.netty.buffer.PooledByteBufAllocator' (OnClassCondition)

   RabbitAutoConfiguration:
      Did not match:
         - @ConditionalOnClass did not find required class 'com.rabbitmq.client.Channel' (OnClassCondition)

   ReactiveElasticsearchClientAutoConfiguration:
      Did not match:
         - @ConditionalOnClass did not find required class 'co.elastic.clients.transport.ElasticsearchTransport' (OnClassCondition)

   ReactiveElasticsearchRepositoriesAutoConfiguration:
      Did not match:
         - @ConditionalOnClass did not find required class 'org.springframework.data.elasticsearch.client.elc.ReactiveElasticsearchClient' (OnClassCondition)

   ReactiveMultipartAutoConfiguration:
      Did not match:
         - @ConditionalOnClass did not find required class 'org.springframework.web.reactive.config.WebFluxConfigurer' (OnClassCondition)

   ReactiveOAuth2ClientAutoConfiguration:
      Did not match:
         - @ConditionalOnClass did not find required class 'reactor.core.publisher.Flux' (OnClassCondition)

   ReactiveOAuth2ResourceServerAutoConfiguration:
      Did not match:
         - @ConditionalOnClass did not find required class 'org.springframework.security.config.annotation.web.reactive.EnableWebFluxSecurity' (OnClassCondition)

   ReactiveSecurityAutoConfiguration:
      Did not match:
         - @ConditionalOnClass did not find required class 'reactor.core.publisher.Flux' (OnClassCondition)

   ReactiveUserDetailsServiceAutoConfiguration:
      Did not match:
         - @ConditionalOnClass did not find required class 'org.springframework.security.authentication.ReactiveAuthenticationManager' (OnClassCondition)

   ReactiveWebServerFactoryAutoConfiguration:
      Did not match:
         - @ConditionalOnWebApplication did not find reactive web application classes (OnWebApplicationCondition)

   ReactorAutoConfiguration:
      Did not match:
         - @ConditionalOnClass did not find required class 'reactor.core.publisher.Hooks' (OnClassCondition)

   RedisAutoConfiguration:
      Did not match:
         - @ConditionalOnClass did not find required class 'org.springframework.data.redis.core.RedisOperations' (OnClassCondition)

   RedisCacheConfiguration:
      Did not match:
         - @ConditionalOnClass did not find required class 'org.springframework.data.redis.connection.RedisConnectionFactory' (OnClassCondition)

   RedisReactiveAutoConfiguration:
      Did not match:
         - @ConditionalOnClass did not find required class 'reactor.core.publisher.Flux' (OnClassCondition)

   RedisRepositoriesAutoConfiguration:
      Did not match:
         - @ConditionalOnClass did not find required class 'org.springframework.data.redis.repository.configuration.EnableRedisRepositories' (OnClassCondition)

   RemoteDevToolsAutoConfiguration:
      Did not match:
         - @ConditionalOnProperty (spring.devtools.remote.secret) did not find property 'secret' (OnPropertyCondition)
      Matched:
         - @ConditionalOnClass found required classes 'jakarta.servlet.Filter', 'org.springframework.http.server.ServerHttpRequest' (OnClassCondition)

   RepositoryRestMvcAutoConfiguration:
      Did not match:
         - @ConditionalOnClass did not find required class 'org.springframework.data.rest.webmvc.config.RepositoryRestMvcConfiguration' (OnClassCondition)

   Saml2RelyingPartyAutoConfiguration:
      Did not match:
         - @ConditionalOnClass did not find required class 'org.springframework.security.saml2.provider.service.registration.RelyingPartyRegistrationRepository' (OnClassCondition)

   SecurityAutoConfiguration:
      Did not match:
         - @ConditionalOnClass did not find required class 'org.springframework.security.authentication.DefaultAuthenticationEventPublisher' (OnClassCondition)

   SecurityFilterAutoConfiguration:
      Did not match:
         - @ConditionalOnClass did not find required class 'org.springframework.security.config.http.SessionCreationPolicy' (OnClassCondition)

   SendGridAutoConfiguration:
      Did not match:
         - @ConditionalOnClass did not find required class 'com.sendgrid.SendGrid' (OnClassCondition)

   ServletWebServerFactoryAutoConfiguration.ForwardedHeaderFilterConfiguration:
      Did not match:
         - @ConditionalOnProperty (server.forward-headers-strategy=framework) did not find property 'server.forward-headers-strategy' (OnPropertyCondition)

   ServletWebServerFactoryConfiguration.EmbeddedJetty:
      Did not match:
         - @ConditionalOnClass did not find required classes 'org.eclipse.jetty.server.Server', 'org.eclipse.jetty.util.Loader', 'org.eclipse.jetty.ee10.webapp.WebAppContext' (OnClassCondition)

   ServletWebServerFactoryConfiguration.EmbeddedUndertow:
      Did not match:
         - @ConditionalOnClass did not find required classes 'io.undertow.Undertow', 'org.xnio.SslClientAuthMode' (OnClassCondition)

   SessionAutoConfiguration:
      Did not match:
         - @ConditionalOnClass did not find required class 'org.springframework.session.Session' (OnClassCondition)

   SpringApplicationAdminJmxAutoConfiguration:
      Did not match:
         - @ConditionalOnProperty (spring.application.admin.enabled=true) did not find property 'enabled' (OnPropertyCondition)

   TaskExecutorConfigurations.SimpleAsyncTaskExecutorBuilderConfiguration#simpleAsyncTaskExecutorBuilderVirtualThreads:
      Did not match:
         - @ConditionalOnMissingBean (types: org.springframework.boot.task.SimpleAsyncTaskExecutorBuilder; SearchStrategy: all) found beans of type 'org.springframework.boot.task.SimpleAsyncTaskExecutorBuilder' simpleAsyncTaskExecutorBuilder (OnBeanCondition)

   TaskExecutorConfigurations.TaskExecutorConfiguration#applicationTaskExecutorVirtualThreads:
      Did not match:
         - @ConditionalOnThreading did not find VIRTUAL (OnThreadingCondition)

   TaskSchedulingAutoConfiguration#scheduledBeanLazyInitializationExcludeFilter:
      Did not match:
         - @ConditionalOnBean (names: org.springframework.context.annotation.internalScheduledAnnotationProcessor; SearchStrategy: all) did not find any beans named org.springframework.context.annotation.internalScheduledAnnotationProcessor (OnBeanCondition)

   TaskSchedulingConfigurations.SimpleAsyncTaskSchedulerBuilderConfiguration#simpleAsyncTaskSchedulerBuilderVirtualThreads:
      Did not match:
         - @ConditionalOnMissingBean (types: org.springframework.boot.task.SimpleAsyncTaskSchedulerBuilder; SearchStrategy: all) found beans of type 'org.springframework.boot.task.SimpleAsyncTaskSchedulerBuilder' simpleAsyncTaskSchedulerBuilder (OnBeanCondition)

   TaskSchedulingConfigurations.TaskSchedulerConfiguration:
      Did not match:
         - @ConditionalOnBean (names: org.springframework.context.annotation.internalScheduledAnnotationProcessor; SearchStrategy: all) did not find any beans named org.springframework.context.annotation.internalScheduledAnnotationProcessor (OnBeanCondition)

   ThymeleafAutoConfiguration:
      Did not match:
         - @ConditionalOnClass did not find required class 'org.thymeleaf.spring6.SpringTemplateEngine' (OnClassCondition)

   TransactionAutoConfiguration#transactionalOperator:
      Did not match:
         - @ConditionalOnSingleCandidate (types: org.springframework.transaction.ReactiveTransactionManager; SearchStrategy: all) did not find any beans (OnBeanCondition)

   TransactionAutoConfiguration.AspectJTransactionManagementConfiguration:
      Did not match:
         - @ConditionalOnBean (types: org.springframework.transaction.aspectj.AbstractTransactionAspect; SearchStrategy: all) did not find any beans of type org.springframework.transaction.aspectj.AbstractTransactionAspect (OnBeanCondition)

   TransactionAutoConfiguration.EnableTransactionManagementConfiguration.JdkDynamicAutoProxyConfiguration:
      Did not match:
         - @ConditionalOnProperty (spring.aop.proxy-target-class=false) did not find property 'proxy-target-class' (OnPropertyCondition)

   UserDetailsServiceAutoConfiguration:
      Did not match:
         - @ConditionalOnClass did not find required class 'org.springframework.security.authentication.AuthenticationManager' (OnClassCondition)

   WebClientAutoConfiguration:
      Did not match:
         - @ConditionalOnClass did not find required class 'org.springframework.web.reactive.function.client.WebClient' (OnClassCondition)

   WebFluxAutoConfiguration:
      Did not match:
         - @ConditionalOnClass did not find required class 'org.springframework.web.reactive.config.WebFluxConfigurer' (OnClassCondition)

   WebMvcAutoConfiguration#hiddenHttpMethodFilter:
      Did not match:
         - @ConditionalOnProperty (spring.mvc.hiddenmethod.filter.enabled) did not find property 'enabled' (OnPropertyCondition)

   WebMvcAutoConfiguration.ProblemDetailsErrorHandlingConfiguration:
      Did not match:
         - @ConditionalOnProperty (spring.mvc.problemdetails.enabled=true) did not find property 'enabled' (OnPropertyCondition)

   WebMvcAutoConfiguration.ResourceChainCustomizerConfiguration:
      Did not match:
         - @ConditionalOnEnabledResourceChain did not find class org.webjars.WebJarAssetLocator (OnEnabledResourceChainCondition)

   WebMvcAutoConfiguration.WebMvcAutoConfigurationAdapter#beanNameViewResolver:
      Did not match:
         - @ConditionalOnMissingBean (types: org.springframework.web.servlet.view.BeanNameViewResolver; SearchStrategy: all) found beans of type 'org.springframework.web.servlet.view.BeanNameViewResolver' beanNameViewResolver (OnBeanCondition)

   WebServiceTemplateAutoConfiguration:
      Did not match:
         - @ConditionalOnClass did not find required class 'org.springframework.oxm.Marshaller' (OnClassCondition)

   WebServicesAutoConfiguration:
      Did not match:
         - @ConditionalOnClass did not find required class 'org.springframework.ws.transport.http.MessageDispatcherServlet' (OnClassCondition)

   WebSessionIdResolverAutoConfiguration:
      Did not match:
         - @ConditionalOnClass did not find required class 'reactor.core.publisher.Mono' (OnClassCondition)

   WebSocketMessagingAutoConfiguration:
      Did not match:
         - @ConditionalOnClass did not find required class 'org.springframework.web.socket.config.annotation.WebSocketMessageBrokerConfigurer' (OnClassCondition)

   WebSocketReactiveAutoConfiguration:
      Did not match:
         - @ConditionalOnWebApplication did not find reactive web application classes (OnWebApplicationCondition)

   WebSocketServletAutoConfiguration.JettyWebSocketConfiguration:
      Did not match:
         - @ConditionalOnClass did not find required class 'org.eclipse.jetty.ee10.websocket.jakarta.server.config.JakartaWebSocketServletContainerInitializer' (OnClassCondition)

   WebSocketServletAutoConfiguration.UndertowWebSocketConfiguration:
      Did not match:
         - @ConditionalOnClass did not find required class 'io.undertow.websockets.jsr.Bootstrap' (OnClassCondition)

   XADataSourceAutoConfiguration:
      Did not match:
         - @ConditionalOnBean (types: org.springframework.boot.jdbc.XADataSourceWrapper; SearchStrategy: all) did not find any beans of type org.springframework.boot.jdbc.XADataSourceWrapper (OnBeanCondition)
      Matched:
         - @ConditionalOnClass found required classes 'javax.sql.DataSource', 'jakarta.transaction.TransactionManager', 'org.springframework.jdbc.datasource.embedded.EmbeddedDatabaseType' (OnClassCondition)


Exclusions:
-----------

    None


Unconditional classes:
----------------------

    org.springframework.boot.autoconfigure.context.ConfigurationPropertiesAutoConfiguration

    org.springframework.boot.autoconfigure.ssl.SslAutoConfiguration

    org.springframework.boot.autoconfigure.context.LifecycleAutoConfiguration

    org.springframework.boot.autoconfigure.context.PropertyPlaceholderAutoConfiguration

    org.springframework.boot.autoconfigure.availability.ApplicationAvailabilityAutoConfiguration

    org.springframework.boot.autoconfigure.info.ProjectInfoAutoConfiguration



2024-04-28T14:42:11.881-04:00  INFO 7452 --- [           main] com.example.demo.DemoApplicationTests    : Started DemoApplicationTests in 2.612 seconds (process running for 5.645)
2024-04-28T14:42:11.883-04:00 DEBUG 7452 --- [           main] o.s.b.a.ApplicationAvailabilityBean      : Application availability state LivenessState changed to CORRECT
2024-04-28T14:42:11.883-04:00 DEBUG 7452 --- [           main] o.s.b.a.ApplicationAvailabilityBean      : Application availability state ReadinessState changed to ACCEPTING_TRAFFIC
2024-04-28T14:42:11.883-04:00 DEBUG 7452 --- [           main] org.springframework.test.context.cache   : Spring test ApplicationContext cache statistics: [DefaultContextCache@2499b971 size = 2, maxSize = 32, parentContextCount = 0, hitCount = 12, missCount = 2, failureCount = 0]
2024-04-28T14:42:11.883-04:00 DEBUG 7452 --- [           main] o.s.t.c.w.ServletTestExecutionListener   : Setting up MockHttpServletRequest, MockHttpServletResponse, ServletWebRequest, and RequestContextHolder for test class com.example.demo.DemoApplicationTests
2024-04-28T14:42:11.883-04:00 DEBUG 7452 --- [           main] DependencyInjectionTestExecutionListener : Performing dependency injection for test class com.example.demo.DemoApplicationTests
2024-04-28T14:42:11.883-04:00 DEBUG 7452 --- [           main] org.springframework.test.context.cache   : Spring test ApplicationContext cache statistics: [DefaultContextCache@2499b971 size = 2, maxSize = 32, parentContextCount = 0, hitCount = 13, missCount = 2, failureCount = 0]
2024-04-28T14:42:11.883-04:00 DEBUG 7452 --- [           main] org.springframework.test.context.cache   : Spring test ApplicationContext cache statistics: [DefaultContextCache@2499b971 size = 2, maxSize = 32, parentContextCount = 0, hitCount = 14, missCount = 2, failureCount = 0]
2024-04-28T14:42:11.884-04:00 DEBUG 7452 --- [           main] sContextBeforeModesTestExecutionListener : Before test method: class [DemoApplicationTests], method [contextLoads], class annotated with @DirtiesContext [false] with mode [null], method annotated with @DirtiesContext [false] with mode [null]
2024-04-28T14:42:11.884-04:00 DEBUG 7452 --- [           main] org.springframework.test.context.cache   : Spring test ApplicationContext cache statistics: [DefaultContextCache@2499b971 size = 2, maxSize = 32, parentContextCount = 0, hitCount = 15, missCount = 2, failureCount = 0]
2024-04-28T14:42:11.884-04:00 DEBUG 7452 --- [           main] org.springframework.test.context.cache   : Spring test ApplicationContext cache statistics: [DefaultContextCache@2499b971 size = 2, maxSize = 32, parentContextCount = 0, hitCount = 16, missCount = 2, failureCount = 0]
2024-04-28T14:42:11.885-04:00 DEBUG 7452 --- [           main] org.springframework.test.context.cache   : Spring test ApplicationContext cache statistics: [DefaultContextCache@2499b971 size = 2, maxSize = 32, parentContextCount = 0, hitCount = 17, missCount = 2, failureCount = 0]
2024-04-28T14:42:11.886-04:00 DEBUG 7452 --- [           main] org.springframework.test.context.cache   : Spring test ApplicationContext cache statistics: [DefaultContextCache@2499b971 size = 2, maxSize = 32, parentContextCount = 0, hitCount = 18, missCount = 2, failureCount = 0]
2024-04-28T14:42:11.886-04:00 DEBUG 7452 --- [           main] org.springframework.test.context.cache   : Spring test ApplicationContext cache statistics: [DefaultContextCache@2499b971 size = 2, maxSize = 32, parentContextCount = 0, hitCount = 19, missCount = 2, failureCount = 0]
2024-04-28T14:42:11.886-04:00 DEBUG 7452 --- [           main] org.springframework.test.context.cache   : Spring test ApplicationContext cache statistics: [DefaultContextCache@2499b971 size = 2, maxSize = 32, parentContextCount = 0, hitCount = 20, missCount = 2, failureCount = 0]
2024-04-28T14:42:11.886-04:00 DEBUG 7452 --- [           main] org.springframework.test.context.cache   : Spring test ApplicationContext cache statistics: [DefaultContextCache@2499b971 size = 2, maxSize = 32, parentContextCount = 0, hitCount = 21, missCount = 2, failureCount = 0]
2024-04-28T14:42:11.886-04:00 DEBUG 7452 --- [           main] org.springframework.test.context.cache   : Spring test ApplicationContext cache statistics: [DefaultContextCache@2499b971 size = 2, maxSize = 32, parentContextCount = 0, hitCount = 22, missCount = 2, failureCount = 0]
2024-04-28T14:42:11.886-04:00 DEBUG 7452 --- [           main] org.springframework.test.context.cache   : Spring test ApplicationContext cache statistics: [DefaultContextCache@2499b971 size = 2, maxSize = 32, parentContextCount = 0, hitCount = 23, missCount = 2, failureCount = 0]
2024-04-28T14:42:11.887-04:00 DEBUG 7452 --- [           main] .c.s.DirtiesContextTestExecutionListener : After test method: class [DemoApplicationTests], method [contextLoads], class annotated with @DirtiesContext [false] with mode [null], method annotated with @DirtiesContext [false] with mode [null]
2024-04-28T14:42:11.887-04:00 DEBUG 7452 --- [           main] o.s.t.c.w.ServletTestExecutionListener   : Resetting RequestContextHolder for test class com.example.demo.DemoApplicationTests
]]></system-out>
  </testcase>
</testsuite>