<?xml version="1.0" encoding="UTF-8"?>
<testsuite xmlns:xsi="http://www.w3.org/2001/XMLSchema-instance" xsi:noNamespaceSchemaLocation="https://maven.apache.org/surefire/maven-surefire-plugin/xsd/surefire-test-report-3.0.xsd" version="3.0" name="com.example.demo.repository.ConsultaMedicaRepositoryTest" time="0.659" tests="1" errors="0" skipped="0" failures="0">
  <properties>
[...]
</properties>
  <testcase name="guardarConsultaMedicaTest" classname="com.example.demo.repository.ConsultaMedicaRepositoryTest" time="0.21">
    <system-out><![CDATA[2024-04-28T14:42:11.890-04:00 DEBUG 7452 --- [           main] b.t.a.o.j.DataJpaTestContextBootstrapper : Neither @ContextConfiguration nor @ContextHierarchy found for test class [ConsultaMedicaRepositoryTest]: using SpringBootContextLoader
2024-04-28T14:42:11.890-04:00 DEBUG 7452 --- [           main] o.s.t.c.support.AbstractContextLoader    : Could not detect default resource locations for test class [com.example.demo.repository.ConsultaMedicaRepositoryTest]: no resource found for suffixes {-context.xml, Context.groovy}.
2024-04-28T14:42:11.890-04:00  INFO 7452 --- [           main] t.c.s.AnnotationConfigContextLoaderUtils : Could not detect default configuration classes for test class [com.example.demo.repository.ConsultaMedicaRepositoryTest]: ConsultaMedicaRepositoryTest does not declare any static, non-private, non-final, nested classes annotated with @Configuration.
2024-04-28T14:42:11.891-04:00 DEBUG 7452 --- [           main] b.t.a.o.j.DataJpaTestContextBootstrapper : Using ContextCustomizerFactory implementations for test class [ConsultaMedicaRepositoryTest]: [ImportsContextCustomizerFactory, ExcludeFilterContextCustomizerFactory, HttpGraphQlTesterContextCustomizerFactory, DuplicateJsonObjectContextCustomizerFactory, MockitoContextCustomizerFactory, TestRestTemplateContextCustomizerFactory, WebTestClientContextCustomizerFactory, OverrideAutoConfigurationContextCustomizerFactory, ObservabilityContextCustomizerFactory, TypeExcludeFiltersContextCustomizerFactory, PropertyMappingContextCustomizerFactory, WebDriverContextCustomizerFactory, MockServerContainerContextCustomizerFactory, DynamicPropertiesContextCustomizerFactory]
2024-04-28T14:42:11.899-04:00 DEBUG 7452 --- [           main] b.t.a.o.j.DataJpaTestContextBootstrapper : Using ContextCustomizers for test class [ConsultaMedicaRepositoryTest]: [ImportsContextCustomizer, ExcludeFilterContextCustomizer, DuplicateJsonObjectContextCustomizer, MockitoContextCustomizer, DisableAutoConfigurationContextCustomizer, DisableObservabilityContextCustomizer, TypeExcludeFiltersContextCustomizer, PropertyMappingContextCustomizer, WebDriverContextCustomizer]
2024-04-28T14:42:11.904-04:00 DEBUG 7452 --- [           main] ssPathScanningCandidateComponentProvider : Identified candidate component class: file [C:\Users\PC Gio\Documents\GitHub\sumativa2_microservicio_B\demo\target\classes\com\example\demo\DemoApplication.class]
2024-04-28T14:42:11.904-04:00  INFO 7452 --- [           main] .b.t.c.SpringBootTestContextBootstrapper : Found @SpringBootConfiguration com.example.demo.DemoApplication for test class com.example.demo.repository.ConsultaMedicaRepositoryTest
2024-04-28T14:42:11.905-04:00 DEBUG 7452 --- [           main] .s.t.c.u.TestContextSpringFactoriesUtils : Skipping candidate TestExecutionListener [org.springframework.test.context.observation.MicrometerObservationRegistryTestExecutionListener] due to a missing dependency. Specify custom TestExecutionListener classes or make the default TestExecutionListener classes and their required dependencies available. Offending class: io.micrometer.context.ThreadLocalAccessor. MicrometerObservationRegistryTestExecutionListener requires io.micrometer:micrometer-observation:1.10.8 or higher and io.micrometer:context-propagation:1.0.3 or higher.
2024-04-28T14:42:11.905-04:00 DEBUG 7452 --- [           main] b.t.a.o.j.DataJpaTestContextBootstrapper : Using TestExecutionListeners for test class [ConsultaMedicaRepositoryTest]: [ServletTestExecutionListener, DirtiesContextBeforeModesTestExecutionListener, ApplicationEventsTestExecutionListener, MockitoTestExecutionListener, DependencyInjectionTestExecutionListener, DirtiesContextTestExecutionListener, TransactionalTestExecutionListener, SqlScriptsTestExecutionListener, EventPublishingTestExecutionListener, ResetMocksTestExecutionListener, RestDocsTestExecutionListener, MockRestServiceServerResetTestExecutionListener, MockMvcPrintOnlyOnFailureTestExecutionListener, WebDriverTestExecutionListener, MockWebServiceServerTestExecutionListener]
2024-04-28T14:42:11.905-04:00 DEBUG 7452 --- [           main] sContextBeforeModesTestExecutionListener : Before test class: class [ConsultaMedicaRepositoryTest], class annotated with @DirtiesContext [false] with mode [null]
2024-04-28T14:42:11.905-04:00 DEBUG 7452 --- [           main] DependencyInjectionTestExecutionListener : Performing dependency injection for test class com.example.demo.repository.ConsultaMedicaRepositoryTest
2024-04-28T14:42:11.907-04:00  INFO 7452 --- [           main] o.s.b.d.r.RestartApplicationListener     : Restart disabled due to context in which it is running
2024-04-28T14:42:11.918-04:00 DEBUG 7452 --- [           main] o.s.boot.ApplicationEnvironment          : Activating profiles []

  .   ____          _            __ _ _
 /\\ / ___'_ __ _ _(_)_ __  __ _ \ \ \ \
( ( )\___ | '_ | '_| | '_ \/ _` | \ \ \ \
 \\/  ___)| |_)| | | | | || (_| |  ) ) ) )
  '  |____| .__|_| |_|_| |_\__, | / / / /
 =========|_|==============|___/=/_/_/_/
 :: Spring Boot ::                (v3.2.4)

2024-04-28T14:42:11.924-04:00  INFO 7452 --- [           main] c.e.d.r.ConsultaMedicaRepositoryTest     : Starting ConsultaMedicaRepositoryTest using Java 21.0.2 with PID 7452 (started by PC Gio in C:\Users\PC Gio\Documents\GitHub\sumativa2_microservicio_B\demo)
2024-04-28T14:42:11.924-04:00  INFO 7452 --- [           main] c.e.d.r.ConsultaMedicaRepositoryTest     : No active profile set, falling back to 1 default profile: "default"
2024-04-28T14:42:11.924-04:00 DEBUG 7452 --- [           main] o.s.boot.SpringApplication               : Loading source class com.example.demo.DemoApplication
2024-04-28T14:42:11.925-04:00 DEBUG 7452 --- [           main] s.c.a.AnnotationConfigApplicationContext : Refreshing org.springframework.context.annotation.AnnotationConfigApplicationContext@33dcbdc2
2024-04-28T14:42:11.926-04:00 DEBUG 7452 --- [           main] o.s.b.f.s.DefaultListableBeanFactory     : Creating shared instance of singleton bean 'org.springframework.context.annotation.internalConfigurationAnnotationProcessor'
2024-04-28T14:42:11.926-04:00 DEBUG 7452 --- [           main] o.s.b.f.s.DefaultListableBeanFactory     : Creating shared instance of singleton bean 'org.springframework.boot.autoconfigure.internalCachingMetadataReaderFactory'
2024-04-28T14:42:11.978-04:00  INFO 7452 --- [           main] .s.d.r.c.RepositoryConfigurationDelegate : Bootstrapping Spring Data JPA repositories in DEFAULT mode.
2024-04-28T14:42:11.978-04:00 DEBUG 7452 --- [           main] o.s.b.f.s.DefaultListableBeanFactory     : Creating shared instance of singleton bean 'org.springframework.boot.autoconfigure.AutoConfigurationPackages'
2024-04-28T14:42:11.979-04:00 DEBUG 7452 --- [           main] o.s.b.a.AutoConfigurationPackages        : @EnableAutoConfiguration was declared on a class in the package 'com.example.demo'. Automatic @Repository and @Entity scanning is enabled.
2024-04-28T14:42:11.979-04:00 DEBUG 7452 --- [           main] .s.d.r.c.RepositoryConfigurationDelegate : Scanning for JPA repositories in packages com.example.demo.
2024-04-28T14:42:11.981-04:00 DEBUG 7452 --- [           main] o.s.d.r.c.RepositoryComponentProvider    : Identified candidate component class: file [C:\Users\PC Gio\Documents\GitHub\sumativa2_microservicio_B\demo\target\classes\com\example\demo\repository\ConsultaMedicaRepository.class]
2024-04-28T14:42:11.981-04:00 DEBUG 7452 --- [           main] o.s.d.r.c.RepositoryComponentProvider    : Identified candidate component class: file [C:\Users\PC Gio\Documents\GitHub\sumativa2_microservicio_B\demo\target\classes\com\example\demo\repository\PacienteRepository.class]
2024-04-28T14:42:11.984-04:00 DEBUG 7452 --- [           main] ssPathScanningCandidateComponentProvider : Identified candidate component class: file [C:\Users\PC Gio\Documents\GitHub\sumativa2_microservicio_B\demo\target\classes\com\example\demo\service\ConsultaMedicaServiceImpl.class]
2024-04-28T14:42:11.984-04:00 DEBUG 7452 --- [           main] ssPathScanningCandidateComponentProvider : Identified candidate component class: file [C:\Users\PC Gio\Documents\GitHub\sumativa2_microservicio_B\demo\target\classes\com\example\demo\service\PacienteServiceImpl.class]
2024-04-28T14:42:11.986-04:00  INFO 7452 --- [           main] .s.d.r.c.RepositoryConfigurationDelegate : Finished Spring Data repository scanning in 7 ms. Found 2 JPA repository interfaces.
2024-04-28T14:42:11.991-04:00 DEBUG 7452 --- [           main] o.s.b.f.s.DefaultListableBeanFactory     : Creating shared instance of singleton bean 'org.springframework.boot.test.context.ImportsContextCustomizer$ImportsCleanupPostProcessor'
2024-04-28T14:42:11.992-04:00 DEBUG 7452 --- [           main] o.s.b.f.s.DefaultListableBeanFactory     : Creating shared instance of singleton bean 'org.springframework.boot.test.mock.mockito.MockitoPostProcessor'
2024-04-28T14:42:11.992-04:00 DEBUG 7452 --- [           main] o.s.b.f.s.DefaultListableBeanFactory     : Creating shared instance of singleton bean 'emBeanDefinitionRegistrarPostProcessor'
2024-04-28T14:42:11.992-04:00 DEBUG 7452 --- [           main] o.s.b.f.s.DefaultListableBeanFactory     : Creating shared instance of singleton bean 'org.springframework.boot.sql.init.dependency.DatabaseInitializationDependencyConfigurer$DependsOnDatabaseInitializationPostProcessor'
2024-04-28T14:42:12.000-04:00 DEBUG 7452 --- [           main] o.s.b.f.s.DefaultListableBeanFactory     : Creating shared instance of singleton bean 'org.springframework.context.event.internalEventListenerProcessor'
2024-04-28T14:42:12.001-04:00 DEBUG 7452 --- [           main] o.s.b.f.s.DefaultListableBeanFactory     : Creating shared instance of singleton bean 'org.springframework.context.event.internalEventListenerFactory'
2024-04-28T14:42:12.001-04:00 DEBUG 7452 --- [           main] o.s.b.f.s.DefaultListableBeanFactory     : Creating shared instance of singleton bean 'org.springframework.transaction.config.internalTransactionalEventListenerFactory'
2024-04-28T14:42:12.001-04:00 DEBUG 7452 --- [           main] o.s.b.f.s.DefaultListableBeanFactory     : Creating shared instance of singleton bean 'org.springframework.context.annotation.internalAutowiredAnnotationProcessor'
2024-04-28T14:42:12.001-04:00 DEBUG 7452 --- [           main] o.s.b.f.s.DefaultListableBeanFactory     : Creating shared instance of singleton bean 'org.springframework.context.annotation.internalCommonAnnotationProcessor'
2024-04-28T14:42:12.001-04:00 DEBUG 7452 --- [           main] o.s.b.f.s.DefaultListableBeanFactory     : Creating shared instance of singleton bean 'org.springframework.context.annotation.internalPersistenceAnnotationProcessor'
2024-04-28T14:42:12.001-04:00 DEBUG 7452 --- [           main] o.s.b.f.s.DefaultListableBeanFactory     : Creating shared instance of singleton bean 'org.springframework.boot.test.mock.mockito.MockitoPostProcessor$SpyPostProcessor'
2024-04-28T14:42:12.001-04:00 DEBUG 7452 --- [           main] o.s.b.f.s.DefaultListableBeanFactory     : Creating shared instance of singleton bean 'jdbcConnectionDetailsHikariBeanPostProcessor'
2024-04-28T14:42:12.002-04:00 DEBUG 7452 --- [           main] o.s.b.f.s.DefaultListableBeanFactory     : Creating shared instance of singleton bean 'org.springframework.boot.context.properties.ConfigurationPropertiesBindingPostProcessor'
2024-04-28T14:42:12.002-04:00 DEBUG 7452 --- [           main] o.s.b.f.s.DefaultListableBeanFactory     : Creating shared instance of singleton bean 'org.springframework.boot.context.internalConfigurationPropertiesBinder'
2024-04-28T14:42:12.002-04:00 DEBUG 7452 --- [           main] o.s.b.f.s.DefaultListableBeanFactory     : Creating shared instance of singleton bean 'org.springframework.aop.config.internalAutoProxyCreator'
2024-04-28T14:42:12.004-04:00 DEBUG 7452 --- [           main] o.s.b.f.s.DefaultListableBeanFactory     : Creating shared instance of singleton bean 'dataSourceScriptDatabaseInitializer'
2024-04-28T14:42:12.004-04:00 DEBUG 7452 --- [           main] o.s.b.f.s.DefaultListableBeanFactory     : Creating shared instance of singleton bean 'org.springframework.boot.autoconfigure.sql.init.DataSourceInitializationConfiguration'
2024-04-28T14:42:12.004-04:00 DEBUG 7452 --- [           main] o.s.b.f.s.DefaultListableBeanFactory     : Creating shared instance of singleton bean 'org.springframework.transaction.config.internalTransactionAdvisor'
2024-04-28T14:42:12.004-04:00 DEBUG 7452 --- [           main] o.s.b.f.s.DefaultListableBeanFactory     : Creating shared instance of singleton bean 'org.springframework.transaction.annotation.ProxyTransactionManagementConfiguration'
2024-04-28T14:42:12.005-04:00 DEBUG 7452 --- [           main] o.s.b.f.s.DefaultListableBeanFactory     : Creating shared instance of singleton bean 'transactionAttributeSource'
2024-04-28T14:42:12.006-04:00 DEBUG 7452 --- [           main] o.s.b.f.s.DefaultListableBeanFactory     : Creating shared instance of singleton bean 'transactionInterceptor'
2024-04-28T14:42:12.006-04:00 DEBUG 7452 --- [           main] o.s.b.f.s.DefaultListableBeanFactory     : Autowiring by type from bean name 'transactionInterceptor' via factory method to bean named 'transactionAttributeSource'
2024-04-28T14:42:12.006-04:00 DEBUG 7452 --- [           main] o.s.b.f.s.DefaultListableBeanFactory     : Autowiring by type from bean name 'org.springframework.transaction.config.internalTransactionAdvisor' via factory method to bean named 'transactionAttributeSource'
2024-04-28T14:42:12.006-04:00 DEBUG 7452 --- [           main] o.s.b.f.s.DefaultListableBeanFactory     : Autowiring by type from bean name 'org.springframework.transaction.config.internalTransactionAdvisor' via factory method to bean named 'transactionInterceptor'
2024-04-28T14:42:12.006-04:00 DEBUG 7452 --- [           main] o.s.b.f.s.DefaultListableBeanFactory     : Creating shared instance of singleton bean 'dataSource'
2024-04-28T14:42:12.006-04:00 DEBUG 7452 --- [           main] o.s.b.f.s.DefaultListableBeanFactory     : Creating shared instance of singleton bean 'org.springframework.boot.autoconfigure.jdbc.DataSourceConfiguration$Hikari'
2024-04-28T14:42:12.006-04:00 DEBUG 7452 --- [           main] o.s.b.f.s.DefaultListableBeanFactory     : Creating shared instance of singleton bean 'spring.datasource-org.springframework.boot.autoconfigure.jdbc.DataSourceProperties'
2024-04-28T14:42:12.007-04:00 DEBUG 7452 --- [           main] o.s.b.f.s.DefaultListableBeanFactory     : Creating shared instance of singleton bean 'org.springframework.boot.context.properties.BoundConfigurationProperties'
2024-04-28T14:42:12.008-04:00 DEBUG 7452 --- [           main] o.s.b.f.s.DefaultListableBeanFactory     : Creating shared instance of singleton bean 'jdbcConnectionDetails'
2024-04-28T14:42:12.008-04:00 DEBUG 7452 --- [           main] o.s.b.f.s.DefaultListableBeanFactory     : Creating shared instance of singleton bean 'org.springframework.boot.autoconfigure.jdbc.DataSourceAutoConfiguration$PooledDataSourceConfiguration'
2024-04-28T14:42:12.008-04:00 DEBUG 7452 --- [           main] o.s.b.f.s.DefaultListableBeanFactory     : Autowiring by type from bean name 'jdbcConnectionDetails' via factory method to bean named 'spring.datasource-org.springframework.boot.autoconfigure.jdbc.DataSourceProperties'
2024-04-28T14:42:12.008-04:00 DEBUG 7452 --- [           main] o.s.b.f.s.DefaultListableBeanFactory     : Autowiring by type from bean name 'dataSource' via factory method to bean named 'spring.datasource-org.springframework.boot.autoconfigure.jdbc.DataSourceProperties'
2024-04-28T14:42:12.008-04:00 DEBUG 7452 --- [           main] o.s.b.f.s.DefaultListableBeanFactory     : Autowiring by type from bean name 'dataSource' via factory method to bean named 'jdbcConnectionDetails'
2024-04-28T14:42:12.011-04:00 DEBUG 7452 --- [           main] o.s.b.f.s.DefaultListableBeanFactory     : Creating shared instance of singleton bean 'spring.sql.init-org.springframework.boot.autoconfigure.sql.init.SqlInitializationProperties'
2024-04-28T14:42:12.012-04:00 DEBUG 7452 --- [           main] o.s.b.f.s.DefaultListableBeanFactory     : Autowiring by type from bean name 'dataSourceScriptDatabaseInitializer' via factory method to bean named 'dataSource'
2024-04-28T14:42:12.012-04:00 DEBUG 7452 --- [           main] o.s.b.f.s.DefaultListableBeanFactory     : Autowiring by type from bean name 'dataSourceScriptDatabaseInitializer' via factory method to bean named 'spring.sql.init-org.springframework.boot.autoconfigure.sql.init.SqlInitializationProperties'
2024-04-28T14:42:12.012-04:00 DEBUG 7452 --- [           main] o.s.b.f.s.DefaultListableBeanFactory     : Creating shared instance of singleton bean 'entityManagerFactory'
2024-04-28T14:42:12.012-04:00 DEBUG 7452 --- [           main] o.s.b.f.s.DefaultListableBeanFactory     : Creating shared instance of singleton bean 'org.springframework.boot.autoconfigure.orm.jpa.HibernateJpaConfiguration'
2024-04-28T14:42:12.013-04:00 DEBUG 7452 --- [           main] o.s.b.f.s.DefaultListableBeanFactory     : Creating shared instance of singleton bean 'spring.jpa-org.springframework.boot.autoconfigure.orm.jpa.JpaProperties'
2024-04-28T14:42:12.013-04:00 DEBUG 7452 --- [           main] o.s.b.f.s.DefaultListableBeanFactory     : Creating shared instance of singleton bean 'spring.jpa.hibernate-org.springframework.boot.autoconfigure.orm.jpa.HibernateProperties'
2024-04-28T14:42:12.014-04:00 DEBUG 7452 --- [           main] o.s.b.f.s.DefaultListableBeanFactory     : Autowiring by type from bean name 'org.springframework.boot.autoconfigure.orm.jpa.HibernateJpaConfiguration' via constructor to bean named 'dataSource'
2024-04-28T14:42:12.014-04:00 DEBUG 7452 --- [           main] o.s.b.f.s.DefaultListableBeanFactory     : Autowiring by type from bean name 'org.springframework.boot.autoconfigure.orm.jpa.HibernateJpaConfiguration' via constructor to bean named 'spring.jpa-org.springframework.boot.autoconfigure.orm.jpa.JpaProperties'
2024-04-28T14:42:12.014-04:00 DEBUG 7452 --- [           main] o.s.b.f.s.DefaultListableBeanFactory     : Autowiring by type from bean name 'org.springframework.boot.autoconfigure.orm.jpa.HibernateJpaConfiguration' via constructor to bean named 'org.springframework.beans.factory.support.DefaultListableBeanFactory@4528a8bf'
2024-04-28T14:42:12.014-04:00 DEBUG 7452 --- [           main] o.s.b.f.s.DefaultListableBeanFactory     : Autowiring by type from bean name 'org.springframework.boot.autoconfigure.orm.jpa.HibernateJpaConfiguration' via constructor to bean named 'spring.jpa.hibernate-org.springframework.boot.autoconfigure.orm.jpa.HibernateProperties'
2024-04-28T14:42:12.014-04:00 DEBUG 7452 --- [           main] o.s.b.f.s.DefaultListableBeanFactory     : Creating shared instance of singleton bean 'hikariPoolDataSourceMetadataProvider'
2024-04-28T14:42:12.014-04:00 DEBUG 7452 --- [           main] o.s.b.f.s.DefaultListableBeanFactory     : Creating shared instance of singleton bean 'org.springframework.boot.autoconfigure.jdbc.metadata.DataSourcePoolMetadataProvidersConfiguration$HikariPoolDataSourceMetadataProviderConfiguration'
2024-04-28T14:42:12.015-04:00 DEBUG 7452 --- [           main] o.s.b.f.s.DefaultListableBeanFactory     : Creating shared instance of singleton bean 'entityManagerFactoryBuilder'
2024-04-28T14:42:12.015-04:00 DEBUG 7452 --- [           main] o.s.b.f.s.DefaultListableBeanFactory     : Creating shared instance of singleton bean 'jpaVendorAdapter'
2024-04-28T14:42:12.015-04:00 DEBUG 7452 --- [           main] o.s.b.f.s.DefaultListableBeanFactory     : Autowiring by type from bean name 'entityManagerFactoryBuilder' via factory method to bean named 'jpaVendorAdapter'
2024-04-28T14:42:12.016-04:00 DEBUG 7452 --- [           main] o.s.b.f.s.DefaultListableBeanFactory     : Creating shared instance of singleton bean 'persistenceManagedTypes'
2024-04-28T14:42:12.016-04:00 DEBUG 7452 --- [           main] o.s.b.f.s.DefaultListableBeanFactory     : Autowiring by type from bean name 'persistenceManagedTypes' via factory method to bean named 'org.springframework.beans.factory.support.DefaultListableBeanFactory@4528a8bf'
2024-04-28T14:42:12.016-04:00 DEBUG 7452 --- [           main] o.s.b.f.s.DefaultListableBeanFactory     : Autowiring by type from bean name 'persistenceManagedTypes' via factory method to bean named 'org.springframework.context.annotation.AnnotationConfigApplicationContext@33dcbdc2'
2024-04-28T14:42:12.018-04:00 DEBUG 7452 --- [           main] o.s.b.f.s.DefaultListableBeanFactory     : Autowiring by type from bean name 'entityManagerFactory' via factory method to bean named 'entityManagerFactoryBuilder'
2024-04-28T14:42:12.018-04:00 DEBUG 7452 --- [           main] o.s.b.f.s.DefaultListableBeanFactory     : Autowiring by type from bean name 'entityManagerFactory' via factory method to bean named 'persistenceManagedTypes'
2024-04-28T14:42:12.019-04:00 DEBUG 7452 --- [           main] j.LocalContainerEntityManagerFactoryBean : Building JPA container EntityManagerFactory for persistence unit 'default'
2024-04-28T14:42:12.019-04:00 DEBUG 7452 --- [           main] o.hibernate.jpa.internal.util.LogHelper  : PersistenceUnitInfo [
	name: default
	persistence provider classname: null
	classloader: jdk.internal.loader.ClassLoaders$AppClassLoader@70dea4e
	excludeUnlistedClasses: true
	JTA datasource: null
	Non JTA datasource: HikariDataSource (null)
	Transaction type: RESOURCE_LOCAL
	PU root URL: file:/C:/Users/PC%20Gio/Documents/GitHub/sumativa2_microservicio_B/demo/target/test-classes/
	Shared Cache Mode: UNSPECIFIED
	Validation Mode: AUTO
	Jar files URLs []
	Managed classes names [
		com.example.demo.model.ConsultaMedica
		com.example.demo.model.Paciente]
	Mapping files names []
	Properties []
2024-04-28T14:42:12.019-04:00 DEBUG 7452 --- [           main] o.h.i.internal.IntegratorServiceImpl     : Adding Integrator [org.hibernate.boot.beanvalidation.BeanValidationIntegrator].
2024-04-28T14:42:12.019-04:00 DEBUG 7452 --- [           main] o.h.i.internal.IntegratorServiceImpl     : Adding Integrator [org.hibernate.cache.internal.CollectionCacheInvalidator].
2024-04-28T14:42:12.020-04:00 DEBUG 7452 --- [           main] org.hibernate.orm.idgen.factory          : Registering IdentifierGenerator strategy [uuid2] -> [org.hibernate.id.UUIDGenerator]
2024-04-28T14:42:12.020-04:00 DEBUG 7452 --- [           main] org.hibernate.orm.idgen.factory          : Registering IdentifierGenerator strategy [guid] -> [org.hibernate.id.GUIDGenerator]
2024-04-28T14:42:12.020-04:00 DEBUG 7452 --- [           main] org.hibernate.orm.idgen.factory          : Registering IdentifierGenerator strategy [uuid] -> [org.hibernate.id.UUIDHexGenerator]
2024-04-28T14:42:12.020-04:00 DEBUG 7452 --- [           main] org.hibernate.orm.idgen.factory          : Registering IdentifierGenerator strategy [uuid.hex] -> [org.hibernate.id.UUIDHexGenerator]
2024-04-28T14:42:12.020-04:00 DEBUG 7452 --- [           main] org.hibernate.orm.idgen.factory          : Registering IdentifierGenerator strategy [assigned] -> [org.hibernate.id.Assigned]
2024-04-28T14:42:12.020-04:00 DEBUG 7452 --- [           main] org.hibernate.orm.idgen.factory          : Registering IdentifierGenerator strategy [identity] -> [org.hibernate.id.IdentityGenerator]
2024-04-28T14:42:12.020-04:00 DEBUG 7452 --- [           main] org.hibernate.orm.idgen.factory          : Registering IdentifierGenerator strategy [select] -> [org.hibernate.id.SelectGenerator]
2024-04-28T14:42:12.020-04:00 DEBUG 7452 --- [           main] org.hibernate.orm.idgen.factory          : Registering IdentifierGenerator strategy [sequence] -> [org.hibernate.id.enhanced.SequenceStyleGenerator]
2024-04-28T14:42:12.020-04:00 DEBUG 7452 --- [           main] org.hibernate.orm.idgen.factory          : Registering IdentifierGenerator strategy [increment] -> [org.hibernate.id.IncrementGenerator]
2024-04-28T14:42:12.020-04:00 DEBUG 7452 --- [           main] org.hibernate.orm.idgen.factory          : Registering IdentifierGenerator strategy [foreign] -> [org.hibernate.id.ForeignGenerator]
2024-04-28T14:42:12.020-04:00 DEBUG 7452 --- [           main] org.hibernate.orm.idgen.factory          : Registering IdentifierGenerator strategy [enhanced-sequence] -> [org.hibernate.id.enhanced.SequenceStyleGenerator]
2024-04-28T14:42:12.020-04:00 DEBUG 7452 --- [           main] org.hibernate.orm.idgen.factory          : Registering IdentifierGenerator strategy [enhanced-table] -> [org.hibernate.id.enhanced.TableGenerator]
2024-04-28T14:42:12.020-04:00 DEBUG 7452 --- [           main] o.h.c.internal.RegionFactoryInitiator    : Cannot default RegionFactory based on registered strategies as `[]` RegionFactory strategies were registered
2024-04-28T14:42:12.020-04:00  INFO 7452 --- [           main] o.h.c.internal.RegionFactoryInitiator    : HHH000026: Second-level cache disabled
2024-04-28T14:42:12.020-04:00 DEBUG 7452 --- [           main] org.hibernate.type.BasicTypeRegistry     : Adding type registration boolean -> org.hibernate.type.BasicTypeReference@350be5ec
2024-04-28T14:42:12.020-04:00 DEBUG 7452 --- [           main] org.hibernate.type.BasicTypeRegistry     : Adding type registration boolean -> org.hibernate.type.BasicTypeReference@350be5ec
2024-04-28T14:42:12.020-04:00 DEBUG 7452 --- [           main] org.hibernate.type.BasicTypeRegistry     : Adding type registration java.lang.Boolean -> org.hibernate.type.BasicTypeReference@350be5ec
2024-04-28T14:42:12.020-04:00 DEBUG 7452 --- [           main] org.hibernate.type.BasicTypeRegistry     : Adding type registration numeric_boolean -> org.hibernate.type.BasicTypeReference@478cebdb
2024-04-28T14:42:12.020-04:00 DEBUG 7452 --- [           main] org.hibernate.type.BasicTypeRegistry     : Adding type registration org.hibernate.type.NumericBooleanConverter -> org.hibernate.type.BasicTypeReference@478cebdb
2024-04-28T14:42:12.020-04:00 DEBUG 7452 --- [           main] org.hibernate.type.BasicTypeRegistry     : Adding type registration true_false -> org.hibernate.type.BasicTypeReference@5464aeec
2024-04-28T14:42:12.020-04:00 DEBUG 7452 --- [           main] org.hibernate.type.BasicTypeRegistry     : Adding type registration org.hibernate.type.TrueFalseConverter -> org.hibernate.type.BasicTypeReference@5464aeec
2024-04-28T14:42:12.020-04:00 DEBUG 7452 --- [           main] org.hibernate.type.BasicTypeRegistry     : Adding type registration yes_no -> org.hibernate.type.BasicTypeReference@1b3a95d9
2024-04-28T14:42:12.020-04:00 DEBUG 7452 --- [           main] org.hibernate.type.BasicTypeRegistry     : Adding type registration org.hibernate.type.YesNoConverter -> org.hibernate.type.BasicTypeReference@1b3a95d9
2024-04-28T14:42:12.020-04:00 DEBUG 7452 --- [           main] org.hibernate.type.BasicTypeRegistry     : Adding type registration byte -> org.hibernate.type.BasicTypeReference@71f437d7
2024-04-28T14:42:12.020-04:00 DEBUG 7452 --- [           main] org.hibernate.type.BasicTypeRegistry     : Adding type registration byte -> org.hibernate.type.BasicTypeReference@71f437d7
2024-04-28T14:42:12.020-04:00 DEBUG 7452 --- [           main] org.hibernate.type.BasicTypeRegistry     : Adding type registration java.lang.Byte -> org.hibernate.type.BasicTypeReference@71f437d7
2024-04-28T14:42:12.020-04:00 DEBUG 7452 --- [           main] org.hibernate.type.BasicTypeRegistry     : Adding type registration binary -> org.hibernate.type.BasicTypeReference@5186c801
2024-04-28T14:42:12.020-04:00 DEBUG 7452 --- [           main] org.hibernate.type.BasicTypeRegistry     : Adding type registration byte[] -> org.hibernate.type.BasicTypeReference@5186c801
2024-04-28T14:42:12.020-04:00 DEBUG 7452 --- [           main] org.hibernate.type.BasicTypeRegistry     : Adding type registration [B -> org.hibernate.type.BasicTypeReference@5186c801
2024-04-28T14:42:12.020-04:00 DEBUG 7452 --- [           main] org.hibernate.type.BasicTypeRegistry     : Adding type registration binary_wrapper -> org.hibernate.type.BasicTypeReference@20e41f13
2024-04-28T14:42:12.020-04:00 DEBUG 7452 --- [           main] org.hibernate.type.BasicTypeRegistry     : Adding type registration wrapper-binary -> org.hibernate.type.BasicTypeReference@20e41f13
2024-04-28T14:42:12.020-04:00 DEBUG 7452 --- [           main] org.hibernate.type.BasicTypeRegistry     : Adding type registration image -> org.hibernate.type.BasicTypeReference@6fbfd28b
2024-04-28T14:42:12.020-04:00 DEBUG 7452 --- [           main] org.hibernate.type.BasicTypeRegistry     : Adding type registration blob -> org.hibernate.type.BasicTypeReference@3fa50a24
2024-04-28T14:42:12.020-04:00 DEBUG 7452 --- [           main] org.hibernate.type.BasicTypeRegistry     : Adding type registration java.sql.Blob -> org.hibernate.type.BasicTypeReference@3fa50a24
2024-04-28T14:42:12.020-04:00 DEBUG 7452 --- [           main] org.hibernate.type.BasicTypeRegistry     : Adding type registration materialized_blob -> org.hibernate.type.BasicTypeReference@58041b11
2024-04-28T14:42:12.020-04:00 DEBUG 7452 --- [           main] org.hibernate.type.BasicTypeRegistry     : Adding type registration materialized_blob_wrapper -> org.hibernate.type.BasicTypeReference@58189b85
2024-04-28T14:42:12.020-04:00 DEBUG 7452 --- [           main] org.hibernate.type.BasicTypeRegistry     : Adding type registration short -> org.hibernate.type.BasicTypeReference@49222187
2024-04-28T14:42:12.020-04:00 DEBUG 7452 --- [           main] org.hibernate.type.BasicTypeRegistry     : Adding type registration short -> org.hibernate.type.BasicTypeReference@49222187
2024-04-28T14:42:12.020-04:00 DEBUG 7452 --- [           main] org.hibernate.type.BasicTypeRegistry     : Adding type registration java.lang.Short -> org.hibernate.type.BasicTypeReference@49222187
2024-04-28T14:42:12.020-04:00 DEBUG 7452 --- [           main] org.hibernate.type.BasicTypeRegistry     : Adding type registration integer -> org.hibernate.type.BasicTypeReference@5e41e6ad
2024-04-28T14:42:12.020-04:00 DEBUG 7452 --- [           main] org.hibernate.type.BasicTypeRegistry     : Adding type registration int -> org.hibernate.type.BasicTypeReference@5e41e6ad
2024-04-28T14:42:12.020-04:00 DEBUG 7452 --- [           main] org.hibernate.type.BasicTypeRegistry     : Adding type registration java.lang.Integer -> org.hibernate.type.BasicTypeReference@5e41e6ad
2024-04-28T14:42:12.020-04:00 DEBUG 7452 --- [           main] org.hibernate.type.BasicTypeRegistry     : Adding type registration long -> org.hibernate.type.BasicTypeReference@2665a2e7
2024-04-28T14:42:12.020-04:00 DEBUG 7452 --- [           main] org.hibernate.type.BasicTypeRegistry     : Adding type registration long -> org.hibernate.type.BasicTypeReference@2665a2e7
2024-04-28T14:42:12.020-04:00 DEBUG 7452 --- [           main] org.hibernate.type.BasicTypeRegistry     : Adding type registration java.lang.Long -> org.hibernate.type.BasicTypeReference@2665a2e7
2024-04-28T14:42:12.020-04:00 DEBUG 7452 --- [           main] org.hibernate.type.BasicTypeRegistry     : Adding type registration float -> org.hibernate.type.BasicTypeReference@3abdc11d
2024-04-28T14:42:12.020-04:00 DEBUG 7452 --- [           main] org.hibernate.type.BasicTypeRegistry     : Adding type registration float -> org.hibernate.type.BasicTypeReference@3abdc11d
2024-04-28T14:42:12.020-04:00 DEBUG 7452 --- [           main] org.hibernate.type.BasicTypeRegistry     : Adding type registration java.lang.Float -> org.hibernate.type.BasicTypeReference@3abdc11d
2024-04-28T14:42:12.020-04:00 DEBUG 7452 --- [           main] org.hibernate.type.BasicTypeRegistry     : Adding type registration double -> org.hibernate.type.BasicTypeReference@624be1d4
2024-04-28T14:42:12.020-04:00 DEBUG 7452 --- [           main] org.hibernate.type.BasicTypeRegistry     : Adding type registration double -> org.hibernate.type.BasicTypeReference@624be1d4
2024-04-28T14:42:12.020-04:00 DEBUG 7452 --- [           main] org.hibernate.type.BasicTypeRegistry     : Adding type registration java.lang.Double -> org.hibernate.type.BasicTypeReference@624be1d4
2024-04-28T14:42:12.020-04:00 DEBUG 7452 --- [           main] org.hibernate.type.BasicTypeRegistry     : Adding type registration big_integer -> org.hibernate.type.BasicTypeReference@336e17be
2024-04-28T14:42:12.021-04:00 DEBUG 7452 --- [           main] org.hibernate.type.BasicTypeRegistry     : Adding type registration java.math.BigInteger -> org.hibernate.type.BasicTypeReference@336e17be
2024-04-28T14:42:12.021-04:00 DEBUG 7452 --- [           main] org.hibernate.type.BasicTypeRegistry     : Adding type registration big_decimal -> org.hibernate.type.BasicTypeReference@3897f9ae
2024-04-28T14:42:12.021-04:00 DEBUG 7452 --- [           main] org.hibernate.type.BasicTypeRegistry     : Adding type registration java.math.BigDecimal -> org.hibernate.type.BasicTypeReference@3897f9ae
2024-04-28T14:42:12.021-04:00 DEBUG 7452 --- [           main] org.hibernate.type.BasicTypeRegistry     : Adding type registration character -> org.hibernate.type.BasicTypeReference@6c767288
2024-04-28T14:42:12.021-04:00 DEBUG 7452 --- [           main] org.hibernate.type.BasicTypeRegistry     : Adding type registration char -> org.hibernate.type.BasicTypeReference@6c767288
2024-04-28T14:42:12.021-04:00 DEBUG 7452 --- [           main] org.hibernate.type.BasicTypeRegistry     : Adding type registration java.lang.Character -> org.hibernate.type.BasicTypeReference@6c767288
2024-04-28T14:42:12.021-04:00 DEBUG 7452 --- [           main] org.hibernate.type.BasicTypeRegistry     : Adding type registration character_nchar -> org.hibernate.type.BasicTypeReference@510e6b93
2024-04-28T14:42:12.021-04:00 DEBUG 7452 --- [           main] org.hibernate.type.BasicTypeRegistry     : Adding type registration string -> org.hibernate.type.BasicTypeReference@129e45eb
2024-04-28T14:42:12.021-04:00 DEBUG 7452 --- [           main] org.hibernate.type.BasicTypeRegistry     : Adding type registration java.lang.String -> org.hibernate.type.BasicTypeReference@129e45eb
2024-04-28T14:42:12.021-04:00 DEBUG 7452 --- [           main] org.hibernate.type.BasicTypeRegistry     : Adding type registration nstring -> org.hibernate.type.BasicTypeReference@15c3849f
2024-04-28T14:42:12.021-04:00 DEBUG 7452 --- [           main] org.hibernate.type.BasicTypeRegistry     : Adding type registration characters -> org.hibernate.type.BasicTypeReference@4a7e469d
2024-04-28T14:42:12.021-04:00 DEBUG 7452 --- [           main] org.hibernate.type.BasicTypeRegistry     : Adding type registration char[] -> org.hibernate.type.BasicTypeReference@4a7e469d
2024-04-28T14:42:12.021-04:00 DEBUG 7452 --- [           main] org.hibernate.type.BasicTypeRegistry     : Adding type registration [C -> org.hibernate.type.BasicTypeReference@4a7e469d
2024-04-28T14:42:12.021-04:00 DEBUG 7452 --- [           main] org.hibernate.type.BasicTypeRegistry     : Adding type registration wrapper-characters -> org.hibernate.type.BasicTypeReference@688efeb2
2024-04-28T14:42:12.021-04:00 DEBUG 7452 --- [           main] org.hibernate.type.BasicTypeRegistry     : Adding type registration text -> org.hibernate.type.BasicTypeReference@85f5f55
2024-04-28T14:42:12.021-04:00 DEBUG 7452 --- [           main] org.hibernate.type.BasicTypeRegistry     : Adding type registration ntext -> org.hibernate.type.BasicTypeReference@131c5bd
2024-04-28T14:42:12.021-04:00 DEBUG 7452 --- [           main] org.hibernate.type.BasicTypeRegistry     : Adding type registration clob -> org.hibernate.type.BasicTypeReference@394331a8
2024-04-28T14:42:12.021-04:00 DEBUG 7452 --- [           main] org.hibernate.type.BasicTypeRegistry     : Adding type registration java.sql.Clob -> org.hibernate.type.BasicTypeReference@394331a8
2024-04-28T14:42:12.021-04:00 DEBUG 7452 --- [           main] org.hibernate.type.BasicTypeRegistry     : Adding type registration nclob -> org.hibernate.type.BasicTypeReference@2627335c
2024-04-28T14:42:12.021-04:00 DEBUG 7452 --- [           main] org.hibernate.type.BasicTypeRegistry     : Adding type registration java.sql.NClob -> org.hibernate.type.BasicTypeReference@2627335c
2024-04-28T14:42:12.021-04:00 DEBUG 7452 --- [           main] org.hibernate.type.BasicTypeRegistry     : Adding type registration materialized_clob -> org.hibernate.type.BasicTypeReference@5470753a
2024-04-28T14:42:12.021-04:00 DEBUG 7452 --- [           main] org.hibernate.type.BasicTypeRegistry     : Adding type registration materialized_clob_char_array -> org.hibernate.type.BasicTypeReference@5b634e24
2024-04-28T14:42:12.021-04:00 DEBUG 7452 --- [           main] org.hibernate.type.BasicTypeRegistry     : Adding type registration materialized_clob_character_array -> org.hibernate.type.BasicTypeReference@7b0dfa91
2024-04-28T14:42:12.021-04:00 DEBUG 7452 --- [           main] org.hibernate.type.BasicTypeRegistry     : Adding type registration materialized_nclob -> org.hibernate.type.BasicTypeReference@642f8b7f
2024-04-28T14:42:12.021-04:00 DEBUG 7452 --- [           main] org.hibernate.type.BasicTypeRegistry     : Adding type registration materialized_nclob_character_array -> org.hibernate.type.BasicTypeReference@3321fb65
2024-04-28T14:42:12.021-04:00 DEBUG 7452 --- [           main] org.hibernate.type.BasicTypeRegistry     : Adding type registration materialized_nclob_char_array -> org.hibernate.type.BasicTypeReference@7272914b
2024-04-28T14:42:12.021-04:00 DEBUG 7452 --- [           main] org.hibernate.type.BasicTypeRegistry     : Adding type registration Duration -> org.hibernate.type.BasicTypeReference@663f24e6
2024-04-28T14:42:12.021-04:00 DEBUG 7452 --- [           main] org.hibernate.type.BasicTypeRegistry     : Adding type registration java.time.Duration -> org.hibernate.type.BasicTypeReference@663f24e6
2024-04-28T14:42:12.021-04:00 DEBUG 7452 --- [           main] org.hibernate.type.BasicTypeRegistry     : Adding type registration LocalDateTime -> org.hibernate.type.BasicTypeReference@7e532f2d
2024-04-28T14:42:12.021-04:00 DEBUG 7452 --- [           main] org.hibernate.type.BasicTypeRegistry     : Adding type registration java.time.LocalDateTime -> org.hibernate.type.BasicTypeReference@7e532f2d
2024-04-28T14:42:12.021-04:00 DEBUG 7452 --- [           main] org.hibernate.type.BasicTypeRegistry     : Adding type registration LocalDate -> org.hibernate.type.BasicTypeReference@42150951
2024-04-28T14:42:12.021-04:00 DEBUG 7452 --- [           main] org.hibernate.type.BasicTypeRegistry     : Adding type registration java.time.LocalDate -> org.hibernate.type.BasicTypeReference@42150951
2024-04-28T14:42:12.021-04:00 DEBUG 7452 --- [           main] org.hibernate.type.BasicTypeRegistry     : Adding type registration LocalTime -> org.hibernate.type.BasicTypeReference@248b2091
2024-04-28T14:42:12.021-04:00 DEBUG 7452 --- [           main] org.hibernate.type.BasicTypeRegistry     : Adding type registration java.time.LocalTime -> org.hibernate.type.BasicTypeReference@248b2091
2024-04-28T14:42:12.021-04:00 DEBUG 7452 --- [           main] org.hibernate.type.BasicTypeRegistry     : Adding type registration OffsetDateTime -> org.hibernate.type.BasicTypeReference@3b0c38f2
2024-04-28T14:42:12.021-04:00 DEBUG 7452 --- [           main] org.hibernate.type.BasicTypeRegistry     : Adding type registration java.time.OffsetDateTime -> org.hibernate.type.BasicTypeReference@3b0c38f2
2024-04-28T14:42:12.021-04:00 DEBUG 7452 --- [           main] org.hibernate.type.BasicTypeRegistry     : Adding type registration OffsetDateTimeWithTimezone -> org.hibernate.type.BasicTypeReference@5cc152f9
2024-04-28T14:42:12.021-04:00 DEBUG 7452 --- [           main] org.hibernate.type.BasicTypeRegistry     : Adding type registration OffsetDateTimeWithoutTimezone -> org.hibernate.type.BasicTypeReference@36f497b1
2024-04-28T14:42:12.021-04:00 DEBUG 7452 --- [           main] org.hibernate.type.BasicTypeRegistry     : Adding type registration OffsetTime -> org.hibernate.type.BasicTypeReference@4b86a656
2024-04-28T14:42:12.021-04:00 DEBUG 7452 --- [           main] org.hibernate.type.BasicTypeRegistry     : Adding type registration java.time.OffsetTime -> org.hibernate.type.BasicTypeReference@4b86a656
2024-04-28T14:42:12.021-04:00 DEBUG 7452 --- [           main] org.hibernate.type.BasicTypeRegistry     : Adding type registration OffsetTimeUtc -> org.hibernate.type.BasicTypeReference@1117cc7c
2024-04-28T14:42:12.021-04:00 DEBUG 7452 --- [           main] org.hibernate.type.BasicTypeRegistry     : Adding type registration OffsetTimeWithTimezone -> org.hibernate.type.BasicTypeReference@4797023d
2024-04-28T14:42:12.021-04:00 DEBUG 7452 --- [           main] org.hibernate.type.BasicTypeRegistry     : Adding type registration OffsetTimeWithoutTimezone -> org.hibernate.type.BasicTypeReference@2b06f498
2024-04-28T14:42:12.021-04:00 DEBUG 7452 --- [           main] org.hibernate.type.BasicTypeRegistry     : Adding type registration ZonedDateTime -> org.hibernate.type.BasicTypeReference@4ddb9a8
2024-04-28T14:42:12.021-04:00 DEBUG 7452 --- [           main] org.hibernate.type.BasicTypeRegistry     : Adding type registration java.time.ZonedDateTime -> org.hibernate.type.BasicTypeReference@4ddb9a8
2024-04-28T14:42:12.021-04:00 DEBUG 7452 --- [           main] org.hibernate.type.BasicTypeRegistry     : Adding type registration ZonedDateTimeWithTimezone -> org.hibernate.type.BasicTypeReference@7b24d5e4
2024-04-28T14:42:12.021-04:00 DEBUG 7452 --- [           main] org.hibernate.type.BasicTypeRegistry     : Adding type registration ZonedDateTimeWithoutTimezone -> org.hibernate.type.BasicTypeReference@4c3c31a5
2024-04-28T14:42:12.021-04:00 DEBUG 7452 --- [           main] org.hibernate.type.BasicTypeRegistry     : Adding type registration date -> org.hibernate.type.BasicTypeReference@5002be8e
2024-04-28T14:42:12.021-04:00 DEBUG 7452 --- [           main] org.hibernate.type.BasicTypeRegistry     : Adding type registration java.sql.Date -> org.hibernate.type.BasicTypeReference@5002be8e
2024-04-28T14:42:12.021-04:00 DEBUG 7452 --- [           main] org.hibernate.type.BasicTypeRegistry     : Adding type registration time -> org.hibernate.type.BasicTypeReference@39fb5ddf
2024-04-28T14:42:12.021-04:00 DEBUG 7452 --- [           main] org.hibernate.type.BasicTypeRegistry     : Adding type registration java.sql.Time -> org.hibernate.type.BasicTypeReference@39fb5ddf
2024-04-28T14:42:12.021-04:00 DEBUG 7452 --- [           main] org.hibernate.type.BasicTypeRegistry     : Adding type registration timestamp -> org.hibernate.type.BasicTypeReference@642d34f1
2024-04-28T14:42:12.021-04:00 DEBUG 7452 --- [           main] org.hibernate.type.BasicTypeRegistry     : Adding type registration java.sql.Timestamp -> org.hibernate.type.BasicTypeReference@642d34f1
2024-04-28T14:42:12.021-04:00 DEBUG 7452 --- [           main] org.hibernate.type.BasicTypeRegistry     : Adding type registration java.util.Date -> org.hibernate.type.BasicTypeReference@642d34f1
2024-04-28T14:42:12.021-04:00 DEBUG 7452 --- [           main] org.hibernate.type.BasicTypeRegistry     : Adding type registration calendar -> org.hibernate.type.BasicTypeReference@49b180c8
2024-04-28T14:42:12.021-04:00 DEBUG 7452 --- [           main] org.hibernate.type.BasicTypeRegistry     : Adding type registration java.util.Calendar -> org.hibernate.type.BasicTypeReference@49b180c8
2024-04-28T14:42:12.021-04:00 DEBUG 7452 --- [           main] org.hibernate.type.BasicTypeRegistry     : Adding type registration java.util.GregorianCalendar -> org.hibernate.type.BasicTypeReference@49b180c8
2024-04-28T14:42:12.021-04:00 DEBUG 7452 --- [           main] org.hibernate.type.BasicTypeRegistry     : Adding type registration calendar_date -> org.hibernate.type.BasicTypeReference@c02a1be
2024-04-28T14:42:12.021-04:00 DEBUG 7452 --- [           main] org.hibernate.type.BasicTypeRegistry     : Adding type registration calendar_time -> org.hibernate.type.BasicTypeReference@6f740044
2024-04-28T14:42:12.021-04:00 DEBUG 7452 --- [           main] org.hibernate.type.BasicTypeRegistry     : Adding type registration instant -> org.hibernate.type.BasicTypeReference@62732be7
2024-04-28T14:42:12.021-04:00 DEBUG 7452 --- [           main] org.hibernate.type.BasicTypeRegistry     : Adding type registration java.time.Instant -> org.hibernate.type.BasicTypeReference@62732be7
2024-04-28T14:42:12.021-04:00 DEBUG 7452 --- [           main] org.hibernate.type.BasicTypeRegistry     : Adding type registration uuid -> org.hibernate.type.BasicTypeReference@278150a1
2024-04-28T14:42:12.021-04:00 DEBUG 7452 --- [           main] org.hibernate.type.BasicTypeRegistry     : Adding type registration java.util.UUID -> org.hibernate.type.BasicTypeReference@278150a1
2024-04-28T14:42:12.021-04:00 DEBUG 7452 --- [           main] org.hibernate.type.BasicTypeRegistry     : Adding type registration pg-uuid -> org.hibernate.type.BasicTypeReference@278150a1
2024-04-28T14:42:12.021-04:00 DEBUG 7452 --- [           main] org.hibernate.type.BasicTypeRegistry     : Adding type registration uuid-binary -> org.hibernate.type.BasicTypeReference@3e170abe
2024-04-28T14:42:12.021-04:00 DEBUG 7452 --- [           main] org.hibernate.type.BasicTypeRegistry     : Adding type registration uuid-char -> org.hibernate.type.BasicTypeReference@712e4b18
2024-04-28T14:42:12.021-04:00 DEBUG 7452 --- [           main] org.hibernate.type.BasicTypeRegistry     : Adding type registration class -> org.hibernate.type.BasicTypeReference@af96ac9
2024-04-28T14:42:12.021-04:00 DEBUG 7452 --- [           main] org.hibernate.type.BasicTypeRegistry     : Adding type registration java.lang.Class -> org.hibernate.type.BasicTypeReference@af96ac9
2024-04-28T14:42:12.021-04:00 DEBUG 7452 --- [           main] org.hibernate.type.BasicTypeRegistry     : Adding type registration currency -> org.hibernate.type.BasicTypeReference@27d0376f
2024-04-28T14:42:12.021-04:00 DEBUG 7452 --- [           main] org.hibernate.type.BasicTypeRegistry     : Adding type registration Currency -> org.hibernate.type.BasicTypeReference@27d0376f
2024-04-28T14:42:12.021-04:00 DEBUG 7452 --- [           main] org.hibernate.type.BasicTypeRegistry     : Adding type registration java.util.Currency -> org.hibernate.type.BasicTypeReference@27d0376f
2024-04-28T14:42:12.021-04:00 DEBUG 7452 --- [           main] org.hibernate.type.BasicTypeRegistry     : Adding type registration locale -> org.hibernate.type.BasicTypeReference@21948bd1
2024-04-28T14:42:12.021-04:00 DEBUG 7452 --- [           main] org.hibernate.type.BasicTypeRegistry     : Adding type registration java.util.Locale -> org.hibernate.type.BasicTypeReference@21948bd1
2024-04-28T14:42:12.021-04:00 DEBUG 7452 --- [           main] org.hibernate.type.BasicTypeRegistry     : Adding type registration serializable -> org.hibernate.type.BasicTypeReference@22617270
2024-04-28T14:42:12.021-04:00 DEBUG 7452 --- [           main] org.hibernate.type.BasicTypeRegistry     : Adding type registration java.io.Serializable -> org.hibernate.type.BasicTypeReference@22617270
2024-04-28T14:42:12.021-04:00 DEBUG 7452 --- [           main] org.hibernate.type.BasicTypeRegistry     : Adding type registration timezone -> org.hibernate.type.BasicTypeReference@630febd7
2024-04-28T14:42:12.021-04:00 DEBUG 7452 --- [           main] org.hibernate.type.BasicTypeRegistry     : Adding type registration java.util.TimeZone -> org.hibernate.type.BasicTypeReference@630febd7
2024-04-28T14:42:12.021-04:00 DEBUG 7452 --- [           main] org.hibernate.type.BasicTypeRegistry     : Adding type registration ZoneOffset -> org.hibernate.type.BasicTypeReference@45c2c396
2024-04-28T14:42:12.021-04:00 DEBUG 7452 --- [           main] org.hibernate.type.BasicTypeRegistry     : Adding type registration java.time.ZoneOffset -> org.hibernate.type.BasicTypeReference@45c2c396
2024-04-28T14:42:12.021-04:00 DEBUG 7452 --- [           main] org.hibernate.type.BasicTypeRegistry     : Adding type registration url -> org.hibernate.type.BasicTypeReference@408d12fc
2024-04-28T14:42:12.021-04:00 DEBUG 7452 --- [           main] org.hibernate.type.BasicTypeRegistry     : Adding type registration java.net.URL -> org.hibernate.type.BasicTypeReference@408d12fc
2024-04-28T14:42:12.021-04:00 DEBUG 7452 --- [           main] org.hibernate.type.BasicTypeRegistry     : Adding type registration vector -> org.hibernate.type.BasicTypeReference@69d61a6f
2024-04-28T14:42:12.021-04:00 DEBUG 7452 --- [           main] org.hibernate.type.BasicTypeRegistry     : Adding type registration row_version -> org.hibernate.type.BasicTypeReference@759b05d1
2024-04-28T14:42:12.021-04:00 DEBUG 7452 --- [           main] org.hibernate.type.BasicTypeRegistry     : Adding type registration object -> org.hibernate.type.JavaObjectType@2f82e3cf
2024-04-28T14:42:12.021-04:00 DEBUG 7452 --- [           main] org.hibernate.type.BasicTypeRegistry     : Adding type registration java.lang.Object -> org.hibernate.type.JavaObjectType@2f82e3cf
2024-04-28T14:42:12.021-04:00 DEBUG 7452 --- [           main] org.hibernate.type.BasicTypeRegistry     : Adding type registration null -> org.hibernate.type.NullType@153d14e3
2024-04-28T14:42:12.021-04:00 DEBUG 7452 --- [           main] org.hibernate.type.BasicTypeRegistry     : Adding type registration imm_date -> org.hibernate.type.BasicTypeReference@6bac199f
2024-04-28T14:42:12.021-04:00 DEBUG 7452 --- [           main] org.hibernate.type.BasicTypeRegistry     : Adding type registration imm_time -> org.hibernate.type.BasicTypeReference@2a47fb5d
2024-04-28T14:42:12.021-04:00 DEBUG 7452 --- [           main] org.hibernate.type.BasicTypeRegistry     : Adding type registration imm_timestamp -> org.hibernate.type.BasicTypeReference@47a9bcf1
2024-04-28T14:42:12.021-04:00 DEBUG 7452 --- [           main] org.hibernate.type.BasicTypeRegistry     : Adding type registration imm_calendar -> org.hibernate.type.BasicTypeReference@17c95612
2024-04-28T14:42:12.021-04:00 DEBUG 7452 --- [           main] org.hibernate.type.BasicTypeRegistry     : Adding type registration imm_calendar_date -> org.hibernate.type.BasicTypeReference@1ca2d595
2024-04-28T14:42:12.021-04:00 DEBUG 7452 --- [           main] org.hibernate.type.BasicTypeRegistry     : Adding type registration imm_calendar_time -> org.hibernate.type.BasicTypeReference@92a584f
2024-04-28T14:42:12.021-04:00 DEBUG 7452 --- [           main] org.hibernate.type.BasicTypeRegistry     : Adding type registration imm_binary -> org.hibernate.type.BasicTypeReference@36e23af
2024-04-28T14:42:12.021-04:00 DEBUG 7452 --- [           main] org.hibernate.type.BasicTypeRegistry     : Adding type registration imm_serializable -> org.hibernate.type.BasicTypeReference@5e4a9c16
2024-04-28T14:42:12.022-04:00 DEBUG 7452 --- [           main] o.h.boot.internal.BootstrapContextImpl   : Injecting JPA temp ClassLoader [org.springframework.instrument.classloading.SimpleThrowawayClassLoader@ffd26d1] into BootstrapContext; was [null]
2024-04-28T14:42:12.022-04:00 DEBUG 7452 --- [           main] o.h.boot.internal.ClassLoaderAccessImpl  : ClassLoaderAccessImpl#injectTempClassLoader(org.springframework.instrument.classloading.SimpleThrowawayClassLoader@ffd26d1) [was null]
2024-04-28T14:42:12.022-04:00 DEBUG 7452 --- [           main] o.h.boot.internal.BootstrapContextImpl   : Injecting ScanEnvironment [org.hibernate.jpa.boot.internal.StandardJpaScanEnvironmentImpl@7dfc0fda] into BootstrapContext; was [null]
2024-04-28T14:42:12.022-04:00 DEBUG 7452 --- [           main] o.h.boot.internal.BootstrapContextImpl   : Injecting ScanOptions [org.hibernate.boot.archive.scan.internal.StandardScanOptions@775c865f] into BootstrapContext; was [org.hibernate.boot.archive.scan.internal.StandardScanOptions@5410bbdf]
2024-04-28T14:42:12.024-04:00  INFO 7452 --- [           main] o.s.o.j.p.SpringPersistenceUnitInfo      : No LoadTimeWeaver setup: ignoring JPA class transformer
2024-04-28T14:42:12.024-04:00 DEBUG 7452 --- [           main] o.h.boot.internal.BootstrapContextImpl   : Injecting JPA temp ClassLoader [null] into BootstrapContext; was [org.springframework.instrument.classloading.SimpleThrowawayClassLoader@ffd26d1]
2024-04-28T14:42:12.024-04:00 DEBUG 7452 --- [           main] o.h.boot.internal.ClassLoaderAccessImpl  : ClassLoaderAccessImpl#injectTempClassLoader(null) [was org.springframework.instrument.classloading.SimpleThrowawayClassLoader@ffd26d1]
2024-04-28T14:42:12.024-04:00  INFO 7452 --- [           main] com.zaxxer.hikari.HikariDataSource       : HikariPool-2 - Starting...
2024-04-28T14:42:12.025-04:00  WARN 7452 --- [           main] c.zaxxer.hikari.util.DriverDataSource    : Registered driver with driverClassName=oracle.jdbc.driver.OracleDriver was not found, trying direct instantiation.
2024-04-28T14:42:12.223-04:00  INFO 7452 --- [           main] com.zaxxer.hikari.pool.HikariPool        : HikariPool-2 - Added connection oracle.jdbc.driver.T4CConnection@5233b7ad
2024-04-28T14:42:12.223-04:00  INFO 7452 --- [           main] com.zaxxer.hikari.HikariDataSource       : HikariPool-2 - Start completed.
2024-04-28T14:42:12.224-04:00 DEBUG 7452 --- [           main] o.h.e.j.e.i.JdbcEnvironmentInitiator     : Database ->
       name : Oracle
    version : Oracle Database 19c Enterprise Edition Release 19.0.0.0.0 - Production
Version 19.23.0.1.0
      major : 19
      minor : 0
2024-04-28T14:42:12.224-04:00 DEBUG 7452 --- [           main] o.h.e.j.e.i.JdbcEnvironmentInitiator     : Driver ->
       name : Oracle JDBC driver
    version : 21.9.0.0.0
      major : 21
      minor : 9
2024-04-28T14:42:12.224-04:00 DEBUG 7452 --- [           main] o.h.e.j.e.i.JdbcEnvironmentInitiator     : JDBC version : 4.3
2024-04-28T14:42:12.230-04:00  WARN 7452 --- [           main] org.hibernate.orm.deprecation            : HHH90000025: OracleDialect does not need to be specified explicitly using 'hibernate.dialect' (remove the property setting and it will be selected by default)
2024-04-28T14:42:12.230-04:00 DEBUG 7452 --- [           main] org.hibernate.orm.dialect                : HHH035001: Using dialect: org.hibernate.dialect.OracleDialect, version: 19.0
2024-04-28T14:42:12.249-04:00 DEBUG 7452 --- [           main] o.h.t.d.jdbc.spi.JdbcTypeRegistry        : addDescriptor(NCharTypeDescriptor) replaced previous registration(CharTypeDescriptor)
2024-04-28T14:42:12.249-04:00 DEBUG 7452 --- [           main] o.h.t.d.jdbc.spi.JdbcTypeRegistry        : addDescriptor(NVarcharTypeDescriptor) replaced previous registration(VarcharTypeDescriptor)
2024-04-28T14:42:12.249-04:00 DEBUG 7452 --- [           main] o.h.t.d.jdbc.spi.JdbcTypeRegistry        : addDescriptor(LongNVarcharTypeDescriptor) replaced previous registration(LongVarcharTypeDescriptor)
2024-04-28T14:42:12.249-04:00 DEBUG 7452 --- [           main] o.h.t.d.jdbc.spi.JdbcTypeRegistry        : addDescriptor(NClobTypeDescriptor(DEFAULT)) replaced previous registration(ClobTypeDescriptor(DEFAULT))
2024-04-28T14:42:12.249-04:00 DEBUG 7452 --- [           main] o.h.t.d.jdbc.spi.JdbcTypeRegistry        : addDescriptor(2005, ClobTypeDescriptor(STREAM_BINDING)) replaced previous registration(ClobTypeDescriptor(DEFAULT))
2024-04-28T14:42:12.249-04:00 DEBUG 7452 --- [           main] o.h.t.d.jdbc.spi.JdbcTypeRegistry        : addDescriptor(BooleanTypeDescriptor) replaced previous registration(BooleanTypeDescriptor)
2024-04-28T14:42:12.249-04:00 DEBUG 7452 --- [           main] org.hibernate.type.BasicTypeRegistry     : Adding type registration null -> org.hibernate.type.NullType@53a65166
2024-04-28T14:42:12.249-04:00 DEBUG 7452 --- [           main] org.hibernate.type.BasicTypeRegistry     : Type registration key [null] overrode previous entry : `org.hibernate.type.NullType@153d14e3`
2024-04-28T14:42:12.249-04:00 DEBUG 7452 --- [           main] org.hibernate.type.BasicTypeRegistry     : Adding type registration JAVA_OBJECT -> org.hibernate.type.JavaObjectType@22aaa811
2024-04-28T14:42:12.249-04:00 DEBUG 7452 --- [           main] org.hibernate.type.BasicTypeRegistry     : Adding type registration java.lang.Object -> org.hibernate.type.JavaObjectType@22aaa811
2024-04-28T14:42:12.249-04:00 DEBUG 7452 --- [           main] org.hibernate.type.BasicTypeRegistry     : Type registration key [java.lang.Object] overrode previous entry : `org.hibernate.type.JavaObjectType@2f82e3cf`
2024-04-28T14:42:12.249-04:00 DEBUG 7452 --- [           main] org.hibernate.type.BasicTypeRegistry     : Adding type registration org.hibernate.type.DurationType -> basicType@22(java.time.Duration,3015)
2024-04-28T14:42:12.249-04:00 DEBUG 7452 --- [           main] org.hibernate.type.BasicTypeRegistry     : Adding type registration Duration -> basicType@22(java.time.Duration,3015)
2024-04-28T14:42:12.249-04:00 DEBUG 7452 --- [           main] org.hibernate.type.BasicTypeRegistry     : Adding type registration java.time.Duration -> basicType@22(java.time.Duration,3015)
2024-04-28T14:42:12.249-04:00 DEBUG 7452 --- [           main] o.h.type.spi.TypeConfiguration$Scope     : Scoping TypeConfiguration [org.hibernate.type.spi.TypeConfiguration@1df6f57d] to MetadataBuildingContext [org.hibernate.boot.internal.MetadataBuildingContextRootImpl@578036a2]
2024-04-28T14:42:12.249-04:00 DEBUG 7452 --- [           main] o.h.boot.model.relational.Namespace      : Created database namespace [logicalName=Name{catalog=null, schema=null}, physicalName=Name{catalog=null, schema=null}]
2024-04-28T14:42:12.249-04:00 DEBUG 7452 --- [           main] o.h.boot.model.internal.EntityBinder     : Binding entity from annotated class: com.example.demo.model.ConsultaMedica
2024-04-28T14:42:12.250-04:00 DEBUG 7452 --- [           main] o.h.boot.model.internal.EntityBinder     : Import with entity name ConsultaMedica
2024-04-28T14:42:12.250-04:00 DEBUG 7452 --- [           main] o.h.boot.model.internal.EntityBinder     : Bind entity com.example.demo.model.ConsultaMedica on table consulta_medica
2024-04-28T14:42:12.250-04:00 DEBUG 7452 --- [           main] o.h.boot.model.internal.AnnotatedColumn  : Binding column: AnnotatedDiscriminatorColumn(column='DTYPE')
2024-04-28T14:42:12.250-04:00 DEBUG 7452 --- [           main] o.h.boot.model.internal.AnnotatedColumn  : Binding column: AnnotatedColumn(column='id')
2024-04-28T14:42:12.250-04:00 DEBUG 7452 --- [           main] o.h.boot.internal.ClassLoaderAccessImpl  : Not known whether passed class name [com.example.demo.model.ConsultaMedica] is safe
2024-04-28T14:42:12.250-04:00 DEBUG 7452 --- [           main] o.h.boot.internal.ClassLoaderAccessImpl  : No temp ClassLoader provided; using live ClassLoader for loading potentially unsafe class : com.example.demo.model.ConsultaMedica
2024-04-28T14:42:12.250-04:00 DEBUG 7452 --- [           main] o.h.boot.model.internal.PropertyBinder   : MetadataSourceProcessor property id with lazy=false
2024-04-28T14:42:12.250-04:00 DEBUG 7452 --- [           main] o.h.b.m.internal.AbstractPropertyHolder  : Attempting to locate auto-apply AttributeConverter for property [com.example.demo.model.ConsultaMedica:id]
2024-04-28T14:42:12.250-04:00 DEBUG 7452 --- [           main] o.h.b.model.internal.BasicValueBinder    : building BasicValue for id
2024-04-28T14:42:12.250-04:00 DEBUG 7452 --- [           main] org.hibernate.mapping.BasicValue         : Skipping column re-registration: consulta_medica.id
2024-04-28T14:42:12.250-04:00 DEBUG 7452 --- [           main] o.h.boot.model.internal.PropertyBinder   : Building property id
2024-04-28T14:42:12.250-04:00 DEBUG 7452 --- [           main] o.h.boot.model.internal.BinderHelper     : #makeIdGenerator(BasicValue([Column(id)]), id, identity, , ...)
2024-04-28T14:42:12.250-04:00 DEBUG 7452 --- [           main] o.h.boot.model.internal.AnnotatedColumn  : Binding column: AnnotatedColumn(column='diagnostico')
2024-04-28T14:42:12.250-04:00 DEBUG 7452 --- [           main] o.h.boot.model.internal.PropertyBinder   : MetadataSourceProcessor property diagnostico with lazy=false
2024-04-28T14:42:12.250-04:00 DEBUG 7452 --- [           main] o.h.b.m.internal.AbstractPropertyHolder  : Attempting to locate auto-apply AttributeConverter for property [com.example.demo.model.ConsultaMedica:diagnostico]
2024-04-28T14:42:12.250-04:00 DEBUG 7452 --- [           main] o.h.b.model.internal.BasicValueBinder    : building BasicValue for diagnostico
2024-04-28T14:42:12.250-04:00 DEBUG 7452 --- [           main] org.hibernate.mapping.BasicValue         : Skipping column re-registration: consulta_medica.diagnostico
2024-04-28T14:42:12.251-04:00 DEBUG 7452 --- [           main] o.h.boot.model.internal.PropertyBinder   : Building property diagnostico
2024-04-28T14:42:12.251-04:00 DEBUG 7452 --- [           main] o.h.boot.model.internal.AnnotatedColumn  : Binding column: AnnotatedColumn(column='fecha')
2024-04-28T14:42:12.251-04:00 DEBUG 7452 --- [           main] o.h.boot.model.internal.PropertyBinder   : MetadataSourceProcessor property fecha with lazy=false
2024-04-28T14:42:12.251-04:00 DEBUG 7452 --- [           main] o.h.b.m.internal.AbstractPropertyHolder  : Attempting to locate auto-apply AttributeConverter for property [com.example.demo.model.ConsultaMedica:fecha]
2024-04-28T14:42:12.251-04:00 DEBUG 7452 --- [           main] o.h.b.model.internal.BasicValueBinder    : building BasicValue for fecha
2024-04-28T14:42:12.251-04:00 DEBUG 7452 --- [           main] org.hibernate.mapping.BasicValue         : Skipping column re-registration: consulta_medica.fecha
2024-04-28T14:42:12.251-04:00 DEBUG 7452 --- [           main] o.h.boot.model.internal.PropertyBinder   : Building property fecha
2024-04-28T14:42:12.251-04:00 DEBUG 7452 --- [           main] o.h.boot.model.internal.AnnotatedColumn  : Binding column: AnnotatedColumn(column='motivoConsulta')
2024-04-28T14:42:12.251-04:00 DEBUG 7452 --- [           main] o.h.boot.model.internal.PropertyBinder   : MetadataSourceProcessor property motivoConsulta with lazy=false
2024-04-28T14:42:12.251-04:00 DEBUG 7452 --- [           main] o.h.b.m.internal.AbstractPropertyHolder  : Attempting to locate auto-apply AttributeConverter for property [com.example.demo.model.ConsultaMedica:motivoConsulta]
2024-04-28T14:42:12.251-04:00 DEBUG 7452 --- [           main] o.h.b.model.internal.BasicValueBinder    : building BasicValue for motivoConsulta
2024-04-28T14:42:12.251-04:00 DEBUG 7452 --- [           main] org.hibernate.mapping.BasicValue         : Skipping column re-registration: consulta_medica.motivo_consulta
2024-04-28T14:42:12.251-04:00 DEBUG 7452 --- [           main] o.h.boot.model.internal.PropertyBinder   : Building property motivoConsulta
2024-04-28T14:42:12.251-04:00 DEBUG 7452 --- [           main] o.h.boot.model.internal.AnnotatedColumn  : Binding column: AnnotatedColumn(column='paciente_id')
2024-04-28T14:42:12.251-04:00 DEBUG 7452 --- [           main] o.h.boot.model.internal.PropertyBinder   : MetadataSourceProcessor property pacienteid with lazy=false
2024-04-28T14:42:12.251-04:00 DEBUG 7452 --- [           main] o.h.b.m.internal.AbstractPropertyHolder  : Attempting to locate auto-apply AttributeConverter for property [com.example.demo.model.ConsultaMedica:pacienteid]
2024-04-28T14:42:12.251-04:00 DEBUG 7452 --- [           main] o.h.b.model.internal.BasicValueBinder    : building BasicValue for pacienteid
2024-04-28T14:42:12.251-04:00 DEBUG 7452 --- [           main] org.hibernate.mapping.BasicValue         : Skipping column re-registration: consulta_medica.paciente_id
2024-04-28T14:42:12.251-04:00 DEBUG 7452 --- [           main] o.h.boot.model.internal.PropertyBinder   : Building property pacienteid
2024-04-28T14:42:12.252-04:00 DEBUG 7452 --- [           main] o.h.b.r.c.i.ClassLoaderServiceImpl       : HHH000194: Package not found or wo package-info.java: com.example.demo.model
2024-04-28T14:42:12.252-04:00 DEBUG 7452 --- [           main] o.h.boot.model.internal.EntityBinder     : Binding entity from annotated class: com.example.demo.model.Paciente
2024-04-28T14:42:12.252-04:00 DEBUG 7452 --- [           main] o.h.boot.model.internal.EntityBinder     : Import with entity name Paciente
2024-04-28T14:42:12.252-04:00 DEBUG 7452 --- [           main] o.h.boot.model.internal.EntityBinder     : Bind entity com.example.demo.model.Paciente on table paciente
2024-04-28T14:42:12.252-04:00 DEBUG 7452 --- [           main] o.h.boot.model.internal.AnnotatedColumn  : Binding column: AnnotatedDiscriminatorColumn(column='DTYPE')
2024-04-28T14:42:12.253-04:00 DEBUG 7452 --- [           main] o.h.boot.model.internal.AnnotatedColumn  : Binding column: AnnotatedColumn(column='id')
2024-04-28T14:42:12.253-04:00 DEBUG 7452 --- [           main] o.h.boot.internal.ClassLoaderAccessImpl  : Not known whether passed class name [com.example.demo.model.Paciente] is safe
2024-04-28T14:42:12.253-04:00 DEBUG 7452 --- [           main] o.h.boot.internal.ClassLoaderAccessImpl  : No temp ClassLoader provided; using live ClassLoader for loading potentially unsafe class : com.example.demo.model.Paciente
2024-04-28T14:42:12.253-04:00 DEBUG 7452 --- [           main] o.h.boot.model.internal.PropertyBinder   : MetadataSourceProcessor property id with lazy=false
2024-04-28T14:42:12.253-04:00 DEBUG 7452 --- [           main] o.h.b.m.internal.AbstractPropertyHolder  : Attempting to locate auto-apply AttributeConverter for property [com.example.demo.model.Paciente:id]
2024-04-28T14:42:12.253-04:00 DEBUG 7452 --- [           main] o.h.b.model.internal.BasicValueBinder    : building BasicValue for id
2024-04-28T14:42:12.253-04:00 DEBUG 7452 --- [           main] org.hibernate.mapping.BasicValue         : Skipping column re-registration: paciente.id
2024-04-28T14:42:12.253-04:00 DEBUG 7452 --- [           main] o.h.boot.model.internal.PropertyBinder   : Building property id
2024-04-28T14:42:12.253-04:00 DEBUG 7452 --- [           main] o.h.boot.model.internal.BinderHelper     : #makeIdGenerator(BasicValue([Column(id)]), id, identity, , ...)
2024-04-28T14:42:12.253-04:00 DEBUG 7452 --- [           main] o.h.boot.model.internal.AnnotatedColumn  : Binding column: AnnotatedColumn(column='apellido')
2024-04-28T14:42:12.253-04:00 DEBUG 7452 --- [           main] o.h.boot.model.internal.PropertyBinder   : MetadataSourceProcessor property apellido with lazy=false
2024-04-28T14:42:12.253-04:00 DEBUG 7452 --- [           main] o.h.b.m.internal.AbstractPropertyHolder  : Attempting to locate auto-apply AttributeConverter for property [com.example.demo.model.Paciente:apellido]
2024-04-28T14:42:12.253-04:00 DEBUG 7452 --- [           main] o.h.b.model.internal.BasicValueBinder    : building BasicValue for apellido
2024-04-28T14:42:12.253-04:00 DEBUG 7452 --- [           main] org.hibernate.mapping.BasicValue         : Skipping column re-registration: paciente.apellido
2024-04-28T14:42:12.253-04:00 DEBUG 7452 --- [           main] o.h.boot.model.internal.PropertyBinder   : Building property apellido
2024-04-28T14:42:12.253-04:00 DEBUG 7452 --- [           main] o.h.boot.model.internal.AnnotatedColumn  : Binding column: AnnotatedJoinColumn()
2024-04-28T14:42:12.253-04:00 DEBUG 7452 --- [           main] o.h.boot.model.internal.AnnotatedColumn  : Binding column: AnnotatedColumn()
2024-04-28T14:42:12.253-04:00 DEBUG 7452 --- [           main] o.h.boot.model.internal.AnnotatedColumn  : Binding column: IndexColumn(column='consultasMedicas_ORDER')
2024-04-28T14:42:12.253-04:00 DEBUG 7452 --- [           main] o.h.boot.model.internal.AnnotatedColumn  : Binding column: AnnotatedColumn()
2024-04-28T14:42:12.253-04:00 DEBUG 7452 --- [           main] o.h.boot.model.internal.AnnotatedColumn  : Binding column: AnnotatedColumn(column='consultasMedicas_KEY')
2024-04-28T14:42:12.253-04:00 DEBUG 7452 --- [           main] o.h.boot.model.internal.AnnotatedColumn  : Binding column: AnnotatedJoinColumn(column='consultasMedicas_KEY')
2024-04-28T14:42:12.253-04:00 DEBUG 7452 --- [           main] o.h.boot.model.internal.AnnotatedColumn  : Binding column: AnnotatedJoinColumn()
2024-04-28T14:42:12.253-04:00 DEBUG 7452 --- [           main] o.h.boot.model.internal.AnnotatedColumn  : Binding column: AnnotatedJoinColumn()
2024-04-28T14:42:12.253-04:00 DEBUG 7452 --- [           main] o.h.b.model.internal.CollectionBinder    : Collection role: com.example.demo.model.Paciente.consultasMedicas
2024-04-28T14:42:12.253-04:00 DEBUG 7452 --- [           main] o.h.boot.model.internal.PropertyBinder   : Building property consultasMedicas
2024-04-28T14:42:12.254-04:00 DEBUG 7452 --- [           main] o.h.boot.model.internal.AnnotatedColumn  : Binding column: AnnotatedColumn(column='direccion')
2024-04-28T14:42:12.254-04:00 DEBUG 7452 --- [           main] o.h.boot.model.internal.PropertyBinder   : MetadataSourceProcessor property direccion with lazy=false
2024-04-28T14:42:12.254-04:00 DEBUG 7452 --- [           main] o.h.b.m.internal.AbstractPropertyHolder  : Attempting to locate auto-apply AttributeConverter for property [com.example.demo.model.Paciente:direccion]
2024-04-28T14:42:12.254-04:00 DEBUG 7452 --- [           main] o.h.b.model.internal.BasicValueBinder    : building BasicValue for direccion
2024-04-28T14:42:12.254-04:00 DEBUG 7452 --- [           main] org.hibernate.mapping.BasicValue         : Skipping column re-registration: paciente.direccion
2024-04-28T14:42:12.254-04:00 DEBUG 7452 --- [           main] o.h.boot.model.internal.PropertyBinder   : Building property direccion
2024-04-28T14:42:12.254-04:00 DEBUG 7452 --- [           main] o.h.boot.model.internal.AnnotatedColumn  : Binding column: AnnotatedColumn(column='nombre')
2024-04-28T14:42:12.254-04:00 DEBUG 7452 --- [           main] o.h.boot.model.internal.PropertyBinder   : MetadataSourceProcessor property nombre with lazy=false
2024-04-28T14:42:12.254-04:00 DEBUG 7452 --- [           main] o.h.b.m.internal.AbstractPropertyHolder  : Attempting to locate auto-apply AttributeConverter for property [com.example.demo.model.Paciente:nombre]
2024-04-28T14:42:12.254-04:00 DEBUG 7452 --- [           main] o.h.b.model.internal.BasicValueBinder    : building BasicValue for nombre
2024-04-28T14:42:12.254-04:00 DEBUG 7452 --- [           main] org.hibernate.mapping.BasicValue         : Skipping column re-registration: paciente.nombre
2024-04-28T14:42:12.254-04:00 DEBUG 7452 --- [           main] o.h.boot.model.internal.PropertyBinder   : Building property nombre
2024-04-28T14:42:12.255-04:00 DEBUG 7452 --- [           main] o.h.boot.model.internal.AnnotatedColumn  : Binding column: AnnotatedColumn(column='rut')
2024-04-28T14:42:12.255-04:00 DEBUG 7452 --- [           main] o.h.boot.model.internal.PropertyBinder   : MetadataSourceProcessor property rut with lazy=false
2024-04-28T14:42:12.255-04:00 DEBUG 7452 --- [           main] o.h.b.m.internal.AbstractPropertyHolder  : Attempting to locate auto-apply AttributeConverter for property [com.example.demo.model.Paciente:rut]
2024-04-28T14:42:12.255-04:00 DEBUG 7452 --- [           main] o.h.b.model.internal.BasicValueBinder    : building BasicValue for rut
2024-04-28T14:42:12.255-04:00 DEBUG 7452 --- [           main] org.hibernate.mapping.BasicValue         : Skipping column re-registration: paciente.rut
2024-04-28T14:42:12.255-04:00 DEBUG 7452 --- [           main] o.h.boot.model.internal.PropertyBinder   : Building property rut
2024-04-28T14:42:12.255-04:00 DEBUG 7452 --- [           main] o.h.b.r.c.i.ClassLoaderServiceImpl       : HHH000194: Package not found or wo package-info.java: com.example.demo.model
2024-04-28T14:42:12.256-04:00 DEBUG 7452 --- [           main] o.h.b.model.internal.BasicValueBinder    : Starting `BasicValueBinder#fillSimpleValue` for id
2024-04-28T14:42:12.256-04:00 DEBUG 7452 --- [           main] o.h.b.model.internal.BasicValueBinder    : Starting `BasicValueBinder#fillSimpleValue` for diagnostico
2024-04-28T14:42:12.256-04:00 DEBUG 7452 --- [           main] o.h.b.model.internal.BasicValueBinder    : Starting `BasicValueBinder#fillSimpleValue` for fecha
2024-04-28T14:42:12.256-04:00 DEBUG 7452 --- [           main] o.h.b.model.internal.BasicValueBinder    : Starting `BasicValueBinder#fillSimpleValue` for motivoConsulta
2024-04-28T14:42:12.256-04:00 DEBUG 7452 --- [           main] o.h.b.model.internal.BasicValueBinder    : Starting `BasicValueBinder#fillSimpleValue` for pacienteid
2024-04-28T14:42:12.256-04:00 DEBUG 7452 --- [           main] o.h.b.model.internal.BasicValueBinder    : Starting `BasicValueBinder#fillSimpleValue` for id
2024-04-28T14:42:12.256-04:00 DEBUG 7452 --- [           main] o.h.b.model.internal.BasicValueBinder    : Starting `BasicValueBinder#fillSimpleValue` for apellido
2024-04-28T14:42:12.256-04:00 DEBUG 7452 --- [           main] o.h.b.model.internal.BasicValueBinder    : Starting `BasicValueBinder#fillSimpleValue` for direccion
2024-04-28T14:42:12.256-04:00 DEBUG 7452 --- [           main] o.h.b.model.internal.BasicValueBinder    : Starting `BasicValueBinder#fillSimpleValue` for nombre
2024-04-28T14:42:12.256-04:00 DEBUG 7452 --- [           main] o.h.b.model.internal.BasicValueBinder    : Starting `BasicValueBinder#fillSimpleValue` for rut
2024-04-28T14:42:12.256-04:00 DEBUG 7452 --- [           main] org.hibernate.mapping.PrimaryKey         : Forcing column [id] to be non-null as it is part of the primary key for table [consulta_medica]
2024-04-28T14:42:12.256-04:00 DEBUG 7452 --- [           main] org.hibernate.mapping.PrimaryKey         : Forcing column [id] to be non-null as it is part of the primary key for table [paciente]
2024-04-28T14:42:12.256-04:00 DEBUG 7452 --- [           main] o.h.b.m.internal.CollectionSecondPass    : Second pass for collection: com.example.demo.model.Paciente.consultasMedicas
2024-04-28T14:42:12.256-04:00 DEBUG 7452 --- [           main] o.h.b.model.internal.CollectionBinder    : Binding a OneToMany: com.example.demo.model.Paciente.consultasMedicas through a foreign key
2024-04-28T14:42:12.256-04:00 DEBUG 7452 --- [           main] o.h.b.model.internal.CollectionBinder    : Mapping collection: com.example.demo.model.Paciente.consultasMedicas -> consulta_medica
2024-04-28T14:42:12.256-04:00 DEBUG 7452 --- [           main] o.h.boot.model.internal.TableBinder      : Retrieving property com.example.demo.model.ConsultaMedica.pacienteid
2024-04-28T14:42:12.256-04:00 DEBUG 7452 --- [           main] o.h.b.m.internal.CollectionSecondPass    : Mapped collection key: paciente_id, one-to-many: com.example.demo.model.ConsultaMedica
2024-04-28T14:42:12.260-04:00 DEBUG 7452 --- [           main] o.hibernate.internal.SessionFactoryImpl  : Building session factory
2024-04-28T14:42:12.260-04:00 DEBUG 7452 --- [           main] .h.s.i.SessionFactoryServiceRegistryImpl : EventListenerRegistry access via ServiceRegistry is deprecated.  Use `sessionFactory.getEventEngine().getListenerRegistry()` instead
2024-04-28T14:42:12.261-04:00 DEBUG 7452 --- [           main] o.hibernate.internal.SessionFactoryImpl  : Instantiating SessionFactory with settings: {java.specification.version=21, sun.cpu.isalist=amd64, hibernate.resource.beans.container=org.springframework.orm.hibernate5.SpringBeanContainer@7e86ff3b, hibernate.connection.handling_mode=DELAYED_ACQUISITION_AND_HOLD, sun.jnu.encoding=Cp1252, hibernate.dialect=org.hibernate.dialect.OracleDialect, hibernate.implicit_naming_strategy=org.springframework.boot.orm.jpa.hibernate.SpringImplicitNamingStrategy, java.class.path=C:\Users\PC Gio\Documents\GitHub\sumativa2_microservicio_B\demo\target\test-classes;C:\Users\PC Gio\Documents\GitHub\sumativa2_microservicio_B\demo\target\classes;C:\Users\PC Gio\.m2\repository\org\springframework\boot\spring-boot-starter-data-jpa\3.2.4\spring-boot-starter-data-jpa-3.2.4.jar;C:\Users\PC Gio\.m2\repository\org\springframework\boot\spring-boot-starter-aop\3.2.4\spring-boot-starter-aop-3.2.4.jar;C:\Users\PC Gio\.m2\repository\org\springframework\spring-aop\6.1.5\spring-aop-6.1.5.jar;C:\Users\PC Gio\.m2\repository\org\aspectj\aspectjweaver\1.9.21\aspectjweaver-1.9.21.jar;C:\Users\PC Gio\.m2\repository\org\springframework\boot\spring-boot-starter-jdbc\3.2.4\spring-boot-starter-jdbc-3.2.4.jar;C:\Users\PC Gio\.m2\repository\com\zaxxer\HikariCP\5.0.1\HikariCP-5.0.1.jar;C:\Users\PC Gio\.m2\repository\org\springframework\spring-jdbc\6.1.5\spring-jdbc-6.1.5.jar;C:\Users\PC Gio\.m2\repository\org\hibernate\orm\hibernate-core\6.4.4.Final\hibernate-core-6.4.4.Final.jar;C:\Users\PC Gio\.m2\repository\jakarta\persistence\jakarta.persistence-api\3.1.0\jakarta.persistence-api-3.1.0.jar;C:\Users\PC Gio\.m2\repository\jakarta\transaction\jakarta.transaction-api\2.0.1\jakarta.transaction-api-2.0.1.jar;C:\Users\PC Gio\.m2\repository\org\jboss\logging\jboss-logging\3.5.3.Final\jboss-logging-3.5.3.Final.jar;C:\Users\PC Gio\.m2\repository\org\hibernate\common\hibernate-commons-annotations\6.0.6.Final\hibernate-commons-annotations-6.0.6.Final.jar;C:\Users\PC Gio\.m2\repository\io\smallrye\jandex\3.1.2\jandex-3.1.2.jar;C:\Users\PC Gio\.m2\repository\com\fasterxml\classmate\1.6.0\classmate-1.6.0.jar;C:\Users\PC Gio\.m2\repository\net\bytebuddy\byte-buddy\1.14.12\byte-buddy-1.14.12.jar;C:\Users\PC Gio\.m2\repository\org\glassfish\jaxb\jaxb-runtime\4.0.5\jaxb-runtime-4.0.5.jar;C:\Users\PC Gio\.m2\repository\org\glassfish\jaxb\jaxb-core\4.0.5\jaxb-core-4.0.5.jar;C:\Users\PC Gio\.m2\repository\org\eclipse\angus\angus-activation\2.0.2\angus-activation-2.0.2.jar;C:\Users\PC Gio\.m2\repository\org\glassfish\jaxb\txw2\4.0.5\txw2-4.0.5.jar;C:\Users\PC Gio\.m2\repository\com\sun\istack\istack-commons-runtime\4.1.2\istack-commons-runtime-4.1.2.jar;C:\Users\PC Gio\.m2\repository\jakarta\inject\jakarta.inject-api\2.0.1\jakarta.inject-api-2.0.1.jar;C:\Users\PC Gio\.m2\repository\org\antlr\antlr4-runtime\4.13.0\antlr4-runtime-4.13.0.jar;C:\Users\PC Gio\.m2\repository\org\springframework\data\spring-data-jpa\3.2.4\spring-data-jpa-3.2.4.jar;C:\Users\PC Gio\.m2\repository\org\springframework\data\spring-data-commons\3.2.4\spring-data-commons-3.2.4.jar;C:\Users\PC Gio\.m2\repository\org\springframework\spring-orm\6.1.5\spring-orm-6.1.5.jar;C:\Users\PC Gio\.m2\repository\org\springframework\spring-context\6.1.5\spring-context-6.1.5.jar;C:\Users\PC Gio\.m2\repository\org\springframework\spring-tx\6.1.5\spring-tx-6.1.5.jar;C:\Users\PC Gio\.m2\repository\org\springframework\spring-beans\6.1.5\spring-beans-6.1.5.jar;C:\Users\PC Gio\.m2\repository\jakarta\annotation\jakarta.annotation-api\2.1.1\jakarta.annotation-api-2.1.1.jar;C:\Users\PC Gio\.m2\repository\org\slf4j\slf4j-api\2.0.12\slf4j-api-2.0.12.jar;C:\Users\PC Gio\.m2\repository\org\springframework\spring-aspects\6.1.5\spring-aspects-6.1.5.jar;C:\Users\PC Gio\.m2\repository\org\springframework\boot\spring-boot-starter-web\3.2.4\spring-boot-starter-web-3.2.4.jar;C:\Users\PC Gio\.m2\repository\org\springframework\boot\spring-boot-starter\3.2.4\spring-boot-starter-3.2.4.jar;C:\Users\PC Gio\.m2\repository\org\springframework\boot\spring-boot-starter-logging\3.2.4\spring-boot-starter-logging-3.2.4.jar;C:\Users\PC Gio\.m2\repository\ch\qos\logback\logback-classic\1.4.14\logback-classic-1.4.14.jar;C:\Users\PC Gio\.m2\repository\ch\qos\logback\logback-core\1.4.14\logback-core-1.4.14.jar;C:\Users\PC Gio\.m2\repository\org\apache\logging\log4j\log4j-to-slf4j\2.21.1\log4j-to-slf4j-2.21.1.jar;C:\Users\PC Gio\.m2\repository\org\apache\logging\log4j\log4j-api\2.21.1\log4j-api-2.21.1.jar;C:\Users\PC Gio\.m2\repository\org\slf4j\jul-to-slf4j\2.0.12\jul-to-slf4j-2.0.12.jar;C:\Users\PC Gio\.m2\repository\org\yaml\snakeyaml\2.2\snakeyaml
[...]

   TransactionAutoConfiguration.EnableTransactionManagementConfiguration.CglibAutoProxyConfiguration matched:
      - @ConditionalOnProperty (spring.aop.proxy-target-class=true) matched (OnPropertyCondition)

   TransactionAutoConfiguration.TransactionTemplateConfiguration matched:
      - @ConditionalOnSingleCandidate (types: org.springframework.transaction.PlatformTransactionManager; SearchStrategy: all) found a single bean 'transactionManager' (OnBeanCondition)

   TransactionAutoConfiguration.TransactionTemplateConfiguration#transactionTemplate matched:
      - @ConditionalOnMissingBean (types: org.springframework.transaction.support.TransactionOperations; SearchStrategy: all) did not find any beans (OnBeanCondition)


Negative matches:
-----------------

   Cache2kCacheConfiguration:
      Did not match:
         - @ConditionalOnClass did not find required class 'org.cache2k.Cache2kBuilder' (OnClassCondition)

   CacheAutoConfiguration:
      Did not match:
         - @ConditionalOnBean (types: org.springframework.cache.interceptor.CacheAspectSupport; SearchStrategy: all) did not find any beans of type org.springframework.cache.interceptor.CacheAspectSupport (OnBeanCondition)
      Matched:
         - @ConditionalOnClass found required class 'org.springframework.cache.CacheManager' (OnClassCondition)

   CacheAutoConfiguration.CacheManagerEntityManagerFactoryDependsOnPostProcessor:
      Did not match:
         - Ancestor org.springframework.boot.autoconfigure.cache.CacheAutoConfiguration did not match (ConditionEvaluationReport.AncestorsMatchedCondition)
      Matched:
         - @ConditionalOnClass found required class 'org.springframework.orm.jpa.LocalContainerEntityManagerFactoryBean' (OnClassCondition)

   CaffeineCacheConfiguration:
      Did not match:
         - @ConditionalOnClass did not find required class 'com.github.benmanes.caffeine.cache.Caffeine' (OnClassCondition)

   CouchbaseCacheConfiguration:
      Did not match:
         - @ConditionalOnClass did not find required class 'com.couchbase.client.java.Cluster' (OnClassCondition)

   DataSourceAutoConfiguration.EmbeddedDatabaseConfiguration:
      Did not match:
         - EmbeddedDataSource spring.datasource.url is set (DataSourceAutoConfiguration.EmbeddedDatabaseCondition)

   DataSourceCheckpointRestoreConfiguration:
      Did not match:
         - @ConditionalOnClass did not find required class 'org.crac.Resource' (OnClassCondition)

   DataSourceConfiguration.Dbcp2:
      Did not match:
         - @ConditionalOnClass did not find required class 'org.apache.commons.dbcp2.BasicDataSource' (OnClassCondition)

   DataSourceConfiguration.Generic:
      Did not match:
         - @ConditionalOnProperty (spring.datasource.type) did not find property 'spring.datasource.type' (OnPropertyCondition)

   DataSourceConfiguration.OracleUcp:
      Did not match:
         - @ConditionalOnClass did not find required class 'oracle.ucp.jdbc.PoolDataSourceImpl' (OnClassCondition)

   DataSourceConfiguration.Tomcat:
      Did not match:
         - @ConditionalOnClass did not find required class 'org.apache.tomcat.jdbc.pool.DataSource' (OnClassCondition)

   DataSourceJmxConfiguration:
      Did not match:
         - @ConditionalOnProperty (spring.jmx.enabled=true) found different value in property 'enabled' (OnPropertyCondition)

   DataSourcePoolMetadataProvidersConfiguration.CommonsDbcp2PoolDataSourceMetadataProviderConfiguration:
      Did not match:
         - @ConditionalOnClass did not find required class 'org.apache.commons.dbcp2.BasicDataSource' (OnClassCondition)

   DataSourcePoolMetadataProvidersConfiguration.OracleUcpPoolDataSourceMetadataProviderConfiguration:
      Did not match:
         - @ConditionalOnClass did not find required class 'oracle.ucp.jdbc.PoolDataSource' (OnClassCondition)

   DataSourcePoolMetadataProvidersConfiguration.TomcatDataSourcePoolMetadataProviderConfiguration:
      Did not match:
         - @ConditionalOnClass did not find required class 'org.apache.tomcat.jdbc.pool.DataSource' (OnClassCondition)

   DataSourceTransactionManagerAutoConfiguration.JdbcTransactionManagerConfiguration#transactionManager:
      Did not match:
         - @ConditionalOnMissingBean (types: org.springframework.transaction.TransactionManager; SearchStrategy: all) found beans of type 'org.springframework.transaction.TransactionManager' transactionManager (OnBeanCondition)

   FlywayAutoConfiguration:
      Did not match:
         - @ConditionalOnClass did not find required class 'org.flywaydb.core.Flyway' (OnClassCondition)

   GenericCacheConfiguration:
      Did not match:
         - Cache org.springframework.boot.autoconfigure.cache.GenericCacheConfiguration unknown cache type (CacheCondition)

   HazelcastCacheConfiguration:
      Did not match:
         - @ConditionalOnClass did not find required class 'com.hazelcast.core.HazelcastInstance' (OnClassCondition)

   InfinispanCacheConfiguration:
      Did not match:
         - @ConditionalOnClass did not find required class 'org.infinispan.spring.embedded.provider.SpringEmbeddedCacheManager' (OnClassCondition)

   JCacheCacheConfiguration:
      Did not match:
         - @ConditionalOnClass did not find required class 'javax.cache.Caching' (OnClassCondition)

   JpaBaseConfiguration.JpaWebConfiguration:
      Did not match:
         - not a servlet web application (OnWebApplicationCondition)
      Matched:
         - @ConditionalOnClass found required class 'org.springframework.web.servlet.config.annotation.WebMvcConfigurer' (OnClassCondition)

   JpaRepositoriesAutoConfiguration#entityManagerFactoryBootstrapExecutorCustomizer:
      Did not match:
         - AnyNestedCondition 0 matched 2 did not; NestedCondition on JpaRepositoriesAutoConfiguration.BootstrapExecutorCondition.LazyBootstrapMode @ConditionalOnProperty (spring.data.jpa.repositories.bootstrap-mode=lazy) found different value in property 'bootstrap-mode'; NestedCondition on JpaRepositoriesAutoConfiguration.BootstrapExecutorCondition.DeferredBootstrapMode @ConditionalOnProperty (spring.data.jpa.repositories.bootstrap-mode=deferred) found different value in property 'bootstrap-mode' (JpaRepositoriesAutoConfiguration.BootstrapExecutorCondition)

   LiquibaseAutoConfiguration:
      Did not match:
         - @ConditionalOnClass did not find required class 'liquibase.change.DatabaseChange' (OnClassCondition)

   R2dbcInitializationConfiguration:
      Did not match:
         - @ConditionalOnClass did not find required classes 'io.r2dbc.spi.ConnectionFactory', 'org.springframework.r2dbc.connection.init.DatabasePopulator' (OnClassCondition)

   RedisCacheConfiguration:
      Did not match:
         - @ConditionalOnClass did not find required class 'org.springframework.data.redis.connection.RedisConnectionFactory' (OnClassCondition)

   SimpleCacheConfiguration:
      Did not match:
         - Cache org.springframework.boot.autoconfigure.cache.SimpleCacheConfiguration unknown cache type (CacheCondition)

   TestDatabaseAutoConfiguration#dataSource:
      Did not match:
         - @ConditionalOnProperty (spring.test.database.replace=AUTO_CONFIGURED) found different value in property 'replace' (OnPropertyCondition)

   TestDatabaseAutoConfiguration#embeddedDataSourceBeanFactoryPostProcessor:
      Did not match:
         - @ConditionalOnProperty (spring.test.database.replace=ANY) found different value in property 'replace' (OnPropertyCondition)

   TransactionAutoConfiguration#transactionalOperator:
      Did not match:
         - @ConditionalOnSingleCandidate (types: org.springframework.transaction.ReactiveTransactionManager; SearchStrategy: all) did not find any beans (OnBeanCondition)

   TransactionAutoConfiguration.AspectJTransactionManagementConfiguration:
      Did not match:
         - @ConditionalOnBean (types: org.springframework.transaction.aspectj.AbstractTransactionAspect; SearchStrategy: all) did not find any beans of type org.springframework.transaction.aspectj.AbstractTransactionAspect (OnBeanCondition)

   TransactionAutoConfiguration.EnableTransactionManagementConfiguration.JdkDynamicAutoProxyConfiguration:
      Did not match:
         - @ConditionalOnProperty (spring.aop.proxy-target-class=false) did not find property 'proxy-target-class' (OnPropertyCondition)


Exclusions:
-----------

    None


Unconditional classes:
----------------------

    org.springframework.boot.test.autoconfigure.jdbc.TestDatabaseAutoConfiguration



2024-04-28T14:42:12.334-04:00  INFO 7452 --- [           main] c.e.d.r.ConsultaMedicaRepositoryTest     : Started ConsultaMedicaRepositoryTest in 0.428 seconds (process running for 6.097)
2024-04-28T14:42:12.335-04:00 DEBUG 7452 --- [           main] org.springframework.test.context.cache   : Spring test ApplicationContext cache statistics: [DefaultContextCache@2499b971 size = 3, maxSize = 32, parentContextCount = 0, hitCount = 24, missCount = 3, failureCount = 0]
2024-04-28T14:42:12.336-04:00 DEBUG 7452 --- [           main] org.springframework.test.context.cache   : Spring test ApplicationContext cache statistics: [DefaultContextCache@2499b971 size = 3, maxSize = 32, parentContextCount = 0, hitCount = 25, missCount = 3, failureCount = 0]
2024-04-28T14:42:12.337-04:00 DEBUG 7452 --- [           main] sContextBeforeModesTestExecutionListener : Before test method: class [ConsultaMedicaRepositoryTest], method [guardarConsultaMedicaTest], class annotated with @DirtiesContext [false] with mode [null], method annotated with @DirtiesContext [false] with mode [null]
2024-04-28T14:42:12.339-04:00 DEBUG 7452 --- [           main] t.c.t.TransactionalTestExecutionListener : Explicit transaction definition [PROPAGATION_REQUIRED,ISOLATION_DEFAULT] found for test class [com.example.demo.repository.ConsultaMedicaRepositoryTest] and test method [guardarConsultaMedicaTest]
2024-04-28T14:42:12.339-04:00 DEBUG 7452 --- [           main] org.springframework.test.context.cache   : Spring test ApplicationContext cache statistics: [DefaultContextCache@2499b971 size = 3, maxSize = 32, parentContextCount = 0, hitCount = 26, missCount = 3, failureCount = 0]
2024-04-28T14:42:12.341-04:00 DEBUG 7452 --- [           main] t.c.t.TransactionalTestExecutionListener : No method-level @Rollback override: using default rollback [true] for test method [public void com.example.demo.repository.ConsultaMedicaRepositoryTest.guardarConsultaMedicaTest()]
2024-04-28T14:42:12.341-04:00 DEBUG 7452 --- [           main] o.s.orm.jpa.JpaTransactionManager        : Creating new transaction with name [com.example.demo.repository.ConsultaMedicaRepositoryTest.guardarConsultaMedicaTest]: PROPAGATION_REQUIRED,ISOLATION_DEFAULT
2024-04-28T14:42:12.342-04:00 DEBUG 7452 --- [           main] o.s.orm.jpa.JpaTransactionManager        : Opened new EntityManager [SessionImpl(1937115923<open>)] for JPA transaction
2024-04-28T14:42:12.344-04:00 DEBUG 7452 --- [           main] o.h.e.t.internal.TransactionImpl         : On TransactionImpl creation, JpaCompliance#isJpaTransactionComplianceEnabled == false
2024-04-28T14:42:12.344-04:00 DEBUG 7452 --- [           main] o.h.e.t.internal.TransactionImpl         : begin
2024-04-28T14:42:12.346-04:00 DEBUG 7452 --- [           main] o.s.orm.jpa.JpaTransactionManager        : Exposing JPA transaction as JDBC [org.springframework.orm.jpa.vendor.HibernateJpaDialect$HibernateConnectionHandle@6662af0a]
2024-04-28T14:42:12.347-04:00 DEBUG 7452 --- [           main] o.s.t.c.transaction.TransactionContext   : Began transaction (1) for test class [com.example.demo.repository.ConsultaMedicaRepositoryTest]; test method [guardarConsultaMedicaTest]; transaction manager [org.springframework.orm.jpa.JpaTransactionManager@4fddd42b]; rollback [true]
2024-04-28T14:42:12.347-04:00 DEBUG 7452 --- [           main] org.springframework.test.context.cache   : Spring test ApplicationContext cache statistics: [DefaultContextCache@2499b971 size = 3, maxSize = 32, parentContextCount = 0, hitCount = 27, missCount = 3, failureCount = 0]
2024-04-28T14:42:12.347-04:00 DEBUG 7452 --- [           main] org.springframework.test.context.cache   : Spring test ApplicationContext cache statistics: [DefaultContextCache@2499b971 size = 3, maxSize = 32, parentContextCount = 0, hitCount = 28, missCount = 3, failureCount = 0]
2024-04-28T14:42:12.348-04:00 DEBUG 7452 --- [           main] org.springframework.test.context.cache   : Spring test ApplicationContext cache statistics: [DefaultContextCache@2499b971 size = 3, maxSize = 32, parentContextCount = 0, hitCount = 29, missCount = 3, failureCount = 0]
2024-04-28T14:42:12.353-04:00 DEBUG 7452 --- [           main] o.s.orm.jpa.JpaTransactionManager        : Found thread-bound EntityManager [SessionImpl(1937115923<open>)] for JPA transaction
2024-04-28T14:42:12.353-04:00 DEBUG 7452 --- [           main] o.s.orm.jpa.JpaTransactionManager        : Participating in existing transaction
2024-04-28T14:42:12.357-04:00 DEBUG 7452 --- [           main] o.h.j.internal.PersistenceUnitUtilImpl   : jakarta.persistence.PersistenceUnitUtil.getIdentifier is only intended to work with enhanced entities (although Hibernate also adapts this support to its proxies); however the passed entity was not enhanced (nor a proxy).. may not be able to read identifier
2024-04-28T14:42:12.370-04:00 DEBUG 7452 --- [           main] org.hibernate.orm.sql.ast.create         : Created new SQL alias : cm1_0
2024-04-28T14:42:12.370-04:00 DEBUG 7452 --- [           main] org.hibernate.orm.sql.ast.create         : Registration of TableGroup [StandardTableGroup(com.example.demo.model.ConsultaMedica)] with identifierForTableGroup [com.example.demo.model.ConsultaMedica] for NavigablePath [com.example.demo.model.ConsultaMedica] 
2024-04-28T14:42:12.370-04:00 DEBUG 7452 --- [           main] org.hibernate.orm.results.graph.AST      : DomainResult Graph:
 \-EntityResultImpl [com.example.demo.model.ConsultaMedica]
 |  +-BasicFetch [com.example.demo.model.ConsultaMedica.diagnostico]
 |  +-BasicFetch [com.example.demo.model.ConsultaMedica.fecha]
 |  +-BasicFetch [com.example.demo.model.ConsultaMedica.motivoConsulta]
 |  \-BasicFetch [com.example.demo.model.ConsultaMedica.pacienteid]

2024-04-28T14:42:12.370-04:00 DEBUG 7452 --- [           main] org.hibernate.orm.sql.ast.tree           : SQL AST Tree:
    SelectStatement {
      FromClause {
        StandardTableGroup (cm1 : com.example.demo.model.ConsultaMedica) {
          primaryTableReference : consulta_medica as cm1_0
        }
      }
    }

2024-04-28T14:42:12.382-04:00 DEBUG 7452 --- [           main] org.hibernate.orm.sql.exec               : Skipping reading Query result cache data: cache-enabled = false, cache-mode = IGNORE
2024-04-28T14:42:12.393-04:00 DEBUG 7452 --- [           main] org.hibernate.orm.results                : Initializer list:
	  com.example.demo.model.ConsultaMedica -> EntityResultInitializer(com.example.demo.model.ConsultaMedica)@656802017 (SingleTableEntityPersister(com.example.demo.model.ConsultaMedica))

2024-04-28T14:42:12.399-04:00 DEBUG 7452 --- [           main] org.hibernate.SQL                        : select cm1_0.id,cm1_0.diagnostico,cm1_0.fecha,cm1_0.motivo_consulta,cm1_0.paciente_id from consulta_medica cm1_0 where cm1_0.id=?
Hibernate: select cm1_0.id,cm1_0.diagnostico,cm1_0.fecha,cm1_0.motivo_consulta,cm1_0.paciente_id from consulta_medica cm1_0 where cm1_0.id=?
2024-04-28T14:42:12.526-04:00 DEBUG 7452 --- [           main] o.hibernate.orm.results.loading.entity   : (EntityResultInitializer) Hydrated EntityKey (com.example.demo.model.ConsultaMedica): 1
2024-04-28T14:42:12.527-04:00 DEBUG 7452 --- [           main] o.hibernate.orm.results.loading.entity   : (EntityResultInitializer) Created new entity instance [com.example.demo.model.ConsultaMedica#1] : 1505200421
2024-04-28T14:42:12.527-04:00 DEBUG 7452 --- [           main] org.hibernate.orm.results                : Extracted JDBC value [1] - [Gripe común]
2024-04-28T14:42:12.528-04:00 DEBUG 7452 --- [           main] org.hibernate.orm.results                : Extracted JDBC value [2] - [2024-04-11]
2024-04-28T14:42:12.528-04:00 DEBUG 7452 --- [           main] org.hibernate.orm.results                : Extracted JDBC value [3] - [Fiebre y tos]
2024-04-28T14:42:12.528-04:00 DEBUG 7452 --- [           main] org.hibernate.orm.results                : Extracted JDBC value [4] - [1]
2024-04-28T14:42:12.530-04:00 DEBUG 7452 --- [           main] o.hibernate.orm.results.loading.entity   : (EntityResultInitializer) Done materializing entityInstance : com.example.demo.model.ConsultaMedica#1
2024-04-28T14:42:12.530-04:00 DEBUG 7452 --- [           main] org.hibernate.orm.results.loading        : Calling top-level assembler (0 / 1) : org.hibernate.sql.results.graph.entity.internal.EntityAssembler@7ba821ef
2024-04-28T14:42:12.539-04:00 DEBUG 7452 --- [           main] org.springframework.test.context.cache   : Spring test ApplicationContext cache statistics: [DefaultContextCache@2499b971 size = 3, maxSize = 32, parentContextCount = 0, hitCount = 30, missCount = 3, failureCount = 0]
2024-04-28T14:42:12.539-04:00 DEBUG 7452 --- [           main] org.springframework.test.context.cache   : Spring test ApplicationContext cache statistics: [DefaultContextCache@2499b971 size = 3, maxSize = 32, parentContextCount = 0, hitCount = 31, missCount = 3, failureCount = 0]
2024-04-28T14:42:12.539-04:00 DEBUG 7452 --- [           main] org.springframework.test.context.cache   : Spring test ApplicationContext cache statistics: [DefaultContextCache@2499b971 size = 3, maxSize = 32, parentContextCount = 0, hitCount = 32, missCount = 3, failureCount = 0]
2024-04-28T14:42:12.539-04:00 DEBUG 7452 --- [           main] org.springframework.test.context.cache   : Spring test ApplicationContext cache statistics: [DefaultContextCache@2499b971 size = 3, maxSize = 32, parentContextCount = 0, hitCount = 33, missCount = 3, failureCount = 0]
2024-04-28T14:42:12.539-04:00 DEBUG 7452 --- [           main] org.springframework.test.context.cache   : Spring test ApplicationContext cache statistics: [DefaultContextCache@2499b971 size = 3, maxSize = 32, parentContextCount = 0, hitCount = 34, missCount = 3, failureCount = 0]
2024-04-28T14:42:12.539-04:00 DEBUG 7452 --- [           main] org.springframework.test.context.cache   : Spring test ApplicationContext cache statistics: [DefaultContextCache@2499b971 size = 3, maxSize = 32, parentContextCount = 0, hitCount = 35, missCount = 3, failureCount = 0]
2024-04-28T14:42:12.540-04:00 DEBUG 7452 --- [           main] o.s.orm.jpa.JpaTransactionManager        : Initiating transaction rollback
2024-04-28T14:42:12.540-04:00 DEBUG 7452 --- [           main] o.s.orm.jpa.JpaTransactionManager        : Rolling back JPA transaction on EntityManager [SessionImpl(1937115923<open>)]
2024-04-28T14:42:12.540-04:00 DEBUG 7452 --- [           main] o.h.e.t.internal.TransactionImpl         : rolling back
2024-04-28T14:42:12.546-04:00 DEBUG 7452 --- [           main] o.s.orm.jpa.JpaTransactionManager        : Closing JPA EntityManager [SessionImpl(1937115923<open>)] after transaction
2024-04-28T14:42:12.546-04:00 DEBUG 7452 --- [           main] o.s.t.c.transaction.TransactionContext   : Rolled back transaction (1) for test class [com.example.demo.repository.ConsultaMedicaRepositoryTest]; test method [guardarConsultaMedicaTest]
2024-04-28T14:42:12.547-04:00 DEBUG 7452 --- [           main] .c.s.DirtiesContextTestExecutionListener : After test method: class [ConsultaMedicaRepositoryTest], method [guardarConsultaMedicaTest], class annotated with @DirtiesContext [false] with mode [null], method annotated with @DirtiesContext [false] with mode [null]
]]></system-out>
  </testcase>
</testsuite>